#
# There is insufficient memory for the Java Runtime Environment to continue.
# Native memory allocation (mmap) failed to map 65536 bytes for Failed to commit metaspace.
# Possible reasons:
#   The system is out of physical RAM or swap space
#   The process is running with CompressedOops enabled, and the Java Heap may be blocking the growth of the native heap
# Possible solutions:
#   Reduce memory load on the system
#   Increase physical memory or swap space
#   Check if swap backing store is full
#   Decrease Java heap size (-Xmx/-Xms)
#   Decrease number of Java threads
#   Decrease Java thread stack sizes (-Xss)
#   Set larger code cache with -XX:ReservedCodeCacheSize=
#   JVM is running with Zero Based Compressed Oops mode in which the Java heap is
#     placed in the first 32GB address space. The Java Heap base address is the
#     maximum limit for the native heap growth. Please use -XX:HeapBaseMinAddress
#     to set the Java Heap base and to place the Java Heap above 32GB virtual address.
# This output file may be truncated or incomplete.
#
#  Out of Memory Error (virtualSpaceNode.cpp:110), pid=6544, tid=3412
#
# JRE version: Java(TM) SE Runtime Environment (18.0.2.1+1) (build 18.0.2.1+1-1)
# Java VM: Java HotSpot(TM) 64-Bit Server VM (18.0.2.1+1-1, mixed mode, tiered, compressed oops, compressed class ptrs, g1 gc, windows-amd64)
# No core dump will be written. Minidumps are not enabled by default on client versions of Windows
#

---------------  S U M M A R Y ------------

Command Line: -XX:+ShowCodeDetailsInExceptionMessages -agentlib:jdwp=transport=dt_socket,suspend=y,address=localhost:62576 -javaagent:C:\Users\Diniz\eclipse\java-2022-06\eclipse\configuration\org.eclipse.osgi\215\0\.cp\lib\javaagent-shaded.jar -Dfile.encoding=UTF-8 --module-path=C:\Users\Diniz\eclipse-workspace\TrabalhoFinalLP2\bin;C:\Program Files\Java\javafx-sdk-20.0.1\lib\javafx-swt.jar;C:\Program Files\Java\javafx-sdk-20.0.1\lib\javafx.base.jar;C:\Program Files\Java\javafx-sdk-20.0.1\lib\javafx.controls.jar;C:\Program Files\Java\javafx-sdk-20.0.1\lib\javafx.fxml.jar;C:\Program Files\Java\javafx-sdk-20.0.1\lib\javafx.graphics.jar;C:\Program Files\Java\javafx-sdk-20.0.1\lib\javafx.media.jar;C:\Program Files\Java\javafx-sdk-20.0.1\lib\javafx.swing.jar;C:\Program Files\Java\javafx-sdk-20.0.1\lib\javafx.web.jar;C:\Users\Diniz\.p2\pool\plugins\org.eclipse.fx.ide.css.jfx8_3.8.0.202204150904.jar -Djdk.module.main=TrabalhoFinalLP2 TrabalhoFinalLP2/application.Main

Host: AMD Ryzen 5 2600X Six-Core Processor           , 12 cores, 15G,  Windows 11 , 64 bit Build 22000 (10.0.22000.2121)
Time: Fri Jun 23 23:50:00 2023 Hora oficial do Brasil elapsed time: 0.142942 seconds (0d 0h 0m 0s)

---------------  T H R E A D  ---------------

Current thread (0x000001c996a81b40):  JavaThread "main" [_thread_in_vm, id=3412, stack(0x000000a4e4c00000,0x000000a4e4d00000)]

Stack: [0x000000a4e4c00000,0x000000a4e4d00000]
Native frames: (J=compiled Java code, j=interpreted, Vv=VM code, C=native code)
V  [jvm.dll+0x6993aa]
V  [jvm.dll+0x7f46dd]
V  [jvm.dll+0x7f5fee]
V  [jvm.dll+0x7f66a3]
V  [jvm.dll+0x25cf1f]
V  [jvm.dll+0x7f03eb]
V  [jvm.dll+0x63f526]
V  [jvm.dll+0x63f58a]
V  [jvm.dll+0x641e0e]
V  [jvm.dll+0x641cce]
V  [jvm.dll+0x63feee]
V  [jvm.dll+0x252ab0]
V  [jvm.dll+0x20333d]
V  [jvm.dll+0x1f8d61]
V  [jvm.dll+0x55dc05]
V  [jvm.dll+0x209c17]
V  [jvm.dll+0x76dd8d]
V  [jvm.dll+0x76f0c6]
V  [jvm.dll+0x76f3f8]
V  [jvm.dll+0x255346]
V  [jvm.dll+0x25558f]
V  [jvm.dll+0x57c6c8]
V  [jvm.dll+0x57f537]
V  [jvm.dll+0x3a4da3]
V  [jvm.dll+0x3a443f]
C  0x000001c99e3e624c

Java frames: (J=compiled Java code, j=interpreted, Vv=VM code)
j  java.lang.module.ModuleDescriptor$1.resolveAndBind(Ljava/lang/module/ModuleFinder;Ljava/util/Collection;Ljava/io/PrintStream;)Ljava/lang/module/Configuration;+3 java.base@18.0.2.1
j  jdk.internal.module.Modules.newBootLayerConfiguration(Ljava/lang/module/ModuleFinder;Ljava/util/Collection;Ljava/io/PrintStream;)Ljava/lang/module/Configuration;+6 java.base@18.0.2.1
j  jdk.internal.module.ModuleBootstrap.boot2()Ljava/lang/ModuleLayer;+896 java.base@18.0.2.1
j  jdk.internal.module.ModuleBootstrap.boot()Ljava/lang/ModuleLayer;+64 java.base@18.0.2.1
j  java.lang.System.initPhase2(ZZ)I+0 java.base@18.0.2.1
v  ~StubRoutines::call_stub

---------------  P R O C E S S  ---------------

Threads class SMR info:
_java_thread_list=0x000001c9be02eb60, length=10, elements={
0x000001c996a81b40, 0x000001c9b9d32010, 0x000001c9b9d35a90, 0x000001c9be0217a0,
0x000001c9be022260, 0x000001c9be0232b0, 0x000001c9be027800, 0x000001c9be029320,
0x000001c9be02c260, 0x000001c9be037790
}

Java Threads: ( => current thread )
=>0x000001c996a81b40 JavaThread "main" [_thread_in_vm, id=3412, stack(0x000000a4e4c00000,0x000000a4e4d00000)]
  0x000001c9b9d32010 JavaThread "Reference Handler" daemon [_thread_blocked, id=25116, stack(0x000000a4e5300000,0x000000a4e5400000)]
  0x000001c9b9d35a90 JavaThread "Finalizer" daemon [_thread_blocked, id=25796, stack(0x000000a4e5400000,0x000000a4e5500000)]
  0x000001c9be0217a0 JavaThread "Signal Dispatcher" daemon [_thread_blocked, id=22972, stack(0x000000a4e5500000,0x000000a4e5600000)]
  0x000001c9be022260 JavaThread "Attach Listener" daemon [_thread_blocked, id=21572, stack(0x000000a4e5600000,0x000000a4e5700000)]
  0x000001c9be0232b0 JavaThread "Service Thread" daemon [_thread_blocked, id=13528, stack(0x000000a4e5700000,0x000000a4e5800000)]
  0x000001c9be027800 JavaThread "Monitor Deflation Thread" daemon [_thread_blocked, id=25740, stack(0x000000a4e5800000,0x000000a4e5900000)]
  0x000001c9be029320 JavaThread "C2 CompilerThread0" daemon [_thread_blocked, id=5688, stack(0x000000a4e5900000,0x000000a4e5a00000)]
  0x000001c9be02c260 JavaThread "C1 CompilerThread0" daemon [_thread_blocked, id=14516, stack(0x000000a4e5a00000,0x000000a4e5b00000)]
  0x000001c9be037790 JavaThread "Sweeper thread" daemon [_thread_blocked, id=13100, stack(0x000000a4e5b00000,0x000000a4e5c00000)]

Other Threads:
  0x000001c9b9d1a2c0 VMThread "VM Thread" [stack: 0x000000a4e5200000,0x000000a4e5300000] [id=14052]
  0x000001c996af5030 WorkerThread "GC Thread#0" [stack: 0x000000a4e4d00000,0x000000a4e4e00000] [id=13684]
  0x000001c996b06f20 ConcurrentGCThread "G1 Main Marker" [stack: 0x000000a4e4e00000,0x000000a4e4f00000] [id=15288]
  0x000001c996b08e70 WorkerThread "G1 Conc#0" [stack: 0x000000a4e4f00000,0x000000a4e5000000] [id=17308]
  0x000001c996b4ec50 ConcurrentGCThread "G1 Refine#0" [stack: 0x000000a4e5000000,0x000000a4e5100000] [id=12404]
  0x000001c9b9b728f0 ConcurrentGCThread "G1 Service" [stack: 0x000000a4e5100000,0x000000a4e5200000] [id=26892]

Threads with active compile tasks:

VM state: not at safepoint (normal execution)

VM Mutex/Monitor currently owned by a thread:  ([mutex/lock_event])
[0x000001c996a71900] Metaspace_lock - owner thread: 0x000001c996a81b40

Heap address: 0x0000000700c00000, size: 4084 MB, Compressed Oops mode: Zero based, Oop shift amount: 3

CDS archive(s) not mapped
Compressed class space mapped at: 0x0000000800000000-0x0000000840000000, reserved size: 1073741824
Narrow klass base: 0x0000000800000000, Narrow klass shift: 0, Narrow klass range: 0x40000000

GC Precious Log:
 CardTable entry size: 512
 Card Set container configuration: InlinePtr #cards 4 size 8 Array Of Cards #cards 16 size 48 Howl #buckets 8 coarsen threshold 3686 Howl Bitmap #cards 512 size 80 coarsen threshold 460 Card regions per heap region 1 cards per card region 4096
 CPUs: 12 total, 12 available
 Memory: 16333M
 Large Page Support: Disabled
 NUMA Support: Disabled
 Compressed Oops: Enabled (Zero based)
 Heap Region Size: 2M
 Heap Min Capacity: 8M
 Heap Initial Capacity: 256M
 Heap Max Capacity: 4084M
 Pre-touch: Disabled
 Parallel Workers: 10
 Concurrent Workers: 3
 Concurrent Refinement Workers: 10
 Periodic GC: Disabled

Heap:
 garbage-first heap   total 262144K, used 0K [0x0000000700c00000, 0x0000000800000000)
  region size 2048K, 1 young (2048K), 0 survivors (0K)
 Metaspace       used 3745K, committed 3776K, reserved 1114112K
  class space    used 289K, committed 320K, reserved 1048576K

Heap Regions: E=young(eden), S=young(survivor), O=old, HS=humongous(starts), HC=humongous(continues), CS=collection set, F=free, OA=open archive, CA=closed archive, TAMS=top-at-mark-start (previous, next)
|   0|0x0000000700c00000, 0x0000000700c00000, 0x0000000700e00000|  0%| F|  |TAMS 0x0000000700c00000, 0x0000000700c00000| Untracked 
|   1|0x0000000700e00000, 0x0000000700e00000, 0x0000000701000000|  0%| F|  |TAMS 0x0000000700e00000, 0x0000000700e00000| Untracked 
|   2|0x0000000701000000, 0x0000000701000000, 0x0000000701200000|  0%| F|  |TAMS 0x0000000701000000, 0x0000000701000000| Untracked 
|   3|0x0000000701200000, 0x0000000701200000, 0x0000000701400000|  0%| F|  |TAMS 0x0000000701200000, 0x0000000701200000| Untracked 
|   4|0x0000000701400000, 0x0000000701400000, 0x0000000701600000|  0%| F|  |TAMS 0x0000000701400000, 0x0000000701400000| Untracked 
|   5|0x0000000701600000, 0x0000000701600000, 0x0000000701800000|  0%| F|  |TAMS 0x0000000701600000, 0x0000000701600000| Untracked 
|   6|0x0000000701800000, 0x0000000701800000, 0x0000000701a00000|  0%| F|  |TAMS 0x0000000701800000, 0x0000000701800000| Untracked 
|   7|0x0000000701a00000, 0x0000000701a00000, 0x0000000701c00000|  0%| F|  |TAMS 0x0000000701a00000, 0x0000000701a00000| Untracked 
|   8|0x0000000701c00000, 0x0000000701c00000, 0x0000000701e00000|  0%| F|  |TAMS 0x0000000701c00000, 0x0000000701c00000| Untracked 
|   9|0x0000000701e00000, 0x0000000701e00000, 0x0000000702000000|  0%| F|  |TAMS 0x0000000701e00000, 0x0000000701e00000| Untracked 
|  10|0x0000000702000000, 0x0000000702000000, 0x0000000702200000|  0%| F|  |TAMS 0x0000000702000000, 0x0000000702000000| Untracked 
|  11|0x0000000702200000, 0x0000000702200000, 0x0000000702400000|  0%| F|  |TAMS 0x0000000702200000, 0x0000000702200000| Untracked 
|  12|0x0000000702400000, 0x0000000702400000, 0x0000000702600000|  0%| F|  |TAMS 0x0000000702400000, 0x0000000702400000| Untracked 
|  13|0x0000000702600000, 0x0000000702600000, 0x0000000702800000|  0%| F|  |TAMS 0x0000000702600000, 0x0000000702600000| Untracked 
|  14|0x0000000702800000, 0x0000000702800000, 0x0000000702a00000|  0%| F|  |TAMS 0x0000000702800000, 0x0000000702800000| Untracked 
|  15|0x0000000702a00000, 0x0000000702a00000, 0x0000000702c00000|  0%| F|  |TAMS 0x0000000702a00000, 0x0000000702a00000| Untracked 
|  16|0x0000000702c00000, 0x0000000702c00000, 0x0000000702e00000|  0%| F|  |TAMS 0x0000000702c00000, 0x0000000702c00000| Untracked 
|  17|0x0000000702e00000, 0x0000000702e00000, 0x0000000703000000|  0%| F|  |TAMS 0x0000000702e00000, 0x0000000702e00000| Untracked 
|  18|0x0000000703000000, 0x0000000703000000, 0x0000000703200000|  0%| F|  |TAMS 0x0000000703000000, 0x0000000703000000| Untracked 
|  19|0x0000000703200000, 0x0000000703200000, 0x0000000703400000|  0%| F|  |TAMS 0x0000000703200000, 0x0000000703200000| Untracked 
|  20|0x0000000703400000, 0x0000000703400000, 0x0000000703600000|  0%| F|  |TAMS 0x0000000703400000, 0x0000000703400000| Untracked 
|  21|0x0000000703600000, 0x0000000703600000, 0x0000000703800000|  0%| F|  |TAMS 0x0000000703600000, 0x0000000703600000| Untracked 
|  22|0x0000000703800000, 0x0000000703800000, 0x0000000703a00000|  0%| F|  |TAMS 0x0000000703800000, 0x0000000703800000| Untracked 
|  23|0x0000000703a00000, 0x0000000703a00000, 0x0000000703c00000|  0%| F|  |TAMS 0x0000000703a00000, 0x0000000703a00000| Untracked 
|  24|0x0000000703c00000, 0x0000000703c00000, 0x0000000703e00000|  0%| F|  |TAMS 0x0000000703c00000, 0x0000000703c00000| Untracked 
|  25|0x0000000703e00000, 0x0000000703e00000, 0x0000000704000000|  0%| F|  |TAMS 0x0000000703e00000, 0x0000000703e00000| Untracked 
|  26|0x0000000704000000, 0x0000000704000000, 0x0000000704200000|  0%| F|  |TAMS 0x0000000704000000, 0x0000000704000000| Untracked 
|  27|0x0000000704200000, 0x0000000704200000, 0x0000000704400000|  0%| F|  |TAMS 0x0000000704200000, 0x0000000704200000| Untracked 
|  28|0x0000000704400000, 0x0000000704400000, 0x0000000704600000|  0%| F|  |TAMS 0x0000000704400000, 0x0000000704400000| Untracked 
|  29|0x0000000704600000, 0x0000000704600000, 0x0000000704800000|  0%| F|  |TAMS 0x0000000704600000, 0x0000000704600000| Untracked 
|  30|0x0000000704800000, 0x0000000704800000, 0x0000000704a00000|  0%| F|  |TAMS 0x0000000704800000, 0x0000000704800000| Untracked 
|  31|0x0000000704a00000, 0x0000000704a00000, 0x0000000704c00000|  0%| F|  |TAMS 0x0000000704a00000, 0x0000000704a00000| Untracked 
|  32|0x0000000704c00000, 0x0000000704c00000, 0x0000000704e00000|  0%| F|  |TAMS 0x0000000704c00000, 0x0000000704c00000| Untracked 
|  33|0x0000000704e00000, 0x0000000704e00000, 0x0000000705000000|  0%| F|  |TAMS 0x0000000704e00000, 0x0000000704e00000| Untracked 
|  34|0x0000000705000000, 0x0000000705000000, 0x0000000705200000|  0%| F|  |TAMS 0x0000000705000000, 0x0000000705000000| Untracked 
|  35|0x0000000705200000, 0x0000000705200000, 0x0000000705400000|  0%| F|  |TAMS 0x0000000705200000, 0x0000000705200000| Untracked 
|  36|0x0000000705400000, 0x0000000705400000, 0x0000000705600000|  0%| F|  |TAMS 0x0000000705400000, 0x0000000705400000| Untracked 
|  37|0x0000000705600000, 0x0000000705600000, 0x0000000705800000|  0%| F|  |TAMS 0x0000000705600000, 0x0000000705600000| Untracked 
|  38|0x0000000705800000, 0x0000000705800000, 0x0000000705a00000|  0%| F|  |TAMS 0x0000000705800000, 0x0000000705800000| Untracked 
|  39|0x0000000705a00000, 0x0000000705a00000, 0x0000000705c00000|  0%| F|  |TAMS 0x0000000705a00000, 0x0000000705a00000| Untracked 
|  40|0x0000000705c00000, 0x0000000705c00000, 0x0000000705e00000|  0%| F|  |TAMS 0x0000000705c00000, 0x0000000705c00000| Untracked 
|  41|0x0000000705e00000, 0x0000000705e00000, 0x0000000706000000|  0%| F|  |TAMS 0x0000000705e00000, 0x0000000705e00000| Untracked 
|  42|0x0000000706000000, 0x0000000706000000, 0x0000000706200000|  0%| F|  |TAMS 0x0000000706000000, 0x0000000706000000| Untracked 
|  43|0x0000000706200000, 0x0000000706200000, 0x0000000706400000|  0%| F|  |TAMS 0x0000000706200000, 0x0000000706200000| Untracked 
|  44|0x0000000706400000, 0x0000000706400000, 0x0000000706600000|  0%| F|  |TAMS 0x0000000706400000, 0x0000000706400000| Untracked 
|  45|0x0000000706600000, 0x0000000706600000, 0x0000000706800000|  0%| F|  |TAMS 0x0000000706600000, 0x0000000706600000| Untracked 
|  46|0x0000000706800000, 0x0000000706800000, 0x0000000706a00000|  0%| F|  |TAMS 0x0000000706800000, 0x0000000706800000| Untracked 
|  47|0x0000000706a00000, 0x0000000706a00000, 0x0000000706c00000|  0%| F|  |TAMS 0x0000000706a00000, 0x0000000706a00000| Untracked 
|  48|0x0000000706c00000, 0x0000000706c00000, 0x0000000706e00000|  0%| F|  |TAMS 0x0000000706c00000, 0x0000000706c00000| Untracked 
|  49|0x0000000706e00000, 0x0000000706e00000, 0x0000000707000000|  0%| F|  |TAMS 0x0000000706e00000, 0x0000000706e00000| Untracked 
|  50|0x0000000707000000, 0x0000000707000000, 0x0000000707200000|  0%| F|  |TAMS 0x0000000707000000, 0x0000000707000000| Untracked 
|  51|0x0000000707200000, 0x0000000707200000, 0x0000000707400000|  0%| F|  |TAMS 0x0000000707200000, 0x0000000707200000| Untracked 
|  52|0x0000000707400000, 0x0000000707400000, 0x0000000707600000|  0%| F|  |TAMS 0x0000000707400000, 0x0000000707400000| Untracked 
|  53|0x0000000707600000, 0x0000000707600000, 0x0000000707800000|  0%| F|  |TAMS 0x0000000707600000, 0x0000000707600000| Untracked 
|  54|0x0000000707800000, 0x0000000707800000, 0x0000000707a00000|  0%| F|  |TAMS 0x0000000707800000, 0x0000000707800000| Untracked 
|  55|0x0000000707a00000, 0x0000000707a00000, 0x0000000707c00000|  0%| F|  |TAMS 0x0000000707a00000, 0x0000000707a00000| Untracked 
|  56|0x0000000707c00000, 0x0000000707c00000, 0x0000000707e00000|  0%| F|  |TAMS 0x0000000707c00000, 0x0000000707c00000| Untracked 
|  57|0x0000000707e00000, 0x0000000707e00000, 0x0000000708000000|  0%| F|  |TAMS 0x0000000707e00000, 0x0000000707e00000| Untracked 
|  58|0x0000000708000000, 0x0000000708000000, 0x0000000708200000|  0%| F|  |TAMS 0x0000000708000000, 0x0000000708000000| Untracked 
|  59|0x0000000708200000, 0x0000000708200000, 0x0000000708400000|  0%| F|  |TAMS 0x0000000708200000, 0x0000000708200000| Untracked 
|  60|0x0000000708400000, 0x0000000708400000, 0x0000000708600000|  0%| F|  |TAMS 0x0000000708400000, 0x0000000708400000| Untracked 
|  61|0x0000000708600000, 0x0000000708600000, 0x0000000708800000|  0%| F|  |TAMS 0x0000000708600000, 0x0000000708600000| Untracked 
|  62|0x0000000708800000, 0x0000000708800000, 0x0000000708a00000|  0%| F|  |TAMS 0x0000000708800000, 0x0000000708800000| Untracked 
|  63|0x0000000708a00000, 0x0000000708a00000, 0x0000000708c00000|  0%| F|  |TAMS 0x0000000708a00000, 0x0000000708a00000| Untracked 
|  64|0x0000000708c00000, 0x0000000708c00000, 0x0000000708e00000|  0%| F|  |TAMS 0x0000000708c00000, 0x0000000708c00000| Untracked 
|  65|0x0000000708e00000, 0x0000000708e00000, 0x0000000709000000|  0%| F|  |TAMS 0x0000000708e00000, 0x0000000708e00000| Untracked 
|  66|0x0000000709000000, 0x0000000709000000, 0x0000000709200000|  0%| F|  |TAMS 0x0000000709000000, 0x0000000709000000| Untracked 
|  67|0x0000000709200000, 0x0000000709200000, 0x0000000709400000|  0%| F|  |TAMS 0x0000000709200000, 0x0000000709200000| Untracked 
|  68|0x0000000709400000, 0x0000000709400000, 0x0000000709600000|  0%| F|  |TAMS 0x0000000709400000, 0x0000000709400000| Untracked 
|  69|0x0000000709600000, 0x0000000709600000, 0x0000000709800000|  0%| F|  |TAMS 0x0000000709600000, 0x0000000709600000| Untracked 
|  70|0x0000000709800000, 0x0000000709800000, 0x0000000709a00000|  0%| F|  |TAMS 0x0000000709800000, 0x0000000709800000| Untracked 
|  71|0x0000000709a00000, 0x0000000709a00000, 0x0000000709c00000|  0%| F|  |TAMS 0x0000000709a00000, 0x0000000709a00000| Untracked 
|  72|0x0000000709c00000, 0x0000000709c00000, 0x0000000709e00000|  0%| F|  |TAMS 0x0000000709c00000, 0x0000000709c00000| Untracked 
|  73|0x0000000709e00000, 0x0000000709e00000, 0x000000070a000000|  0%| F|  |TAMS 0x0000000709e00000, 0x0000000709e00000| Untracked 
|  74|0x000000070a000000, 0x000000070a000000, 0x000000070a200000|  0%| F|  |TAMS 0x000000070a000000, 0x000000070a000000| Untracked 
|  75|0x000000070a200000, 0x000000070a200000, 0x000000070a400000|  0%| F|  |TAMS 0x000000070a200000, 0x000000070a200000| Untracked 
|  76|0x000000070a400000, 0x000000070a400000, 0x000000070a600000|  0%| F|  |TAMS 0x000000070a400000, 0x000000070a400000| Untracked 
|  77|0x000000070a600000, 0x000000070a600000, 0x000000070a800000|  0%| F|  |TAMS 0x000000070a600000, 0x000000070a600000| Untracked 
|  78|0x000000070a800000, 0x000000070a800000, 0x000000070aa00000|  0%| F|  |TAMS 0x000000070a800000, 0x000000070a800000| Untracked 
|  79|0x000000070aa00000, 0x000000070aa00000, 0x000000070ac00000|  0%| F|  |TAMS 0x000000070aa00000, 0x000000070aa00000| Untracked 
|  80|0x000000070ac00000, 0x000000070ac00000, 0x000000070ae00000|  0%| F|  |TAMS 0x000000070ac00000, 0x000000070ac00000| Untracked 
|  81|0x000000070ae00000, 0x000000070ae00000, 0x000000070b000000|  0%| F|  |TAMS 0x000000070ae00000, 0x000000070ae00000| Untracked 
|  82|0x000000070b000000, 0x000000070b000000, 0x000000070b200000|  0%| F|  |TAMS 0x000000070b000000, 0x000000070b000000| Untracked 
|  83|0x000000070b200000, 0x000000070b200000, 0x000000070b400000|  0%| F|  |TAMS 0x000000070b200000, 0x000000070b200000| Untracked 
|  84|0x000000070b400000, 0x000000070b400000, 0x000000070b600000|  0%| F|  |TAMS 0x000000070b400000, 0x000000070b400000| Untracked 
|  85|0x000000070b600000, 0x000000070b600000, 0x000000070b800000|  0%| F|  |TAMS 0x000000070b600000, 0x000000070b600000| Untracked 
|  86|0x000000070b800000, 0x000000070b800000, 0x000000070ba00000|  0%| F|  |TAMS 0x000000070b800000, 0x000000070b800000| Untracked 
|  87|0x000000070ba00000, 0x000000070ba00000, 0x000000070bc00000|  0%| F|  |TAMS 0x000000070ba00000, 0x000000070ba00000| Untracked 
|  88|0x000000070bc00000, 0x000000070bc00000, 0x000000070be00000|  0%| F|  |TAMS 0x000000070bc00000, 0x000000070bc00000| Untracked 
|  89|0x000000070be00000, 0x000000070be00000, 0x000000070c000000|  0%| F|  |TAMS 0x000000070be00000, 0x000000070be00000| Untracked 
|  90|0x000000070c000000, 0x000000070c000000, 0x000000070c200000|  0%| F|  |TAMS 0x000000070c000000, 0x000000070c000000| Untracked 
|  91|0x000000070c200000, 0x000000070c200000, 0x000000070c400000|  0%| F|  |TAMS 0x000000070c200000, 0x000000070c200000| Untracked 
|  92|0x000000070c400000, 0x000000070c400000, 0x000000070c600000|  0%| F|  |TAMS 0x000000070c400000, 0x000000070c400000| Untracked 
|  93|0x000000070c600000, 0x000000070c600000, 0x000000070c800000|  0%| F|  |TAMS 0x000000070c600000, 0x000000070c600000| Untracked 
|  94|0x000000070c800000, 0x000000070c800000, 0x000000070ca00000|  0%| F|  |TAMS 0x000000070c800000, 0x000000070c800000| Untracked 
|  95|0x000000070ca00000, 0x000000070ca00000, 0x000000070cc00000|  0%| F|  |TAMS 0x000000070ca00000, 0x000000070ca00000| Untracked 
|  96|0x000000070cc00000, 0x000000070cc00000, 0x000000070ce00000|  0%| F|  |TAMS 0x000000070cc00000, 0x000000070cc00000| Untracked 
|  97|0x000000070ce00000, 0x000000070ce00000, 0x000000070d000000|  0%| F|  |TAMS 0x000000070ce00000, 0x000000070ce00000| Untracked 
|  98|0x000000070d000000, 0x000000070d000000, 0x000000070d200000|  0%| F|  |TAMS 0x000000070d000000, 0x000000070d000000| Untracked 
|  99|0x000000070d200000, 0x000000070d200000, 0x000000070d400000|  0%| F|  |TAMS 0x000000070d200000, 0x000000070d200000| Untracked 
| 100|0x000000070d400000, 0x000000070d400000, 0x000000070d600000|  0%| F|  |TAMS 0x000000070d400000, 0x000000070d400000| Untracked 
| 101|0x000000070d600000, 0x000000070d600000, 0x000000070d800000|  0%| F|  |TAMS 0x000000070d600000, 0x000000070d600000| Untracked 
| 102|0x000000070d800000, 0x000000070d800000, 0x000000070da00000|  0%| F|  |TAMS 0x000000070d800000, 0x000000070d800000| Untracked 
| 103|0x000000070da00000, 0x000000070da00000, 0x000000070dc00000|  0%| F|  |TAMS 0x000000070da00000, 0x000000070da00000| Untracked 
| 104|0x000000070dc00000, 0x000000070dc00000, 0x000000070de00000|  0%| F|  |TAMS 0x000000070dc00000, 0x000000070dc00000| Untracked 
| 105|0x000000070de00000, 0x000000070de00000, 0x000000070e000000|  0%| F|  |TAMS 0x000000070de00000, 0x000000070de00000| Untracked 
| 106|0x000000070e000000, 0x000000070e000000, 0x000000070e200000|  0%| F|  |TAMS 0x000000070e000000, 0x000000070e000000| Untracked 
| 107|0x000000070e200000, 0x000000070e200000, 0x000000070e400000|  0%| F|  |TAMS 0x000000070e200000, 0x000000070e200000| Untracked 
| 108|0x000000070e400000, 0x000000070e400000, 0x000000070e600000|  0%| F|  |TAMS 0x000000070e400000, 0x000000070e400000| Untracked 
| 109|0x000000070e600000, 0x000000070e600000, 0x000000070e800000|  0%| F|  |TAMS 0x000000070e600000, 0x000000070e600000| Untracked 
| 110|0x000000070e800000, 0x000000070e800000, 0x000000070ea00000|  0%| F|  |TAMS 0x000000070e800000, 0x000000070e800000| Untracked 
| 111|0x000000070ea00000, 0x000000070ea00000, 0x000000070ec00000|  0%| F|  |TAMS 0x000000070ea00000, 0x000000070ea00000| Untracked 
| 112|0x000000070ec00000, 0x000000070ec00000, 0x000000070ee00000|  0%| F|  |TAMS 0x000000070ec00000, 0x000000070ec00000| Untracked 
| 113|0x000000070ee00000, 0x000000070ee00000, 0x000000070f000000|  0%| F|  |TAMS 0x000000070ee00000, 0x000000070ee00000| Untracked 
| 114|0x000000070f000000, 0x000000070f000000, 0x000000070f200000|  0%| F|  |TAMS 0x000000070f000000, 0x000000070f000000| Untracked 
| 115|0x000000070f200000, 0x000000070f200000, 0x000000070f400000|  0%| F|  |TAMS 0x000000070f200000, 0x000000070f200000| Untracked 
| 116|0x000000070f400000, 0x000000070f400000, 0x000000070f600000|  0%| F|  |TAMS 0x000000070f400000, 0x000000070f400000| Untracked 
| 117|0x000000070f600000, 0x000000070f600000, 0x000000070f800000|  0%| F|  |TAMS 0x000000070f600000, 0x000000070f600000| Untracked 
| 118|0x000000070f800000, 0x000000070f800000, 0x000000070fa00000|  0%| F|  |TAMS 0x000000070f800000, 0x000000070f800000| Untracked 
| 119|0x000000070fa00000, 0x000000070fa00000, 0x000000070fc00000|  0%| F|  |TAMS 0x000000070fa00000, 0x000000070fa00000| Untracked 
| 120|0x000000070fc00000, 0x000000070fc00000, 0x000000070fe00000|  0%| F|  |TAMS 0x000000070fc00000, 0x000000070fc00000| Untracked 
| 121|0x000000070fe00000, 0x000000070fe00000, 0x0000000710000000|  0%| F|  |TAMS 0x000000070fe00000, 0x000000070fe00000| Untracked 
| 122|0x0000000710000000, 0x0000000710000000, 0x0000000710200000|  0%| F|  |TAMS 0x0000000710000000, 0x0000000710000000| Untracked 
| 123|0x0000000710200000, 0x0000000710200000, 0x0000000710400000|  0%| F|  |TAMS 0x0000000710200000, 0x0000000710200000| Untracked 
| 124|0x0000000710400000, 0x0000000710400000, 0x0000000710600000|  0%| F|  |TAMS 0x0000000710400000, 0x0000000710400000| Untracked 
| 125|0x0000000710600000, 0x0000000710600000, 0x0000000710800000|  0%| F|  |TAMS 0x0000000710600000, 0x0000000710600000| Untracked 
| 126|0x0000000710800000, 0x0000000710800000, 0x0000000710a00000|  0%| F|  |TAMS 0x0000000710800000, 0x0000000710800000| Untracked 
| 127|0x0000000710a00000, 0x0000000710ae15a8, 0x0000000710c00000| 44%| E|  |TAMS 0x0000000710a00000, 0x0000000710a00000| Complete 

Card table byte_map: [0x000001c9ae120000,0x000001c9ae920000] _byte_map_base: 0x000001c9aa91a000

Marking Bits (Prev, Next): (CMBitMap*) 0x000001c996af6550, (CMBitMap*) 0x000001c996af6590
 Prev Bits: [0x000001c9af120000, 0x000001c9b30f0000)
 Next Bits: [0x000001c9b30f0000, 0x000001c9b70c0000)

Polling page: 0x000001c996250000

Metaspace:

Usage:
  Non-class:      3.37 MB used.
      Class:    289.48 KB used.
       Both:      3.66 MB used.

Virtual space:
  Non-class space:       64.00 MB reserved,       3.38 MB (  5%) committed,  1 nodes.
      Class space:        1.00 GB reserved,     320.00 KB ( <1%) committed,  1 nodes.
             Both:        1.06 GB reserved,       3.69 MB ( <1%) committed. 

Chunk freelists:
   Non-Class:  0 bytes
       Class:  3.62 MB
        Both:  3.62 MB

MaxMetaspaceSize: unlimited
CompressedClassSpaceSize: 1.00 GB
Initial GC threshold: 21.00 MB
Current GC threshold: 21.00 MB
CDS: off
MetaspaceReclaimPolicy: balanced
 - commit_granule_bytes: 65536.
 - commit_granule_words: 8192.
 - virtual_space_node_default_size: 8388608.
 - enlarge_chunks_in_place: 1.
 - new_chunks_are_fully_committed: 0.
 - uncommit_free_chunks: 1.
 - use_allocation_guard: 0.


Internal statistics:

num_allocs_failed_limit: 0.
num_arena_births: 2.
num_arena_deaths: 0.
num_vsnodes_births: 2.
num_vsnodes_deaths: 0.
num_space_committed: 59.
num_space_uncommitted: 0.
num_chunks_returned_to_freelist: 0.
num_chunks_taken_from_freelist: 4.
num_chunk_merges: 0.
num_chunk_splits: 1.
num_chunks_enlarged: 0.
num_inconsistent_stats: 0.

CodeHeap 'non-profiled nmethods': size=120000Kb used=4Kb max_used=4Kb free=119995Kb
 bounds [0x000001c9a5e90000, 0x000001c9a6100000, 0x000001c9ad3c0000]
CodeHeap 'profiled nmethods': size=120000Kb used=46Kb max_used=46Kb free=119953Kb
 bounds [0x000001c99e960000, 0x000001c99ebd0000, 0x000001c9a5e90000]
CodeHeap 'non-nmethods': size=5760Kb used=1112Kb max_used=1124Kb free=4647Kb
 bounds [0x000001c99e3c0000, 0x000001c99e630000, 0x000001c99e960000]
 total_blobs=329 nmethods=40 adapters=202
 compilation: enabled
              stopped_count=0, restarted_count=0
 full_count=0

Compilation events (20 events):
Event: 0.133 Thread 0x000001c9be02c260   30       3       java.lang.String::coder (15 bytes)
Event: 0.133 Thread 0x000001c9be02c260 nmethod 30 0x000001c99e969690 code [0x000001c99e969820, 0x000001c99e969958]
Event: 0.133 Thread 0x000001c9be02c260   31       1       java.lang.module.ModuleDescriptor::name (5 bytes)
Event: 0.133 Thread 0x000001c9be02c260 nmethod 31 0x000001c9a5e90710 code [0x000001c9a5e908a0, 0x000001c9a5e90978]
Event: 0.133 Thread 0x000001c9be02c260   33       1       java.lang.module.ModuleReference::descriptor (5 bytes)
Event: 0.133 Thread 0x000001c9be02c260 nmethod 33 0x000001c9a5e90e10 code [0x000001c9a5e90fa0, 0x000001c9a5e91078]
Event: 0.133 Thread 0x000001c9be02c260   34       3       java.net.URI::hash (33 bytes)
Event: 0.134 Thread 0x000001c9be02c260 nmethod 34 0x000001c99e969a10 code [0x000001c99e969c00, 0x000001c99e96a0b8]
Event: 0.137 Thread 0x000001c9be02c260   35       3       java.lang.String::isEmpty (14 bytes)
Event: 0.137 Thread 0x000001c9be02c260 nmethod 35 0x000001c99e96a290 code [0x000001c99e96a420, 0x000001c99e96a598]
Event: 0.140 Thread 0x000001c9be02c260   36       3       java.util.ImmutableCollections$SetN$SetNIterator::hasNext (13 bytes)
Event: 0.140 Thread 0x000001c9be02c260 nmethod 36 0x000001c99e96a690 code [0x000001c99e96a820, 0x000001c99e96a998]
Event: 0.140 Thread 0x000001c9be02c260   37       3       java.util.concurrent.ConcurrentHashMap::tabAt (22 bytes)
Event: 0.141 Thread 0x000001c9be02c260 nmethod 37 0x000001c99e96aa10 code [0x000001c99e96abc0, 0x000001c99e96aeb8]
Event: 0.141 Thread 0x000001c9be02c260   38       3       jdk.internal.misc.Unsafe::getReferenceAcquire (7 bytes)
Event: 0.141 Thread 0x000001c9be02c260 nmethod 38 0x000001c99e96af90 code [0x000001c99e96b120, 0x000001c99e96b298]
Event: 0.141 Thread 0x000001c9be02c260   39       3       java.util.concurrent.ConcurrentHashMap::spread (10 bytes)
Event: 0.141 Thread 0x000001c9be02c260 nmethod 39 0x000001c99e96b310 code [0x000001c99e96b4a0, 0x000001c99e96b598]
Event: 0.141 Thread 0x000001c9be02c260   40       3       java.util.HashMap::hash (20 bytes)
Event: 0.141 Thread 0x000001c9be02c260 nmethod 40 0x000001c99e96b610 code [0x000001c99e96b7c0, 0x000001c99e96b9e8]

GC Heap History (0 events):
No events

Deoptimization events (0 events):
No events

Classes loaded (20 events):
Event: 0.139 Loading class java/util/Deque
Event: 0.139 Loading class java/util/Queue
Event: 0.139 Loading class java/util/Queue done
Event: 0.139 Loading class java/util/Deque done
Event: 0.139 Loading class java/util/ArrayDeque done
Event: 0.139 Loading class jdk/internal/module/ServicesCatalog
Event: 0.140 Loading class jdk/internal/module/ServicesCatalog done
Event: 0.140 Loading class jdk/internal/loader/ClassLoaderValue
Event: 0.140 Loading class jdk/internal/loader/AbstractClassLoaderValue
Event: 0.140 Loading class jdk/internal/loader/AbstractClassLoaderValue done
Event: 0.140 Loading class jdk/internal/loader/ClassLoaderValue done
Event: 0.140 Loading class jdk/internal/loader/BuiltinClassLoader$LoadedModule
Event: 0.140 Loading class jdk/internal/loader/BuiltinClassLoader$LoadedModule done
Event: 0.141 Loading class java/lang/module/ModuleFinder$2
Event: 0.141 Loading class java/lang/module/ModuleFinder$2 done
Event: 0.141 Loading class java/util/HashMap$KeySet
Event: 0.141 Loading class java/util/HashMap$KeySet done
Event: 0.141 Loading class java/util/HashMap$KeyIterator
Event: 0.141 Loading class java/util/HashMap$KeyIterator done
Event: 0.141 Loading class java/lang/module/Configuration

Classes unloaded (0 events):
No events

Classes redefined (0 events):
No events

Internal exceptions (0 events):
No events

VM Operations (0 events):
No events

Events (12 events):
Event: 0.006 Loaded shared library C:\Program Files\Java\jdk-18.0.2.1\bin\java.dll
Event: 0.051 Loaded shared library C:\Program Files\Java\jdk-18.0.2.1\bin\jsvml.dll
Event: 0.052 Thread 0x000001c996a81b40 Thread added: 0x000001c996a81b40
Event: 0.061 Thread 0x000001c9b9d32010 Thread added: 0x000001c9b9d32010
Event: 0.061 Thread 0x000001c9b9d35a90 Thread added: 0x000001c9b9d35a90
Event: 0.094 Thread 0x000001c9be0217a0 Thread added: 0x000001c9be0217a0
Event: 0.094 Thread 0x000001c9be022260 Thread added: 0x000001c9be022260
Event: 0.094 Thread 0x000001c9be0232b0 Thread added: 0x000001c9be0232b0
Event: 0.094 Thread 0x000001c9be027800 Thread added: 0x000001c9be027800
Event: 0.094 Thread 0x000001c9be029320 Thread added: 0x000001c9be029320
Event: 0.094 Thread 0x000001c9be02c260 Thread added: 0x000001c9be02c260
Event: 0.094 Thread 0x000001c9be037790 Thread added: 0x000001c9be037790


Dynamic libraries:
0x00007ff6e4100000 - 0x00007ff6e4110000 	C:\Program Files\Java\jdk-18.0.2.1\bin\javaw.exe
0x00007ffaac740000 - 0x00007ffaac949000 	C:\WINDOWS\SYSTEM32\ntdll.dll
0x00007ffaaae80000 - 0x00007ffaaaf3e000 	C:\WINDOWS\System32\KERNEL32.DLL
0x00007ffaa9f70000 - 0x00007ffaaa2f4000 	C:\WINDOWS\System32\KERNELBASE.dll
0x00007ffaaa470000 - 0x00007ffaaa581000 	C:\WINDOWS\System32\ucrtbase.dll
0x00007ffa96ee0000 - 0x00007ffa96ef8000 	C:\Program Files\Java\jdk-18.0.2.1\bin\jli.dll
0x00007ffa96f10000 - 0x00007ffa96f2a000 	C:\Program Files\Java\jdk-18.0.2.1\bin\VCRUNTIME140.dll
0x00007ffaaad60000 - 0x00007ffaaae0f000 	C:\WINDOWS\System32\ADVAPI32.dll
0x00007ffaaaa30000 - 0x00007ffaaaad3000 	C:\WINDOWS\System32\msvcrt.dll
0x00007ffaab9b0000 - 0x00007ffaaba4e000 	C:\WINDOWS\System32\sechost.dll
0x00007ffaaac30000 - 0x00007ffaaad51000 	C:\WINDOWS\System32\RPCRT4.dll
0x00007ffaab800000 - 0x00007ffaab9ad000 	C:\WINDOWS\System32\USER32.dll
0x00007ffaa9cf0000 - 0x00007ffaa9d16000 	C:\WINDOWS\System32\win32u.dll
0x00007ffa93cc0000 - 0x00007ffa93f65000 	C:\WINDOWS\WinSxS\amd64_microsoft.windows.common-controls_6595b64144ccf1df_6.0.22000.120_none_9d947278b86cc467\COMCTL32.dll
0x00007ffaac400000 - 0x00007ffaac42a000 	C:\WINDOWS\System32\GDI32.dll
0x00007ffaa9d90000 - 0x00007ffaa9eaf000 	C:\WINDOWS\System32\gdi32full.dll
0x00007ffaa9bd0000 - 0x00007ffaa9c6d000 	C:\WINDOWS\System32\msvcp_win.dll
0x00007ffaa4a20000 - 0x00007ffaa4a2a000 	C:\WINDOWS\SYSTEM32\VERSION.dll
0x00007ffaaaaf0000 - 0x00007ffaaab21000 	C:\WINDOWS\System32\IMM32.DLL
0x00007ffa96e70000 - 0x00007ffa96e7c000 	C:\Program Files\Java\jdk-18.0.2.1\bin\vcruntime140_1.dll
0x00007ffa82150000 - 0x00007ffa821dd000 	C:\Program Files\Java\jdk-18.0.2.1\bin\msvcp140.dll
0x00007ffa5c7d0000 - 0x00007ffa5d3e1000 	C:\Program Files\Java\jdk-18.0.2.1\bin\server\jvm.dll
0x00007ffaab7f0000 - 0x00007ffaab7f8000 	C:\WINDOWS\System32\PSAPI.DLL
0x00007ffa9d440000 - 0x00007ffa9d473000 	C:\WINDOWS\SYSTEM32\WINMM.dll
0x00007ffaa63a0000 - 0x00007ffaa63a9000 	C:\WINDOWS\SYSTEM32\WSOCK32.dll
0x00007ffaabd70000 - 0x00007ffaabddf000 	C:\WINDOWS\System32\WS2_32.dll
0x00007ffaa8bf0000 - 0x00007ffaa8c08000 	C:\WINDOWS\SYSTEM32\kernel.appcore.dll
0x00007ffaa5cf0000 - 0x00007ffaa5cfa000 	C:\Program Files\Java\jdk-18.0.2.1\bin\jimage.dll
0x00007ffa95330000 - 0x00007ffa95551000 	C:\WINDOWS\SYSTEM32\DBGHELP.DLL
0x00007ffa91750000 - 0x00007ffa91781000 	C:\WINDOWS\SYSTEM32\dbgcore.DLL
0x00007ffaa9c70000 - 0x00007ffaa9cef000 	C:\WINDOWS\System32\bcryptPrimitives.dll
0x00007ffa971b0000 - 0x00007ffa971eb000 	C:\Program Files\Java\jdk-18.0.2.1\bin\jdwp.dll
0x00007ffa97a80000 - 0x00007ffa97a8e000 	C:\Program Files\Java\jdk-18.0.2.1\bin\instrument.dll
0x00007ffa97210000 - 0x00007ffa97235000 	C:\Program Files\Java\jdk-18.0.2.1\bin\java.dll
0x00007ffa969a0000 - 0x00007ffa96a76000 	C:\Program Files\Java\jdk-18.0.2.1\bin\jsvml.dll
0x00007ffaab020000 - 0x00007ffaab7e5000 	C:\WINDOWS\System32\SHELL32.dll
0x00007ffaa7c50000 - 0x00007ffaa84b4000 	C:\WINDOWS\SYSTEM32\windows.storage.dll
0x00007ffaaa6b0000 - 0x00007ffaaaa26000 	C:\WINDOWS\System32\combase.dll
0x00007ffaa7ae0000 - 0x00007ffaa7c47000 	C:\WINDOWS\SYSTEM32\wintypes.dll
0x00007ffaaba50000 - 0x00007ffaabb3a000 	C:\WINDOWS\System32\SHCORE.dll
0x00007ffaabd00000 - 0x00007ffaabd5d000 	C:\WINDOWS\System32\shlwapi.dll
0x00007ffaa9b00000 - 0x00007ffaa9b25000 	C:\WINDOWS\SYSTEM32\profapi.dll

dbghelp: loaded successfully - version: 4.0.5 - missing functions: none
symbol engine: initialized successfully - sym options: 0x614 - pdb path: .;C:\Program Files\Java\jdk-18.0.2.1\bin;C:\WINDOWS\SYSTEM32;C:\WINDOWS\WinSxS\amd64_microsoft.windows.common-controls_6595b64144ccf1df_6.0.22000.120_none_9d947278b86cc467;C:\Program Files\Java\jdk-18.0.2.1\bin\server

VM Arguments:
jvm_args: -XX:+ShowCodeDetailsInExceptionMessages -agentlib:jdwp=transport=dt_socket,suspend=y,address=localhost:62576 -javaagent:C:\Users\Diniz\eclipse\java-2022-06\eclipse\configuration\org.eclipse.osgi\215\0\.cp\lib\javaagent-shaded.jar -Dfile.encoding=UTF-8 --module-path=C:\Users\Diniz\eclipse-workspace\TrabalhoFinalLP2\bin;C:\Program Files\Java\javafx-sdk-20.0.1\lib\javafx-swt.jar;C:\Program Files\Java\javafx-sdk-20.0.1\lib\javafx.base.jar;C:\Program Files\Java\javafx-sdk-20.0.1\lib\javafx.controls.jar;C:\Program Files\Java\javafx-sdk-20.0.1\lib\javafx.fxml.jar;C:\Program Files\Java\javafx-sdk-20.0.1\lib\javafx.graphics.jar;C:\Program Files\Java\javafx-sdk-20.0.1\lib\javafx.media.jar;C:\Program Files\Java\javafx-sdk-20.0.1\lib\javafx.swing.jar;C:\Program Files\Java\javafx-sdk-20.0.1\lib\javafx.web.jar;C:\Users\Diniz\.p2\pool\plugins\org.eclipse.fx.ide.css.jfx8_3.8.0.202204150904.jar -Djdk.module.main=TrabalhoFinalLP2 
java_command: TrabalhoFinalLP2/application.Main
java_class_path (initial): <not set>
Launcher Type: SUN_STANDARD

[Global flags]
     intx CICompilerCount                          = 4                                         {product} {ergonomic}
     uint ConcGCThreads                            = 3                                         {product} {ergonomic}
     uint G1ConcRefinementThreads                  = 10                                        {product} {ergonomic}
   size_t G1HeapRegionSize                         = 2097152                                   {product} {ergonomic}
    uintx GCDrainStackTargetSize                   = 64                                        {product} {ergonomic}
   size_t InitialHeapSize                          = 268435456                                 {product} {ergonomic}
   size_t MarkStackSize                            = 4194304                                   {product} {ergonomic}
   size_t MaxHeapSize                              = 4282384384                                {product} {ergonomic}
   size_t MaxNewSize                               = 2569011200                                {product} {ergonomic}
   size_t MinHeapDeltaBytes                        = 2097152                                   {product} {ergonomic}
   size_t MinHeapSize                              = 8388608                                   {product} {ergonomic}
    uintx NonNMethodCodeHeapSize                   = 5839372                                {pd product} {ergonomic}
    uintx NonProfiledCodeHeapSize                  = 122909434                              {pd product} {ergonomic}
    uintx ProfiledCodeHeapSize                     = 122909434                              {pd product} {ergonomic}
    uintx ReservedCodeCacheSize                    = 251658240                              {pd product} {ergonomic}
     bool SegmentedCodeCache                       = true                                      {product} {ergonomic}
     bool ShowCodeDetailsInExceptionMessages       = true                                   {manageable} {command line}
   size_t SoftMaxHeapSize                          = 4282384384                             {manageable} {ergonomic}
     bool UseCompressedClassPointers               = true                           {product lp64_product} {ergonomic}
     bool UseCompressedOops                        = true                           {product lp64_product} {ergonomic}
     bool UseG1GC                                  = true                                      {product} {ergonomic}
     bool UseLargePagesIndividualAllocation        = false                                  {pd product} {ergonomic}

Logging:
Log output configuration:
 #0: stdout all=warning uptime,level,tags foldmultilines=false
 #1: stderr all=off uptime,level,tags foldmultilines=false

Environment Variables:
PATH=C:/Program Files/Java/jdk-18.0.2.1/bin/server;C:/Program Files/Java/jdk-18.0.2.1/bin;C:\Program Files\Common Files\Oracle\Java\javapath;C:\Program Files (x86)\Common Files\Oracle\Java\javapath;C:\WINDOWS\system32;C:\WINDOWS;C:\WINDOWS\System32\Wbem;C:\WINDOWS\System32\WindowsPowerShell\v1.0\;C:\WINDOWS\System32\OpenSSH\;C:\Program Files\Git\cmd;C:\Program Files\NVIDIA Corporation\NVIDIA NvDLISR;C:\Program Files (x86)\NVIDIA Corporation\PhysX\Common;C:\WINDOWS\system32;C:\WINDOWS;C:\WINDOWS\System32\Wbem;C:\WINDOWS\System32\WindowsPowerShell\v1.0\;C:\WINDOWS\System32\OpenSSH\;C:\Program Files\nodejs\;C:\\MinGW\bin;C:\ProgramData\chocolatey\bin;C:\Users\Diniz\Pictures\cmake-3.23.1-windows-x86_64\cmake-3.23.1-windows-x86_64\bin;C:\Users\Diniz\Music\gp550-20220409-win64-mingw\gnuplot\bin;C:\Program Files (x86)\Vim\vim82;C:\Program Files\PowerShell\7\;C:\Users\Diniz\AppData\Local\Microsoft\WindowsApps;;C:\Users\Diniz\AppData\Roaming\npm;C:\Users\Diniz\AppData\Local\Programs\Microsoft VS Code\bin;C:\WINDOWS\system32;
USERNAME=Diniz
LANG=PT
OS=Windows_NT
PROCESSOR_IDENTIFIER=AMD64 Family 23 Model 8 Stepping 2, AuthenticAMD



---------------  S Y S T E M  ---------------

OS:
 Windows 11 , 64 bit Build 22000 (10.0.22000.2121)
OS uptime: 1 days 4:51 hours
Hyper-V role detected

CPU: total 12 (initial active 12) (12 cores per cpu, 2 threads per core) family 23 model 8 stepping 2 microcode 0x0, cx8, cmov, fxsr, ht, mmx, 3dnowpref, sse, sse2, sse3, ssse3, sse4a, sse4.1, sse4.2, popcnt, lzcnt, tsc, tscinvbit, avx, avx2, aes, clmul, bmi1, bmi2, adx, sha, fma, vzeroupper, clflush, clflushopt, hv

Memory: 4k page, system-wide physical 16333M (3405M free)
TotalPageFile size 32370M (AvailPageFile size 4M)
current process WorkingSet (physical memory assigned to process): 27M, peak: 27M
current process commit charge ("private bytes"): 338M, peak: 342M

vm_info: Java HotSpot(TM) 64-Bit Server VM (18.0.2.1+1-1) for windows-amd64 JRE (18.0.2.1+1-1), built on Aug 16 2022 01:46:33 by "mach5one" with MS VC++ 16.8 / 16.9 (VS2019)

END.
