#
# There is insufficient memory for the Java Runtime Environment to continue.
# Native memory allocation (malloc) failed to allocate 37296 bytes for Chunk::new
# Possible reasons:
#   The system is out of physical RAM or swap space
#   The process is running with CompressedOops enabled, and the Java Heap may be blocking the growth of the native heap
# Possible solutions:
#   Reduce memory load on the system
#   Increase physical memory or swap space
#   Check if swap backing store is full
#   Decrease Java heap size (-Xmx/-Xms)
#   Decrease number of Java threads
#   Decrease Java thread stack sizes (-Xss)
#   Set larger code cache with -XX:ReservedCodeCacheSize=
#   JVM is running with Zero Based Compressed Oops mode in which the Java heap is
#     placed in the first 32GB address space. The Java Heap base address is the
#     maximum limit for the native heap growth. Please use -XX:HeapBaseMinAddress
#     to set the Java Heap base and to place the Java Heap above 32GB virtual address.
# This output file may be truncated or incomplete.
#
#  Out of Memory Error (arena.cpp:184), pid=6728, tid=28436
#
# JRE version: Java(TM) SE Runtime Environment (18.0.2.1+1) (build 18.0.2.1+1-1)
# Java VM: Java HotSpot(TM) 64-Bit Server VM (18.0.2.1+1-1, mixed mode, sharing, tiered, compressed oops, compressed class ptrs, g1 gc, windows-amd64)
# No core dump will be written. Minidumps are not enabled by default on client versions of Windows
#

---------------  S U M M A R Y ------------

Command Line: -Dfile.encoding=UTF-8 --module-path=C:\Users\Diniz\eclipse-workspace\TrabalhoFinalLP2\bin;C:\Program Files\Java\javafx-sdk-20.0.1\lib\javafx-swt.jar;C:\Program Files\Java\javafx-sdk-20.0.1\lib\javafx.base.jar;C:\Program Files\Java\javafx-sdk-20.0.1\lib\javafx.controls.jar;C:\Program Files\Java\javafx-sdk-20.0.1\lib\javafx.fxml.jar;C:\Program Files\Java\javafx-sdk-20.0.1\lib\javafx.graphics.jar;C:\Program Files\Java\javafx-sdk-20.0.1\lib\javafx.media.jar;C:\Program Files\Java\javafx-sdk-20.0.1\lib\javafx.swing.jar;C:\Program Files\Java\javafx-sdk-20.0.1\lib\javafx.web.jar;C:\Users\Diniz\.p2\pool\plugins\org.eclipse.fx.ide.css.jfx8_3.8.0.202204150904.jar -XX:+ShowCodeDetailsInExceptionMessages -Djdk.module.main=TrabalhoFinalLP2 TrabalhoFinalLP2/application.Main

Host: AMD Ryzen 5 2600X Six-Core Processor           , 12 cores, 15G,  Windows 11 , 64 bit Build 22000 (10.0.22000.2121)
Time: Sun Jun 25 22:43:18 2023 Hora oficial do Brasil elapsed time: 0.554443 seconds (0d 0h 0m 0s)

---------------  T H R E A D  ---------------

Current thread (0x00000160661917d0):  JavaThread "C2 CompilerThread0" daemon [_thread_in_native, id=28436, stack(0x000000277a600000,0x000000277a700000)]


Current CompileTask:
C2:    554  717       4       java.util.HashMap::resize (356 bytes)

Stack: [0x000000277a600000,0x000000277a700000]
Native frames: (J=compiled Java code, j=interpreted, Vv=VM code, C=native code)
V  [jvm.dll+0x6993aa]
V  [jvm.dll+0x7f46dd]
V  [jvm.dll+0x7f5fee]
V  [jvm.dll+0x7f66a3]
V  [jvm.dll+0x25cf1f]
V  [jvm.dll+0xb8c2f]
V  [jvm.dll+0xb8fa5]
V  [jvm.dll+0x581f0b]
V  [jvm.dll+0x34fea0]
V  [jvm.dll+0x34f30a]
V  [jvm.dll+0x230101]
V  [jvm.dll+0x22f4d1]
V  [jvm.dll+0x1ba01c]
V  [jvm.dll+0x23ee0a]
V  [jvm.dll+0x23d0f5]
V  [jvm.dll+0x7a6dd1]
V  [jvm.dll+0x7a120a]
V  [jvm.dll+0x698255]
C  [ucrtbase.dll+0x26c0c]
C  [KERNEL32.DLL+0x155a0]
C  [ntdll.dll+0x485b]


---------------  P R O C E S S  ---------------

Threads class SMR info:
_java_thread_list=0x000001606af7f350, length=18, elements={
0x0000016042f10ff0, 0x000001606615aa70, 0x000001606615b320, 0x000001606617a420,
0x000001606617acd0, 0x000001606617b580, 0x0000016066188be0, 0x00000160661917d0,
0x00000160661953b0, 0x00000160661a6c80, 0x000001606a461220, 0x0000016066192110,
0x000001606a73ed80, 0x000001606a804660, 0x000001606ab89e10, 0x000001606a77a9d0,
0x000001606afa7bb0, 0x000001606afa8a20
}

Java Threads: ( => current thread )
  0x0000016042f10ff0 JavaThread "main" [_thread_blocked, id=26092, stack(0x0000002779900000,0x0000002779a00000)]
  0x000001606615aa70 JavaThread "Reference Handler" daemon [_thread_blocked, id=26608, stack(0x000000277a000000,0x000000277a100000)]
  0x000001606615b320 JavaThread "Finalizer" daemon [_thread_blocked, id=25988, stack(0x000000277a100000,0x000000277a200000)]
  0x000001606617a420 JavaThread "Signal Dispatcher" daemon [_thread_blocked, id=20040, stack(0x000000277a200000,0x000000277a300000)]
  0x000001606617acd0 JavaThread "Attach Listener" daemon [_thread_blocked, id=20640, stack(0x000000277a300000,0x000000277a400000)]
  0x000001606617b580 JavaThread "Service Thread" daemon [_thread_blocked, id=24108, stack(0x000000277a400000,0x000000277a500000)]
  0x0000016066188be0 JavaThread "Monitor Deflation Thread" daemon [_thread_blocked, id=28500, stack(0x000000277a500000,0x000000277a600000)]
=>0x00000160661917d0 JavaThread "C2 CompilerThread0" daemon [_thread_in_native, id=28436, stack(0x000000277a600000,0x000000277a700000)]
  0x00000160661953b0 JavaThread "C1 CompilerThread0" daemon [_thread_blocked, id=27344, stack(0x000000277a700000,0x000000277a800000)]
  0x00000160661a6c80 JavaThread "Sweeper thread" daemon [_thread_blocked, id=25820, stack(0x000000277a800000,0x000000277a900000)]
  0x000001606a461220 JavaThread "Common-Cleaner" daemon [_thread_blocked, id=28084, stack(0x000000277a900000,0x000000277aa00000)]
  0x0000016066192110 JavaThread "C2 CompilerThread1" daemon [_thread_in_native, id=24520, stack(0x000000277aa00000,0x000000277ab00000)]
  0x000001606a73ed80 JavaThread "Notification Thread" daemon [_thread_blocked, id=27804, stack(0x000000277ac00000,0x000000277ad00000)]
  0x000001606a804660 JavaThread "QuantumRenderer-0" daemon [_thread_blocked, id=11436, stack(0x000000277ae00000,0x000000277af00000)]
  0x000001606ab89e10 JavaThread "InvokeLaterDispatcher" daemon [_thread_blocked, id=16284, stack(0x000000277b000000,0x000000277b100000)]
  0x000001606a77a9d0 JavaThread "JavaFX Application Thread" [_thread_in_vm, id=26116, stack(0x000000277b100000,0x000000277b200000)]
  0x000001606afa7bb0 JavaThread "Thread-1" daemon [_thread_in_native, id=25872, stack(0x000000277ab00000,0x000000277ac00000)]
  0x000001606afa8a20 JavaThread "JavaFX-Launcher" [_thread_blocked, id=28048, stack(0x000000277b300000,0x000000277b400000)]

Other Threads:
  0x0000016042fa7b20 VMThread "VM Thread" [stack: 0x0000002779f00000,0x000000277a000000] [id=27968]
  0x000001606a748780 WatcherThread "VM Periodic Task Thread" [stack: 0x000000277ad00000,0x000000277ae00000] [id=9936]
  0x0000016042f83ba0 WorkerThread "GC Thread#0" [stack: 0x0000002779a00000,0x0000002779b00000] [id=15096]
  0x0000016042f95220 ConcurrentGCThread "G1 Main Marker" [stack: 0x0000002779b00000,0x0000002779c00000] [id=24612]
  0x0000016042f96b30 WorkerThread "G1 Conc#0" [stack: 0x0000002779c00000,0x0000002779d00000] [id=24632]
  0x0000016066011100 ConcurrentGCThread "G1 Refine#0" [stack: 0x0000002779d00000,0x0000002779e00000] [id=7920]
  0x00000160660127d0 ConcurrentGCThread "G1 Service" [stack: 0x0000002779e00000,0x0000002779f00000] [id=15252]

Threads with active compile tasks:
C2 CompilerThread0      574  717       4       java.util.HashMap::resize (356 bytes)
C2 CompilerThread1      574  751       4       jdk.internal.org.objectweb.asm.Symbol::<init> (38 bytes)

VM state: not at safepoint (normal execution)

VM Mutex/Monitor currently owned by a thread:  ([mutex/lock_event])
[0x0000016042f0a190] Metaspace_lock - owner thread: 0x000001606a77a9d0

Heap address: 0x0000000700c00000, size: 4084 MB, Compressed Oops mode: Zero based, Oop shift amount: 3

CDS archive(s) mapped at: [0x0000000800000000-0x0000000800ba0000-0x0000000800ba0000), size 12189696, SharedBaseAddress: 0x0000000800000000, ArchiveRelocationMode: 0.
Compressed class space mapped at: 0x0000000800c00000-0x0000000840c00000, reserved size: 1073741824
Narrow klass base: 0x0000000800000000, Narrow klass shift: 0, Narrow klass range: 0x100000000

GC Precious Log:
 CardTable entry size: 512
 Card Set container configuration: InlinePtr #cards 4 size 8 Array Of Cards #cards 16 size 48 Howl #buckets 8 coarsen threshold 3686 Howl Bitmap #cards 512 size 80 coarsen threshold 460 Card regions per heap region 1 cards per card region 4096
 CPUs: 12 total, 12 available
 Memory: 16333M
 Large Page Support: Disabled
 NUMA Support: Disabled
 Compressed Oops: Enabled (Zero based)
 Heap Region Size: 2M
 Heap Min Capacity: 8M
 Heap Initial Capacity: 256M
 Heap Max Capacity: 4084M
 Pre-touch: Disabled
 Parallel Workers: 10
 Concurrent Workers: 3
 Concurrent Refinement Workers: 10
 Periodic GC: Disabled

Heap:
 garbage-first heap   total 262144K, used 14336K [0x0000000700c00000, 0x0000000800000000)
  region size 2048K, 9 young (18432K), 0 survivors (0K)
 Metaspace       used 3831K, committed 3968K, reserved 1114112K
  class space    used 416K, committed 512K, reserved 1048576K

Heap Regions: E=young(eden), S=young(survivor), O=old, HS=humongous(starts), HC=humongous(continues), CS=collection set, F=free, OA=open archive, CA=closed archive, TAMS=top-at-mark-start (previous, next)
|   0|0x0000000700c00000, 0x0000000700c00000, 0x0000000700e00000|  0%| F|  |TAMS 0x0000000700c00000, 0x0000000700c00000| Untracked 
|   1|0x0000000700e00000, 0x0000000700e00000, 0x0000000701000000|  0%| F|  |TAMS 0x0000000700e00000, 0x0000000700e00000| Untracked 
|   2|0x0000000701000000, 0x0000000701000000, 0x0000000701200000|  0%| F|  |TAMS 0x0000000701000000, 0x0000000701000000| Untracked 
|   3|0x0000000701200000, 0x0000000701200000, 0x0000000701400000|  0%| F|  |TAMS 0x0000000701200000, 0x0000000701200000| Untracked 
|   4|0x0000000701400000, 0x0000000701400000, 0x0000000701600000|  0%| F|  |TAMS 0x0000000701400000, 0x0000000701400000| Untracked 
|   5|0x0000000701600000, 0x0000000701600000, 0x0000000701800000|  0%| F|  |TAMS 0x0000000701600000, 0x0000000701600000| Untracked 
|   6|0x0000000701800000, 0x0000000701800000, 0x0000000701a00000|  0%| F|  |TAMS 0x0000000701800000, 0x0000000701800000| Untracked 
|   7|0x0000000701a00000, 0x0000000701a00000, 0x0000000701c00000|  0%| F|  |TAMS 0x0000000701a00000, 0x0000000701a00000| Untracked 
|   8|0x0000000701c00000, 0x0000000701c00000, 0x0000000701e00000|  0%| F|  |TAMS 0x0000000701c00000, 0x0000000701c00000| Untracked 
|   9|0x0000000701e00000, 0x0000000701e00000, 0x0000000702000000|  0%| F|  |TAMS 0x0000000701e00000, 0x0000000701e00000| Untracked 
|  10|0x0000000702000000, 0x0000000702000000, 0x0000000702200000|  0%| F|  |TAMS 0x0000000702000000, 0x0000000702000000| Untracked 
|  11|0x0000000702200000, 0x0000000702200000, 0x0000000702400000|  0%| F|  |TAMS 0x0000000702200000, 0x0000000702200000| Untracked 
|  12|0x0000000702400000, 0x0000000702400000, 0x0000000702600000|  0%| F|  |TAMS 0x0000000702400000, 0x0000000702400000| Untracked 
|  13|0x0000000702600000, 0x0000000702600000, 0x0000000702800000|  0%| F|  |TAMS 0x0000000702600000, 0x0000000702600000| Untracked 
|  14|0x0000000702800000, 0x0000000702800000, 0x0000000702a00000|  0%| F|  |TAMS 0x0000000702800000, 0x0000000702800000| Untracked 
|  15|0x0000000702a00000, 0x0000000702a00000, 0x0000000702c00000|  0%| F|  |TAMS 0x0000000702a00000, 0x0000000702a00000| Untracked 
|  16|0x0000000702c00000, 0x0000000702c00000, 0x0000000702e00000|  0%| F|  |TAMS 0x0000000702c00000, 0x0000000702c00000| Untracked 
|  17|0x0000000702e00000, 0x0000000702e00000, 0x0000000703000000|  0%| F|  |TAMS 0x0000000702e00000, 0x0000000702e00000| Untracked 
|  18|0x0000000703000000, 0x0000000703000000, 0x0000000703200000|  0%| F|  |TAMS 0x0000000703000000, 0x0000000703000000| Untracked 
|  19|0x0000000703200000, 0x0000000703200000, 0x0000000703400000|  0%| F|  |TAMS 0x0000000703200000, 0x0000000703200000| Untracked 
|  20|0x0000000703400000, 0x0000000703400000, 0x0000000703600000|  0%| F|  |TAMS 0x0000000703400000, 0x0000000703400000| Untracked 
|  21|0x0000000703600000, 0x0000000703600000, 0x0000000703800000|  0%| F|  |TAMS 0x0000000703600000, 0x0000000703600000| Untracked 
|  22|0x0000000703800000, 0x0000000703800000, 0x0000000703a00000|  0%| F|  |TAMS 0x0000000703800000, 0x0000000703800000| Untracked 
|  23|0x0000000703a00000, 0x0000000703a00000, 0x0000000703c00000|  0%| F|  |TAMS 0x0000000703a00000, 0x0000000703a00000| Untracked 
|  24|0x0000000703c00000, 0x0000000703c00000, 0x0000000703e00000|  0%| F|  |TAMS 0x0000000703c00000, 0x0000000703c00000| Untracked 
|  25|0x0000000703e00000, 0x0000000703e00000, 0x0000000704000000|  0%| F|  |TAMS 0x0000000703e00000, 0x0000000703e00000| Untracked 
|  26|0x0000000704000000, 0x0000000704000000, 0x0000000704200000|  0%| F|  |TAMS 0x0000000704000000, 0x0000000704000000| Untracked 
|  27|0x0000000704200000, 0x0000000704200000, 0x0000000704400000|  0%| F|  |TAMS 0x0000000704200000, 0x0000000704200000| Untracked 
|  28|0x0000000704400000, 0x0000000704400000, 0x0000000704600000|  0%| F|  |TAMS 0x0000000704400000, 0x0000000704400000| Untracked 
|  29|0x0000000704600000, 0x0000000704600000, 0x0000000704800000|  0%| F|  |TAMS 0x0000000704600000, 0x0000000704600000| Untracked 
|  30|0x0000000704800000, 0x0000000704800000, 0x0000000704a00000|  0%| F|  |TAMS 0x0000000704800000, 0x0000000704800000| Untracked 
|  31|0x0000000704a00000, 0x0000000704a00000, 0x0000000704c00000|  0%| F|  |TAMS 0x0000000704a00000, 0x0000000704a00000| Untracked 
|  32|0x0000000704c00000, 0x0000000704c00000, 0x0000000704e00000|  0%| F|  |TAMS 0x0000000704c00000, 0x0000000704c00000| Untracked 
|  33|0x0000000704e00000, 0x0000000704e00000, 0x0000000705000000|  0%| F|  |TAMS 0x0000000704e00000, 0x0000000704e00000| Untracked 
|  34|0x0000000705000000, 0x0000000705000000, 0x0000000705200000|  0%| F|  |TAMS 0x0000000705000000, 0x0000000705000000| Untracked 
|  35|0x0000000705200000, 0x0000000705200000, 0x0000000705400000|  0%| F|  |TAMS 0x0000000705200000, 0x0000000705200000| Untracked 
|  36|0x0000000705400000, 0x0000000705400000, 0x0000000705600000|  0%| F|  |TAMS 0x0000000705400000, 0x0000000705400000| Untracked 
|  37|0x0000000705600000, 0x0000000705600000, 0x0000000705800000|  0%| F|  |TAMS 0x0000000705600000, 0x0000000705600000| Untracked 
|  38|0x0000000705800000, 0x0000000705800000, 0x0000000705a00000|  0%| F|  |TAMS 0x0000000705800000, 0x0000000705800000| Untracked 
|  39|0x0000000705a00000, 0x0000000705a00000, 0x0000000705c00000|  0%| F|  |TAMS 0x0000000705a00000, 0x0000000705a00000| Untracked 
|  40|0x0000000705c00000, 0x0000000705c00000, 0x0000000705e00000|  0%| F|  |TAMS 0x0000000705c00000, 0x0000000705c00000| Untracked 
|  41|0x0000000705e00000, 0x0000000705e00000, 0x0000000706000000|  0%| F|  |TAMS 0x0000000705e00000, 0x0000000705e00000| Untracked 
|  42|0x0000000706000000, 0x0000000706000000, 0x0000000706200000|  0%| F|  |TAMS 0x0000000706000000, 0x0000000706000000| Untracked 
|  43|0x0000000706200000, 0x0000000706200000, 0x0000000706400000|  0%| F|  |TAMS 0x0000000706200000, 0x0000000706200000| Untracked 
|  44|0x0000000706400000, 0x0000000706400000, 0x0000000706600000|  0%| F|  |TAMS 0x0000000706400000, 0x0000000706400000| Untracked 
|  45|0x0000000706600000, 0x0000000706600000, 0x0000000706800000|  0%| F|  |TAMS 0x0000000706600000, 0x0000000706600000| Untracked 
|  46|0x0000000706800000, 0x0000000706800000, 0x0000000706a00000|  0%| F|  |TAMS 0x0000000706800000, 0x0000000706800000| Untracked 
|  47|0x0000000706a00000, 0x0000000706a00000, 0x0000000706c00000|  0%| F|  |TAMS 0x0000000706a00000, 0x0000000706a00000| Untracked 
|  48|0x0000000706c00000, 0x0000000706c00000, 0x0000000706e00000|  0%| F|  |TAMS 0x0000000706c00000, 0x0000000706c00000| Untracked 
|  49|0x0000000706e00000, 0x0000000706e00000, 0x0000000707000000|  0%| F|  |TAMS 0x0000000706e00000, 0x0000000706e00000| Untracked 
|  50|0x0000000707000000, 0x0000000707000000, 0x0000000707200000|  0%| F|  |TAMS 0x0000000707000000, 0x0000000707000000| Untracked 
|  51|0x0000000707200000, 0x0000000707200000, 0x0000000707400000|  0%| F|  |TAMS 0x0000000707200000, 0x0000000707200000| Untracked 
|  52|0x0000000707400000, 0x0000000707400000, 0x0000000707600000|  0%| F|  |TAMS 0x0000000707400000, 0x0000000707400000| Untracked 
|  53|0x0000000707600000, 0x0000000707600000, 0x0000000707800000|  0%| F|  |TAMS 0x0000000707600000, 0x0000000707600000| Untracked 
|  54|0x0000000707800000, 0x0000000707800000, 0x0000000707a00000|  0%| F|  |TAMS 0x0000000707800000, 0x0000000707800000| Untracked 
|  55|0x0000000707a00000, 0x0000000707a00000, 0x0000000707c00000|  0%| F|  |TAMS 0x0000000707a00000, 0x0000000707a00000| Untracked 
|  56|0x0000000707c00000, 0x0000000707c00000, 0x0000000707e00000|  0%| F|  |TAMS 0x0000000707c00000, 0x0000000707c00000| Untracked 
|  57|0x0000000707e00000, 0x0000000707e00000, 0x0000000708000000|  0%| F|  |TAMS 0x0000000707e00000, 0x0000000707e00000| Untracked 
|  58|0x0000000708000000, 0x0000000708000000, 0x0000000708200000|  0%| F|  |TAMS 0x0000000708000000, 0x0000000708000000| Untracked 
|  59|0x0000000708200000, 0x0000000708200000, 0x0000000708400000|  0%| F|  |TAMS 0x0000000708200000, 0x0000000708200000| Untracked 
|  60|0x0000000708400000, 0x0000000708400000, 0x0000000708600000|  0%| F|  |TAMS 0x0000000708400000, 0x0000000708400000| Untracked 
|  61|0x0000000708600000, 0x0000000708600000, 0x0000000708800000|  0%| F|  |TAMS 0x0000000708600000, 0x0000000708600000| Untracked 
|  62|0x0000000708800000, 0x0000000708800000, 0x0000000708a00000|  0%| F|  |TAMS 0x0000000708800000, 0x0000000708800000| Untracked 
|  63|0x0000000708a00000, 0x0000000708a00000, 0x0000000708c00000|  0%| F|  |TAMS 0x0000000708a00000, 0x0000000708a00000| Untracked 
|  64|0x0000000708c00000, 0x0000000708c00000, 0x0000000708e00000|  0%| F|  |TAMS 0x0000000708c00000, 0x0000000708c00000| Untracked 
|  65|0x0000000708e00000, 0x0000000708e00000, 0x0000000709000000|  0%| F|  |TAMS 0x0000000708e00000, 0x0000000708e00000| Untracked 
|  66|0x0000000709000000, 0x0000000709000000, 0x0000000709200000|  0%| F|  |TAMS 0x0000000709000000, 0x0000000709000000| Untracked 
|  67|0x0000000709200000, 0x0000000709200000, 0x0000000709400000|  0%| F|  |TAMS 0x0000000709200000, 0x0000000709200000| Untracked 
|  68|0x0000000709400000, 0x0000000709400000, 0x0000000709600000|  0%| F|  |TAMS 0x0000000709400000, 0x0000000709400000| Untracked 
|  69|0x0000000709600000, 0x0000000709600000, 0x0000000709800000|  0%| F|  |TAMS 0x0000000709600000, 0x0000000709600000| Untracked 
|  70|0x0000000709800000, 0x0000000709800000, 0x0000000709a00000|  0%| F|  |TAMS 0x0000000709800000, 0x0000000709800000| Untracked 
|  71|0x0000000709a00000, 0x0000000709a00000, 0x0000000709c00000|  0%| F|  |TAMS 0x0000000709a00000, 0x0000000709a00000| Untracked 
|  72|0x0000000709c00000, 0x0000000709c00000, 0x0000000709e00000|  0%| F|  |TAMS 0x0000000709c00000, 0x0000000709c00000| Untracked 
|  73|0x0000000709e00000, 0x0000000709e00000, 0x000000070a000000|  0%| F|  |TAMS 0x0000000709e00000, 0x0000000709e00000| Untracked 
|  74|0x000000070a000000, 0x000000070a000000, 0x000000070a200000|  0%| F|  |TAMS 0x000000070a000000, 0x000000070a000000| Untracked 
|  75|0x000000070a200000, 0x000000070a200000, 0x000000070a400000|  0%| F|  |TAMS 0x000000070a200000, 0x000000070a200000| Untracked 
|  76|0x000000070a400000, 0x000000070a400000, 0x000000070a600000|  0%| F|  |TAMS 0x000000070a400000, 0x000000070a400000| Untracked 
|  77|0x000000070a600000, 0x000000070a600000, 0x000000070a800000|  0%| F|  |TAMS 0x000000070a600000, 0x000000070a600000| Untracked 
|  78|0x000000070a800000, 0x000000070a800000, 0x000000070aa00000|  0%| F|  |TAMS 0x000000070a800000, 0x000000070a800000| Untracked 
|  79|0x000000070aa00000, 0x000000070aa00000, 0x000000070ac00000|  0%| F|  |TAMS 0x000000070aa00000, 0x000000070aa00000| Untracked 
|  80|0x000000070ac00000, 0x000000070ac00000, 0x000000070ae00000|  0%| F|  |TAMS 0x000000070ac00000, 0x000000070ac00000| Untracked 
|  81|0x000000070ae00000, 0x000000070ae00000, 0x000000070b000000|  0%| F|  |TAMS 0x000000070ae00000, 0x000000070ae00000| Untracked 
|  82|0x000000070b000000, 0x000000070b000000, 0x000000070b200000|  0%| F|  |TAMS 0x000000070b000000, 0x000000070b000000| Untracked 
|  83|0x000000070b200000, 0x000000070b200000, 0x000000070b400000|  0%| F|  |TAMS 0x000000070b200000, 0x000000070b200000| Untracked 
|  84|0x000000070b400000, 0x000000070b400000, 0x000000070b600000|  0%| F|  |TAMS 0x000000070b400000, 0x000000070b400000| Untracked 
|  85|0x000000070b600000, 0x000000070b600000, 0x000000070b800000|  0%| F|  |TAMS 0x000000070b600000, 0x000000070b600000| Untracked 
|  86|0x000000070b800000, 0x000000070b800000, 0x000000070ba00000|  0%| F|  |TAMS 0x000000070b800000, 0x000000070b800000| Untracked 
|  87|0x000000070ba00000, 0x000000070ba00000, 0x000000070bc00000|  0%| F|  |TAMS 0x000000070ba00000, 0x000000070ba00000| Untracked 
|  88|0x000000070bc00000, 0x000000070bc00000, 0x000000070be00000|  0%| F|  |TAMS 0x000000070bc00000, 0x000000070bc00000| Untracked 
|  89|0x000000070be00000, 0x000000070be00000, 0x000000070c000000|  0%| F|  |TAMS 0x000000070be00000, 0x000000070be00000| Untracked 
|  90|0x000000070c000000, 0x000000070c000000, 0x000000070c200000|  0%| F|  |TAMS 0x000000070c000000, 0x000000070c000000| Untracked 
|  91|0x000000070c200000, 0x000000070c200000, 0x000000070c400000|  0%| F|  |TAMS 0x000000070c200000, 0x000000070c200000| Untracked 
|  92|0x000000070c400000, 0x000000070c400000, 0x000000070c600000|  0%| F|  |TAMS 0x000000070c400000, 0x000000070c400000| Untracked 
|  93|0x000000070c600000, 0x000000070c600000, 0x000000070c800000|  0%| F|  |TAMS 0x000000070c600000, 0x000000070c600000| Untracked 
|  94|0x000000070c800000, 0x000000070c800000, 0x000000070ca00000|  0%| F|  |TAMS 0x000000070c800000, 0x000000070c800000| Untracked 
|  95|0x000000070ca00000, 0x000000070ca00000, 0x000000070cc00000|  0%| F|  |TAMS 0x000000070ca00000, 0x000000070ca00000| Untracked 
|  96|0x000000070cc00000, 0x000000070cc00000, 0x000000070ce00000|  0%| F|  |TAMS 0x000000070cc00000, 0x000000070cc00000| Untracked 
|  97|0x000000070ce00000, 0x000000070ce00000, 0x000000070d000000|  0%| F|  |TAMS 0x000000070ce00000, 0x000000070ce00000| Untracked 
|  98|0x000000070d000000, 0x000000070d000000, 0x000000070d200000|  0%| F|  |TAMS 0x000000070d000000, 0x000000070d000000| Untracked 
|  99|0x000000070d200000, 0x000000070d200000, 0x000000070d400000|  0%| F|  |TAMS 0x000000070d200000, 0x000000070d200000| Untracked 
| 100|0x000000070d400000, 0x000000070d400000, 0x000000070d600000|  0%| F|  |TAMS 0x000000070d400000, 0x000000070d400000| Untracked 
| 101|0x000000070d600000, 0x000000070d600000, 0x000000070d800000|  0%| F|  |TAMS 0x000000070d600000, 0x000000070d600000| Untracked 
| 102|0x000000070d800000, 0x000000070d800000, 0x000000070da00000|  0%| F|  |TAMS 0x000000070d800000, 0x000000070d800000| Untracked 
| 103|0x000000070da00000, 0x000000070da00000, 0x000000070dc00000|  0%| F|  |TAMS 0x000000070da00000, 0x000000070da00000| Untracked 
| 104|0x000000070dc00000, 0x000000070dc00000, 0x000000070de00000|  0%| F|  |TAMS 0x000000070dc00000, 0x000000070dc00000| Untracked 
| 105|0x000000070de00000, 0x000000070de00000, 0x000000070e000000|  0%| F|  |TAMS 0x000000070de00000, 0x000000070de00000| Untracked 
| 106|0x000000070e000000, 0x000000070e000000, 0x000000070e200000|  0%| F|  |TAMS 0x000000070e000000, 0x000000070e000000| Untracked 
| 107|0x000000070e200000, 0x000000070e200000, 0x000000070e400000|  0%| F|  |TAMS 0x000000070e200000, 0x000000070e200000| Untracked 
| 108|0x000000070e400000, 0x000000070e400000, 0x000000070e600000|  0%| F|  |TAMS 0x000000070e400000, 0x000000070e400000| Untracked 
| 109|0x000000070e600000, 0x000000070e600000, 0x000000070e800000|  0%| F|  |TAMS 0x000000070e600000, 0x000000070e600000| Untracked 
| 110|0x000000070e800000, 0x000000070e800000, 0x000000070ea00000|  0%| F|  |TAMS 0x000000070e800000, 0x000000070e800000| Untracked 
| 111|0x000000070ea00000, 0x000000070ea00000, 0x000000070ec00000|  0%| F|  |TAMS 0x000000070ea00000, 0x000000070ea00000| Untracked 
| 112|0x000000070ec00000, 0x000000070ec00000, 0x000000070ee00000|  0%| F|  |TAMS 0x000000070ec00000, 0x000000070ec00000| Untracked 
| 113|0x000000070ee00000, 0x000000070ee00000, 0x000000070f000000|  0%| F|  |TAMS 0x000000070ee00000, 0x000000070ee00000| Untracked 
| 114|0x000000070f000000, 0x000000070f000000, 0x000000070f200000|  0%| F|  |TAMS 0x000000070f000000, 0x000000070f000000| Untracked 
| 115|0x000000070f200000, 0x000000070f200000, 0x000000070f400000|  0%| F|  |TAMS 0x000000070f200000, 0x000000070f200000| Untracked 
| 116|0x000000070f400000, 0x000000070f400000, 0x000000070f600000|  0%| F|  |TAMS 0x000000070f400000, 0x000000070f400000| Untracked 
| 117|0x000000070f600000, 0x000000070f600000, 0x000000070f800000|  0%| F|  |TAMS 0x000000070f600000, 0x000000070f600000| Untracked 
| 118|0x000000070f800000, 0x000000070f800000, 0x000000070fa00000|  0%| F|  |TAMS 0x000000070f800000, 0x000000070f800000| Untracked 
| 119|0x000000070fa00000, 0x000000070fb6f950, 0x000000070fc00000| 71%| E|  |TAMS 0x000000070fa00000, 0x000000070fa00000| Complete 
| 120|0x000000070fc00000, 0x000000070fe00000, 0x000000070fe00000|100%| E|CS|TAMS 0x000000070fc00000, 0x000000070fc00000| Complete 
| 121|0x000000070fe00000, 0x0000000710000000, 0x0000000710000000|100%| E|CS|TAMS 0x000000070fe00000, 0x000000070fe00000| Complete 
| 122|0x0000000710000000, 0x0000000710200000, 0x0000000710200000|100%| E|CS|TAMS 0x0000000710000000, 0x0000000710000000| Complete 
| 123|0x0000000710200000, 0x0000000710400000, 0x0000000710400000|100%| E|CS|TAMS 0x0000000710200000, 0x0000000710200000| Complete 
| 124|0x0000000710400000, 0x0000000710600000, 0x0000000710600000|100%| E|CS|TAMS 0x0000000710400000, 0x0000000710400000| Complete 
| 125|0x0000000710600000, 0x0000000710800000, 0x0000000710800000|100%| E|CS|TAMS 0x0000000710600000, 0x0000000710600000| Complete 
| 126|0x0000000710800000, 0x0000000710a00000, 0x0000000710a00000|100%| E|  |TAMS 0x0000000710800000, 0x0000000710800000| Complete 
| 127|0x0000000710a00000, 0x0000000710c00000, 0x0000000710c00000|100%| E|CS|TAMS 0x0000000710a00000, 0x0000000710a00000| Complete 

Card table byte_map: [0x000001605a5b0000,0x000001605adb0000] _byte_map_base: 0x0000016056daa000

Marking Bits (Prev, Next): (CMBitMap*) 0x0000016042f840b0, (CMBitMap*) 0x0000016042f840f0
 Prev Bits: [0x000001605b5b0000, 0x000001605f580000)
 Next Bits: [0x000001605f580000, 0x0000016063550000)

Polling page: 0x0000016040e80000

Metaspace:

Usage:
  Non-class:      3.33 MB used.
      Class:    416.49 KB used.
       Both:      3.74 MB used.

Virtual space:
  Non-class space:       64.00 MB reserved,       3.38 MB (  5%) committed,  1 nodes.
      Class space:        1.00 GB reserved,     512.00 KB ( <1%) committed,  1 nodes.
             Both:        1.06 GB reserved,       3.88 MB ( <1%) committed. 

Chunk freelists:
   Non-Class:  2.05 MB
       Class:  3.45 MB
        Both:  5.50 MB

MaxMetaspaceSize: unlimited
CompressedClassSpaceSize: 1.00 GB
Initial GC threshold: 21.00 MB
Current GC threshold: 21.00 MB
CDS: on
MetaspaceReclaimPolicy: balanced
 - commit_granule_bytes: 65536.
 - commit_granule_words: 8192.
 - virtual_space_node_default_size: 8388608.
 - enlarge_chunks_in_place: 1.
 - new_chunks_are_fully_committed: 0.
 - uncommit_free_chunks: 1.
 - use_allocation_guard: 0.


Internal statistics:

num_allocs_failed_limit: 0.
num_arena_births: 124.
num_arena_deaths: 0.
num_vsnodes_births: 2.
num_vsnodes_deaths: 0.
num_space_committed: 62.
num_space_uncommitted: 0.
num_chunks_returned_to_freelist: 0.
num_chunks_taken_from_freelist: 228.
num_chunk_merges: 0.
num_chunk_splits: 160.
num_chunks_enlarged: 113.
num_inconsistent_stats: 0.

CodeHeap 'non-profiled nmethods': size=120000Kb used=234Kb max_used=234Kb free=119765Kb
 bounds [0x0000016052320000, 0x0000016052590000, 0x0000016059850000]
CodeHeap 'profiled nmethods': size=120000Kb used=1086Kb max_used=1086Kb free=118913Kb
 bounds [0x000001604adf0000, 0x000001604b060000, 0x0000016052320000]
CodeHeap 'non-nmethods': size=5760Kb used=1207Kb max_used=1221Kb free=4553Kb
 bounds [0x000001604a850000, 0x000001604aac0000, 0x000001604adf0000]
 total_blobs=1248 nmethods=750 adapters=411
 compilation: enabled
              stopped_count=0, restarted_count=0
 full_count=0

Compilation events (20 events):
Event: 0.546 Thread 0x00000160661953b0  730       3       jdk.internal.org.objectweb.asm.Frame::pop (53 bytes)
Event: 0.547 Thread 0x00000160661953b0 nmethod 730 0x000001604aef5d90 code [0x000001604aef5fe0, 0x000001604aef6778]
Event: 0.547 Thread 0x00000160661953b0  733       3       jdk.internal.org.objectweb.asm.MethodWriter::visitAbstractType (8 bytes)
Event: 0.547 Thread 0x0000016066192110  734       4       java.lang.String::getBytes (44 bytes)
Event: 0.547 Thread 0x00000160661953b0 nmethod 733 0x000001604aef6a90 code [0x000001604aef6c20, 0x000001604aef6d58]
Event: 0.548 Thread 0x00000160661953b0  735       3       java.util.ImmutableCollections$List12::size (16 bytes)
Event: 0.548 Thread 0x00000160661953b0 nmethod 735 0x000001604aef6e10 code [0x000001604aef6fa0, 0x000001604aef7138]
Event: 0.548 Thread 0x00000160661953b0  737       3       jdk.internal.org.objectweb.asm.Frame::push (59 bytes)
Event: 0.549 Thread 0x00000160661953b0 nmethod 737 0x000001604aef7210 code [0x000001604aef7440, 0x000001604aef7c18]
Event: 0.549 Thread 0x00000160661953b0  736       3       java.util.ImmutableCollections$List12::get (35 bytes)
Event: 0.550 Thread 0x00000160661953b0 nmethod 736 0x000001604aef7f90 code [0x000001604aef8140, 0x000001604aef8408]
Event: 0.550 Thread 0x00000160661953b0  738       3       jdk.internal.org.objectweb.asm.Attribute::putAttributes (78 bytes)
Event: 0.551 Thread 0x0000016066192110 nmethod 734 0x0000016052358d10 code [0x0000016052358e80, 0x0000016052358fb8]
Event: 0.551 Thread 0x00000160661953b0 nmethod 738 0x000001604aef8510 code [0x000001604aef8760, 0x000001604aef8c98]
Event: 0.551 Thread 0x00000160661953b0  731       1       jdk.internal.org.objectweb.asm.SymbolTable::getConstantPoolCount (5 bytes)
Event: 0.552 Thread 0x00000160661953b0 nmethod 731 0x0000016052359110 code [0x00000160523592a0, 0x0000016052359378]
Event: 0.552 Thread 0x00000160661953b0  739       3       java.security.SecureClassLoader$CodeSourceKey::equals (60 bytes)
Event: 0.552 Thread 0x00000160661953b0 nmethod 739 0x000001604aef8f90 code [0x000001604aef9180, 0x000001604aef9818]
Event: 0.552 Thread 0x00000160661953b0  740       3       java.security.CodeSource::matchCerts (254 bytes)
Event: 0.553 Thread 0x00000160661953b0 nmethod 740 0x000001604aef9a10 code [0x000001604aef9c80, 0x000001604aefa8f8]

GC Heap History (0 events):
No events

Deoptimization events (20 events):
Event: 0.369 Thread 0x0000016042f10ff0 Uncommon trap: trap_request=0xffffffc6 fr.pc=0x000001605233cbbc relative=0x0000000000000d7c
Event: 0.369 Thread 0x0000016042f10ff0 Uncommon trap: reason=bimorphic_or_optimized_type_check action=maybe_recompile pc=0x000001605233cbbc method=java.util.HashMap.putVal(ILjava/lang/Object;Ljava/lang/Object;ZZ)Ljava/lang/Object; @ 56 c2
Event: 0.369 Thread 0x0000016042f10ff0 DEOPT PACKING pc=0x000001605233cbbc sp=0x00000027799fd2d0
Event: 0.369 Thread 0x0000016042f10ff0 DEOPT UNPACKING pc=0x000001604a8a23a3 sp=0x00000027799fd268 mode 2
Event: 0.527 Thread 0x000001606a77a9d0 Uncommon trap: trap_request=0xffffffde fr.pc=0x00000160523572ac relative=0x000000000000010c
Event: 0.527 Thread 0x000001606a77a9d0 Uncommon trap: reason=class_check action=maybe_recompile pc=0x00000160523572ac method=jdk.internal.misc.Unsafe.allocateUninitializedArray(Ljava/lang/Class;I)Ljava/lang/Object; @ 51 c2
Event: 0.527 Thread 0x000001606a77a9d0 DEOPT PACKING pc=0x00000160523572ac sp=0x000000277b1fd080
Event: 0.527 Thread 0x000001606a77a9d0 DEOPT UNPACKING pc=0x000001604a8a23a3 sp=0x000000277b1fd008 mode 2
Event: 0.527 Thread 0x000001606a77a9d0 Uncommon trap: trap_request=0xffffffde fr.pc=0x00000160523572ac relative=0x000000000000010c
Event: 0.527 Thread 0x000001606a77a9d0 Uncommon trap: reason=class_check action=maybe_recompile pc=0x00000160523572ac method=jdk.internal.misc.Unsafe.allocateUninitializedArray(Ljava/lang/Class;I)Ljava/lang/Object; @ 51 c2
Event: 0.527 Thread 0x000001606a77a9d0 DEOPT PACKING pc=0x00000160523572ac sp=0x000000277b1fd030
Event: 0.527 Thread 0x000001606a77a9d0 DEOPT UNPACKING pc=0x000001604a8a23a3 sp=0x000000277b1fcfb8 mode 2
Event: 0.527 Thread 0x000001606a77a9d0 Uncommon trap: trap_request=0xffffffde fr.pc=0x00000160523572ac relative=0x000000000000010c
Event: 0.527 Thread 0x000001606a77a9d0 Uncommon trap: reason=class_check action=maybe_recompile pc=0x00000160523572ac method=jdk.internal.misc.Unsafe.allocateUninitializedArray(Ljava/lang/Class;I)Ljava/lang/Object; @ 51 c2
Event: 0.527 Thread 0x000001606a77a9d0 DEOPT PACKING pc=0x00000160523572ac sp=0x000000277b1fb590
Event: 0.527 Thread 0x000001606a77a9d0 DEOPT UNPACKING pc=0x000001604a8a23a3 sp=0x000000277b1fb518 mode 2
Event: 0.527 Thread 0x000001606a77a9d0 Uncommon trap: trap_request=0xffffffde fr.pc=0x00000160523572ac relative=0x000000000000010c
Event: 0.527 Thread 0x000001606a77a9d0 Uncommon trap: reason=class_check action=maybe_recompile pc=0x00000160523572ac method=jdk.internal.misc.Unsafe.allocateUninitializedArray(Ljava/lang/Class;I)Ljava/lang/Object; @ 51 c2
Event: 0.527 Thread 0x000001606a77a9d0 DEOPT PACKING pc=0x00000160523572ac sp=0x000000277b1fb540
Event: 0.527 Thread 0x000001606a77a9d0 DEOPT UNPACKING pc=0x000001604a8a23a3 sp=0x000000277b1fb4c8 mode 2

Classes loaded (20 events):
Event: 0.541 Loading class java/util/LinkedHashMap$LinkedValueIterator
Event: 0.541 Loading class java/util/LinkedHashMap$LinkedValueIterator done
Event: 0.541 Loading class java/lang/WeakPairMap$Pair$Weak
Event: 0.542 Loading class java/lang/WeakPairMap$WeakRefPeer
Event: 0.542 Loading class java/lang/WeakPairMap$WeakRefPeer done
Event: 0.542 Loading class java/lang/WeakPairMap$Pair$Weak done
Event: 0.542 Loading class java/lang/WeakPairMap$Pair$Weak$1
Event: 0.542 Loading class java/lang/WeakPairMap$Pair$Weak$1 done
Event: 0.543 Loading class java/lang/reflect/ProxyGenerator
Event: 0.543 Loading class java/lang/reflect/ProxyGenerator done
Event: 0.543 Loading class java/lang/reflect/ProxyGenerator$ProxyMethod
Event: 0.543 Loading class java/lang/reflect/ProxyGenerator$ProxyMethod done
Event: 0.544 Loading class java/lang/reflect/ProxyGenerator$PrimitiveTypeInfo
Event: 0.544 Loading class java/lang/reflect/ProxyGenerator$PrimitiveTypeInfo done
Event: 0.544 Loading class jdk/internal/org/objectweb/asm/Edge
Event: 0.544 Loading class jdk/internal/org/objectweb/asm/Edge done
Event: 0.545 Loading class java/lang/reflect/Proxy$ProxyBuilder$1
Event: 0.545 Loading class java/lang/reflect/Proxy$ProxyBuilder$1 done
Event: 0.546 Loading class java/lang/annotation/Target
Event: 0.546 Loading class java/lang/annotation/Target done

Classes unloaded (0 events):
No events

Classes redefined (0 events):
No events

Internal exceptions (13 events):
Event: 0.063 Thread 0x0000016042f10ff0 Exception <a 'java/lang/NoSuchMethodError'{0x0000000710b211b8}: 'void java.lang.invoke.DirectMethodHandle$Holder.invokeVirtual(java.lang.Object, java.lang.Object)'> (0x0000000710b211b8) 
thrown [s\open\src\hotspot\share\interpreter\linkResolver.cpp, line 759]
Event: 0.168 Thread 0x0000016042f10ff0 Exception <a 'java/lang/NoSuchMethodError'{0x000000071054fa18}: 'java.lang.Object java.lang.invoke.DirectMethodHandle$Holder.invokeStaticInit(java.lang.Object)'> (0x000000071054fa18) 
thrown [s\open\src\hotspot\share\interpreter\linkResolver.cpp, line 759]
Event: 0.171 Thread 0x0000016042f10ff0 Exception <a 'java/lang/NoSuchMethodError'{0x00000007105a0378}: 'void java.lang.invoke.DirectMethodHandle$Holder.invokeStatic(java.lang.Object, java.lang.Object, java.lang.Object, java.lang.Object)'> (0x00000007105a0378) 
thrown [s\open\src\hotspot\share\interpreter\linkResolver.cpp, line 759]
Event: 0.172 Thread 0x0000016042f10ff0 Exception <a 'java/lang/NoSuchMethodError'{0x00000007105a4310}: 'void java.lang.invoke.DirectMethodHandle$Holder.invokeSpecial(java.lang.Object, java.lang.Object, java.lang.Object, java.lang.Object, java.lang.Object)'> (0x00000007105a4310) 
thrown [s\open\src\hotspot\share\interpreter\linkResolver.cpp, line 759]
Event: 0.179 Thread 0x0000016042f10ff0 Exception <a 'java/lang/NoSuchMethodError'{0x00000007105bcf20}: 'java.lang.Object java.lang.invoke.Invokers$Holder.invokeExact_MT(java.lang.Object, java.lang.Object, java.lang.Object, java.lang.Object, java.lang.Object, java.lang.Object)'> (0x00000007105bcf20) 
thrown [s\open\src\hotspot\share\interpreter\linkResolver.cpp, line 759]
Event: 0.185 Thread 0x0000016042f10ff0 Exception <a 'java/lang/NoSuchMethodError'{0x00000007105d1090}: 'void java.lang.invoke.DirectMethodHandle$Holder.invokeStatic(java.lang.Object, java.lang.Object)'> (0x00000007105d1090) 
thrown [s\open\src\hotspot\share\interpreter\linkResolver.cpp, line 759]
Event: 0.298 Thread 0x0000016042f10ff0 Exception <a 'java/lang/NoSuchMethodError'{0x00000007100db5c0}: 'void java.lang.invoke.DirectMethodHandle$Holder.invokeSpecial(java.lang.Object, java.lang.Object, java.lang.Object)'> (0x00000007100db5c0) 
thrown [s\open\src\hotspot\share\interpreter\linkResolver.cpp, line 759]
Event: 0.305 Thread 0x0000016042f10ff0 Exception <a 'java/lang/NoSuchMethodError'{0x00000007101144d8}: 'void java.lang.invoke.DirectMethodHandle$Holder.invokeStatic(java.lang.Object, java.lang.Object, java.lang.Object)'> (0x00000007101144d8) 
thrown [s\open\src\hotspot\share\interpreter\linkResolver.cpp, line 759]
Event: 0.361 Thread 0x0000016042f10ff0 Exception <a 'java/lang/NoSuchMethodError'{0x00000007101312c0}: 'int java.lang.invoke.DirectMethodHandle$Holder.invokeStaticInit(java.lang.Object, java.lang.Object, java.lang.Object)'> (0x00000007101312c0) 
thrown [s\open\src\hotspot\share\interpreter\linkResolver.cpp, line 759]
Event: 0.378 Thread 0x0000016042f10ff0 Exception <a 'java/lang/NoSuchMethodError'{0x000000070fe570c8}: 'java.lang.Object java.lang.invoke.DirectMethodHandle$Holder.newInvokeSpecial(java.lang.Object, java.lang.Object, int, java.lang.Object)'> (0x000000070fe570c8) 
thrown [s\open\src\hotspot\share\interpreter\linkResolver.cpp, line 759]
Event: 0.379 Thread 0x0000016042f10ff0 Exception <a 'java/lang/NoSuchMethodError'{0x000000070fe5b4b0}: 'java.lang.Object java.lang.invoke.DirectMethodHandle$Holder.invokeSpecial(java.lang.Object, java.lang.Object, java.lang.Object, int, java.lang.Object)'> (0x000000070fe5b4b0) 
thrown [s\open\src\hotspot\share\interpreter\linkResolver.cpp, line 759]
Event: 0.529 Thread 0x000001606a77a9d0 Exception <a 'java/lang/NoSuchMethodError'{0x000000070fd102e0}: 'void java.lang.invoke.DirectMethodHandle$Holder.invokeStaticInit(java.lang.Object)'> (0x000000070fd102e0) 
thrown [s\open\src\hotspot\share\interpreter\linkResolver.cpp, line 759]
Event: 0.533 Thread 0x0000016042f10ff0 Exception <a 'java/lang/NoSuchMethodError'{0x000000070fe702a8}: 'java.lang.Object java.lang.invoke.DirectMethodHandle$Holder.newInvokeSpecial(java.lang.Object, java.lang.Object, java.lang.Object, java.lang.Object, java.lang.Object, java.lang.Object)'> (0x000000070fe702a8) 
thrown [s\open\src\hotspot\share\interpreter\linkResolver.cpp, line 759]

VM Operations (6 events):
Event: 0.078 Executing VM operation: HandshakeAllThreads
Event: 0.078 Executing VM operation: HandshakeAllThreads done
Event: 0.137 Executing VM operation: HandshakeAllThreads
Event: 0.137 Executing VM operation: HandshakeAllThreads done
Event: 0.369 Executing VM operation: HandshakeAllThreads
Event: 0.369 Executing VM operation: HandshakeAllThreads done

Events (20 events):
Event: 0.272 Loaded shared library C:\Program Files\Java\javafx-sdk-20.0.1\bin\api-ms-win-crt-private-l1-1-0.dll
Event: 0.273 Loaded shared library C:\Program Files\Java\javafx-sdk-20.0.1\bin\api-ms-win-crt-process-l1-1-0.dll
Event: 0.273 Loaded shared library C:\Program Files\Java\javafx-sdk-20.0.1\bin\api-ms-win-crt-runtime-l1-1-0.dll
Event: 0.274 Loaded shared library C:\Program Files\Java\javafx-sdk-20.0.1\bin\api-ms-win-crt-stdio-l1-1-0.dll
Event: 0.275 Loaded shared library C:\Program Files\Java\javafx-sdk-20.0.1\bin\api-ms-win-crt-string-l1-1-0.dll
Event: 0.276 Loaded shared library C:\Program Files\Java\javafx-sdk-20.0.1\bin\api-ms-win-crt-time-l1-1-0.dll
Event: 0.277 Loaded shared library C:\Program Files\Java\javafx-sdk-20.0.1\bin\api-ms-win-crt-utility-l1-1-0.dll
Event: 0.278 Loaded shared library C:\Program Files\Java\javafx-sdk-20.0.1\bin\ucrtbase.dll
Event: 0.279 Loaded shared library C:\Program Files\Java\javafx-sdk-20.0.1\bin\vcruntime140.dll
Event: 0.279 Loaded shared library C:\Program Files\Java\javafx-sdk-20.0.1\bin\vcruntime140_1.dll
Event: 0.280 Loaded shared library C:\Program Files\Java\javafx-sdk-20.0.1\bin\msvcp140.dll
Event: 0.281 Loaded shared library C:\Program Files\Java\javafx-sdk-20.0.1\bin\msvcp140_1.dll
Event: 0.282 Loaded shared library C:\Program Files\Java\javafx-sdk-20.0.1\bin\msvcp140_2.dll
Event: 0.306 Thread 0x000001606a804660 Thread added: 0x000001606a804660
Event: 0.312 Loaded shared library C:\Program Files\Java\javafx-sdk-20.0.1\bin\prism_d3d.dll
Event: 0.373 Loaded shared library C:\Program Files\Java\javafx-sdk-20.0.1\bin\glass.dll
Event: 0.377 Thread 0x000001606ab89e10 Thread added: 0x000001606ab89e10
Event: 0.380 Thread 0x000001606a77a9d0 Thread added: 0x000001606a77a9d0
Event: 0.509 Thread 0x0000016066192620 Thread exited: 0x0000016066192620
Event: 0.552 Thread 0x000001606afa7bb0 Thread added: 0x000001606afa7bb0


Dynamic libraries:
0x00007ff6baa30000 - 0x00007ff6baa40000 	C:\Program Files\Java\jdk-18.0.2.1\bin\javaw.exe
0x00007ff953ae0000 - 0x00007ff953ce9000 	C:\WINDOWS\SYSTEM32\ntdll.dll
0x00007ff952a90000 - 0x00007ff952b4e000 	C:\WINDOWS\System32\KERNEL32.DLL
0x00007ff9510e0000 - 0x00007ff951464000 	C:\WINDOWS\System32\KERNELBASE.dll
0x00007ff951470000 - 0x00007ff951581000 	C:\WINDOWS\System32\ucrtbase.dll
0x00007ff93ef20000 - 0x00007ff93ef3a000 	C:\Program Files\Java\jdk-18.0.2.1\bin\VCRUNTIME140.dll
0x00007ff93f780000 - 0x00007ff93f798000 	C:\Program Files\Java\jdk-18.0.2.1\bin\jli.dll
0x00007ff951b60000 - 0x00007ff951c0f000 	C:\WINDOWS\System32\ADVAPI32.dll
0x00007ff951f20000 - 0x00007ff951fc3000 	C:\WINDOWS\System32\msvcrt.dll
0x00007ff951fd0000 - 0x00007ff95206e000 	C:\WINDOWS\System32\sechost.dll
0x00007ff951df0000 - 0x00007ff951f11000 	C:\WINDOWS\System32\RPCRT4.dll
0x00007ff9519b0000 - 0x00007ff951b5d000 	C:\WINDOWS\System32\USER32.dll
0x00007ff951770000 - 0x00007ff951796000 	C:\WINDOWS\System32\win32u.dll
0x00007ff939c30000 - 0x00007ff939ed5000 	C:\WINDOWS\WinSxS\amd64_microsoft.windows.common-controls_6595b64144ccf1df_6.0.22000.120_none_9d947278b86cc467\COMCTL32.dll
0x00007ff9532e0000 - 0x00007ff95330a000 	C:\WINDOWS\System32\GDI32.dll
0x00007ff9517a0000 - 0x00007ff9518bf000 	C:\WINDOWS\System32\gdi32full.dll
0x00007ff951590000 - 0x00007ff95162d000 	C:\WINDOWS\System32\msvcp_win.dll
0x00007ff94c4d0000 - 0x00007ff94c4da000 	C:\WINDOWS\SYSTEM32\VERSION.dll
0x00007ff9520d0000 - 0x00007ff952101000 	C:\WINDOWS\System32\IMM32.DLL
0x00007ff93faf0000 - 0x00007ff93fafc000 	C:\Program Files\Java\jdk-18.0.2.1\bin\vcruntime140_1.dll
0x00007ff9323c0000 - 0x00007ff93244d000 	C:\Program Files\Java\jdk-18.0.2.1\bin\msvcp140.dll
0x00007ff913e70000 - 0x00007ff914a81000 	C:\Program Files\Java\jdk-18.0.2.1\bin\server\jvm.dll
0x00007ff951de0000 - 0x00007ff951de8000 	C:\WINDOWS\System32\PSAPI.DLL
0x00007ff94e3f0000 - 0x00007ff94e3f9000 	C:\WINDOWS\SYSTEM32\WSOCK32.dll
0x00007ff952ef0000 - 0x00007ff952f5f000 	C:\WINDOWS\System32\WS2_32.dll
0x00007ff93f6f0000 - 0x00007ff93f723000 	C:\WINDOWS\SYSTEM32\WINMM.dll
0x00007ff94ff90000 - 0x00007ff94ffa8000 	C:\WINDOWS\SYSTEM32\kernel.appcore.dll
0x00007ff94e360000 - 0x00007ff94e36a000 	C:\Program Files\Java\jdk-18.0.2.1\bin\jimage.dll
0x00007ff93a200000 - 0x00007ff93a421000 	C:\WINDOWS\SYSTEM32\DBGHELP.DLL
0x00007ff93a020000 - 0x00007ff93a051000 	C:\WINDOWS\SYSTEM32\dbgcore.DLL
0x00007ff9516f0000 - 0x00007ff95176f000 	C:\WINDOWS\System32\bcryptPrimitives.dll
0x00007ff944050000 - 0x00007ff944075000 	C:\Program Files\Java\jdk-18.0.2.1\bin\java.dll
0x00007ff93dff0000 - 0x00007ff93e0c6000 	C:\Program Files\Java\jdk-18.0.2.1\bin\jsvml.dll
0x00007ff9522b0000 - 0x00007ff952a75000 	C:\WINDOWS\System32\SHELL32.dll
0x00007ff94eff0000 - 0x00007ff94f854000 	C:\WINDOWS\SYSTEM32\windows.storage.dll
0x00007ff952f60000 - 0x00007ff9532d6000 	C:\WINDOWS\System32\combase.dll
0x00007ff94ee80000 - 0x00007ff94efe7000 	C:\WINDOWS\SYSTEM32\wintypes.dll
0x00007ff952110000 - 0x00007ff9521fa000 	C:\WINDOWS\System32\SHCORE.dll
0x00007ff952070000 - 0x00007ff9520cd000 	C:\WINDOWS\System32\shlwapi.dll
0x00007ff950ea0000 - 0x00007ff950ec5000 	C:\WINDOWS\SYSTEM32\profapi.dll
0x00007ff944770000 - 0x00007ff944783000 	C:\Program Files\Java\jdk-18.0.2.1\bin\net.dll
0x00007ff94ba30000 - 0x00007ff94bb43000 	C:\WINDOWS\SYSTEM32\WINHTTP.dll
0x00007ff950430000 - 0x00007ff950497000 	C:\WINDOWS\system32\mswsock.dll
0x00007ff93f850000 - 0x00007ff93f866000 	C:\Program Files\Java\jdk-18.0.2.1\bin\nio.dll
0x00007ff93f830000 - 0x00007ff93f848000 	C:\Program Files\Java\jdk-18.0.2.1\bin\zip.dll
0x0000016040ec0000 - 0x0000016040ec3000 	C:\Program Files\Java\javafx-sdk-20.0.1\bin\api-ms-win-core-console-l1-1-0.dll
0x0000016040ed0000 - 0x0000016040ed3000 	C:\Program Files\Java\javafx-sdk-20.0.1\bin\api-ms-win-core-console-l1-2-0.dll
0x0000016040ee0000 - 0x0000016040ee3000 	C:\Program Files\Java\javafx-sdk-20.0.1\bin\api-ms-win-core-datetime-l1-1-0.dll
0x0000016040ef0000 - 0x0000016040ef3000 	C:\Program Files\Java\javafx-sdk-20.0.1\bin\api-ms-win-core-debug-l1-1-0.dll
0x0000016040f00000 - 0x0000016040f03000 	C:\Program Files\Java\javafx-sdk-20.0.1\bin\api-ms-win-core-errorhandling-l1-1-0.dll
0x0000016040f10000 - 0x0000016040f14000 	C:\Program Files\Java\javafx-sdk-20.0.1\bin\api-ms-win-core-file-l1-1-0.dll
0x0000016040f20000 - 0x0000016040f23000 	C:\Program Files\Java\javafx-sdk-20.0.1\bin\api-ms-win-core-file-l1-2-0.dll
0x0000016042eb0000 - 0x0000016042eb3000 	C:\Program Files\Java\javafx-sdk-20.0.1\bin\api-ms-win-core-file-l2-1-0.dll
0x0000016042ec0000 - 0x0000016042ec3000 	C:\Program Files\Java\javafx-sdk-20.0.1\bin\api-ms-win-core-handle-l1-1-0.dll
0x0000016042ed0000 - 0x0000016042ed3000 	C:\Program Files\Java\javafx-sdk-20.0.1\bin\api-ms-win-core-heap-l1-1-0.dll
0x0000016066320000 - 0x0000016066323000 	C:\Program Files\Java\javafx-sdk-20.0.1\bin\api-ms-win-core-interlocked-l1-1-0.dll
0x0000016066330000 - 0x0000016066333000 	C:\Program Files\Java\javafx-sdk-20.0.1\bin\api-ms-win-core-libraryloader-l1-1-0.dll
0x0000016066340000 - 0x0000016066343000 	C:\Program Files\Java\javafx-sdk-20.0.1\bin\api-ms-win-core-localization-l1-2-0.dll
0x0000016066350000 - 0x0000016066353000 	C:\Program Files\Java\javafx-sdk-20.0.1\bin\api-ms-win-core-memory-l1-1-0.dll
0x0000016066360000 - 0x0000016066363000 	C:\Program Files\Java\javafx-sdk-20.0.1\bin\api-ms-win-core-namedpipe-l1-1-0.dll
0x0000016066370000 - 0x0000016066373000 	C:\Program Files\Java\javafx-sdk-20.0.1\bin\api-ms-win-core-processenvironment-l1-1-0.dll
0x0000016066380000 - 0x0000016066383000 	C:\Program Files\Java\javafx-sdk-20.0.1\bin\api-ms-win-core-processthreads-l1-1-0.dll
0x0000016066390000 - 0x0000016066393000 	C:\Program Files\Java\javafx-sdk-20.0.1\bin\api-ms-win-core-processthreads-l1-1-1.dll
0x00000160663a0000 - 0x00000160663a3000 	C:\Program Files\Java\javafx-sdk-20.0.1\bin\api-ms-win-core-profile-l1-1-0.dll
0x00000160663b0000 - 0x00000160663b3000 	C:\Program Files\Java\javafx-sdk-20.0.1\bin\api-ms-win-core-rtlsupport-l1-1-0.dll
0x00000160663c0000 - 0x00000160663c3000 	C:\Program Files\Java\javafx-sdk-20.0.1\bin\api-ms-win-core-string-l1-1-0.dll
0x00000160663d0000 - 0x00000160663d3000 	C:\Program Files\Java\javafx-sdk-20.0.1\bin\api-ms-win-core-synch-l1-1-0.dll
0x00000160663e0000 - 0x00000160663e3000 	C:\Program Files\Java\javafx-sdk-20.0.1\bin\api-ms-win-core-synch-l1-2-0.dll
0x00000160663f0000 - 0x00000160663f3000 	C:\Program Files\Java\javafx-sdk-20.0.1\bin\api-ms-win-core-sysinfo-l1-1-0.dll
0x000001606b000000 - 0x000001606b003000 	C:\Program Files\Java\javafx-sdk-20.0.1\bin\api-ms-win-core-timezone-l1-1-0.dll
0x000001606b010000 - 0x000001606b013000 	C:\Program Files\Java\javafx-sdk-20.0.1\bin\api-ms-win-core-util-l1-1-0.dll
0x000001606b020000 - 0x000001606b023000 	C:\Program Files\Java\javafx-sdk-20.0.1\bin\api-ms-win-crt-conio-l1-1-0.dll
0x000001606b030000 - 0x000001606b034000 	C:\Program Files\Java\javafx-sdk-20.0.1\bin\api-ms-win-crt-convert-l1-1-0.dll
0x000001606b040000 - 0x000001606b043000 	C:\Program Files\Java\javafx-sdk-20.0.1\bin\api-ms-win-crt-environment-l1-1-0.dll
0x000001606b050000 - 0x000001606b053000 	C:\Program Files\Java\javafx-sdk-20.0.1\bin\api-ms-win-crt-filesystem-l1-1-0.dll
0x000001606b060000 - 0x000001606b063000 	C:\Program Files\Java\javafx-sdk-20.0.1\bin\api-ms-win-crt-heap-l1-1-0.dll
0x000001606b070000 - 0x000001606b073000 	C:\Program Files\Java\javafx-sdk-20.0.1\bin\api-ms-win-crt-locale-l1-1-0.dll
0x000001606b080000 - 0x000001606b085000 	C:\Program Files\Java\javafx-sdk-20.0.1\bin\api-ms-win-crt-math-l1-1-0.dll
0x000001606b090000 - 0x000001606b095000 	C:\Program Files\Java\javafx-sdk-20.0.1\bin\api-ms-win-crt-multibyte-l1-1-0.dll
0x000001606b0a0000 - 0x000001606b0b0000 	C:\Program Files\Java\javafx-sdk-20.0.1\bin\api-ms-win-crt-private-l1-1-0.dll
0x000001606b0b0000 - 0x000001606b0b3000 	C:\Program Files\Java\javafx-sdk-20.0.1\bin\api-ms-win-crt-process-l1-1-0.dll
0x000001606b0c0000 - 0x000001606b0c4000 	C:\Program Files\Java\javafx-sdk-20.0.1\bin\api-ms-win-crt-runtime-l1-1-0.dll
0x000001606b0d0000 - 0x000001606b0d4000 	C:\Program Files\Java\javafx-sdk-20.0.1\bin\api-ms-win-crt-stdio-l1-1-0.dll
0x000001606b0e0000 - 0x000001606b0e4000 	C:\Program Files\Java\javafx-sdk-20.0.1\bin\api-ms-win-crt-string-l1-1-0.dll
0x000001606b0f0000 - 0x000001606b0f3000 	C:\Program Files\Java\javafx-sdk-20.0.1\bin\api-ms-win-crt-time-l1-1-0.dll
0x000001606b100000 - 0x000001606b103000 	C:\Program Files\Java\javafx-sdk-20.0.1\bin\api-ms-win-crt-utility-l1-1-0.dll
0x00007ff922bf0000 - 0x00007ff922cec000 	C:\Program Files\Java\javafx-sdk-20.0.1\bin\ucrtbase.dll
0x00007ff93deb0000 - 0x00007ff93decb000 	C:\Program Files\Java\javafx-sdk-20.0.1\bin\vcruntime140.dll
0x00007ff93e150000 - 0x00007ff93e15c000 	C:\Program Files\Java\javafx-sdk-20.0.1\bin\vcruntime140_1.dll
0x00007ff922940000 - 0x00007ff9229ce000 	C:\Program Files\Java\javafx-sdk-20.0.1\bin\msvcp140.dll
0x00007ff93c420000 - 0x00007ff93c429000 	C:\Program Files\Java\javafx-sdk-20.0.1\bin\msvcp140_1.dll
0x00007ff932350000 - 0x00007ff932380000 	C:\Program Files\Java\javafx-sdk-20.0.1\bin\msvcp140_2.dll
0x00007ff932320000 - 0x00007ff93234f000 	C:\Program Files\Java\javafx-sdk-20.0.1\bin\prism_d3d.dll
0x00007ff926eb0000 - 0x00007ff927056000 	C:\WINDOWS\system32\d3d9.dll
0x00007ff94ea90000 - 0x00007ff94eabf000 	C:\WINDOWS\SYSTEM32\dwmapi.dll
0x00007ff94e710000 - 0x00007ff94e748000 	C:\WINDOWS\SYSTEM32\dxcore.dll
0x00007ff94e610000 - 0x00007ff94e6bc000 	C:\WINDOWS\system32\uxtheme.dll
0x00007ff945160000 - 0x00007ff94521c000 	C:\WINDOWS\System32\DriverStore\FileRepository\nv_dispig.inf_amd64_3df97ebff5865c42\nvldumdx.dll
0x00007ff950750000 - 0x00007ff950762000 	C:\WINDOWS\SYSTEM32\msasn1.dll
0x00007ff948690000 - 0x00007ff9486c1000 	C:\WINDOWS\SYSTEM32\cryptnet.dll
0x00007ff950f70000 - 0x00007ff9510da000 	C:\WINDOWS\System32\CRYPT32.dll
0x00007ff947a60000 - 0x00007ff947bb1000 	C:\WINDOWS\SYSTEM32\drvstore.dll
0x00007ff950b90000 - 0x00007ff950bc3000 	C:\WINDOWS\SYSTEM32\devobj.dll
0x00007ff950b40000 - 0x00007ff950b8c000 	C:\WINDOWS\SYSTEM32\cfgmgr32.dll
0x00007ff9506b0000 - 0x00007ff9506ef000 	C:\WINDOWS\SYSTEM32\wldp.dll
0x00007ff950620000 - 0x00007ff95062c000 	C:\WINDOWS\SYSTEM32\cryptbase.dll
0x00007ff9518c0000 - 0x00007ff951927000 	C:\WINDOWS\System32\wintrust.dll
0x00007ff952b50000 - 0x00007ff952b6f000 	C:\WINDOWS\System32\imagehlp.dll
0x00007ff950700000 - 0x00007ff950718000 	C:\WINDOWS\SYSTEM32\CRYPTSP.dll
0x00007ff94fef0000 - 0x00007ff94ff25000 	C:\WINDOWS\system32\rsaenh.dll
0x00007ff950850000 - 0x00007ff950877000 	C:\WINDOWS\SYSTEM32\bcrypt.dll
0x00007ff8e48d0000 - 0x00007ff8e71f2000 	C:\WINDOWS\System32\DriverStore\FileRepository\nv_dispig.inf_amd64_3df97ebff5865c42\nvd3dumx.dll
0x00007ff94b9e0000 - 0x00007ff94ba24000 	C:\WINDOWS\SYSTEM32\directxdatabasehelper.dll
0x00007ff94ffb0000 - 0x00007ff94ffe4000 	C:\WINDOWS\SYSTEM32\ntmarta.dll
0x00007ff922ba0000 - 0x00007ff922be2000 	C:\Program Files\Java\javafx-sdk-20.0.1\bin\glass.dll
0x00007ff9539b0000 - 0x00007ff953a9c000 	C:\WINDOWS\System32\COMDLG32.dll
0x00007ff951c40000 - 0x00007ff951dda000 	C:\WINDOWS\System32\ole32.dll
0x00007ff952da0000 - 0x00007ff952e76000 	C:\WINDOWS\System32\OLEAUT32.dll
0x00007ff9533a0000 - 0x00007ff9534bd000 	C:\WINDOWS\System32\MSCTF.dll
0x00007ff8ff2c0000 - 0x00007ff8ff591000 	C:\WINDOWS\system32\nvspcap64.dll
0x00007ff9504a0000 - 0x00007ff9504c4000 	C:\WINDOWS\SYSTEM32\gpapi.dll

dbghelp: loaded successfully - version: 4.0.5 - missing functions: none
symbol engine: initialized successfully - sym options: 0x614 - pdb path: .;C:\Program Files\Java\jdk-18.0.2.1\bin;C:\WINDOWS\SYSTEM32;C:\WINDOWS\WinSxS\amd64_microsoft.windows.common-controls_6595b64144ccf1df_6.0.22000.120_none_9d947278b86cc467;C:\Program Files\Java\jdk-18.0.2.1\bin\server;C:\Program Files\Java\javafx-sdk-20.0.1\bin;C:\WINDOWS\System32\DriverStore\FileRepository\nv_dispig.inf_amd64_3df97ebff5865c42

VM Arguments:
jvm_args: -Dfile.encoding=UTF-8 --module-path=C:\Users\Diniz\eclipse-workspace\TrabalhoFinalLP2\bin;C:\Program Files\Java\javafx-sdk-20.0.1\lib\javafx-swt.jar;C:\Program Files\Java\javafx-sdk-20.0.1\lib\javafx.base.jar;C:\Program Files\Java\javafx-sdk-20.0.1\lib\javafx.controls.jar;C:\Program Files\Java\javafx-sdk-20.0.1\lib\javafx.fxml.jar;C:\Program Files\Java\javafx-sdk-20.0.1\lib\javafx.graphics.jar;C:\Program Files\Java\javafx-sdk-20.0.1\lib\javafx.media.jar;C:\Program Files\Java\javafx-sdk-20.0.1\lib\javafx.swing.jar;C:\Program Files\Java\javafx-sdk-20.0.1\lib\javafx.web.jar;C:\Users\Diniz\.p2\pool\plugins\org.eclipse.fx.ide.css.jfx8_3.8.0.202204150904.jar -XX:+ShowCodeDetailsInExceptionMessages -Djdk.module.main=TrabalhoFinalLP2 
java_command: TrabalhoFinalLP2/application.Main
java_class_path (initial): <not set>
Launcher Type: SUN_STANDARD

[Global flags]
     intx CICompilerCount                          = 4                                         {product} {ergonomic}
     uint ConcGCThreads                            = 3                                         {product} {ergonomic}
     uint G1ConcRefinementThreads                  = 10                                        {product} {ergonomic}
   size_t G1HeapRegionSize                         = 2097152                                   {product} {ergonomic}
    uintx GCDrainStackTargetSize                   = 64                                        {product} {ergonomic}
   size_t InitialHeapSize                          = 268435456                                 {product} {ergonomic}
   size_t MarkStackSize                            = 4194304                                   {product} {ergonomic}
   size_t MaxHeapSize                              = 4282384384                                {product} {ergonomic}
   size_t MaxNewSize                               = 2569011200                                {product} {ergonomic}
   size_t MinHeapDeltaBytes                        = 2097152                                   {product} {ergonomic}
   size_t MinHeapSize                              = 8388608                                   {product} {ergonomic}
    uintx NonNMethodCodeHeapSize                   = 5839372                                {pd product} {ergonomic}
    uintx NonProfiledCodeHeapSize                  = 122909434                              {pd product} {ergonomic}
    uintx ProfiledCodeHeapSize                     = 122909434                              {pd product} {ergonomic}
    uintx ReservedCodeCacheSize                    = 251658240                              {pd product} {ergonomic}
     bool SegmentedCodeCache                       = true                                      {product} {ergonomic}
     bool ShowCodeDetailsInExceptionMessages       = true                                   {manageable} {command line}
   size_t SoftMaxHeapSize                          = 4282384384                             {manageable} {ergonomic}
     bool UseCompressedClassPointers               = true                           {product lp64_product} {ergonomic}
     bool UseCompressedOops                        = true                           {product lp64_product} {ergonomic}
     bool UseG1GC                                  = true                                      {product} {ergonomic}
     bool UseLargePagesIndividualAllocation        = false                                  {pd product} {ergonomic}

Logging:
Log output configuration:
 #0: stdout all=warning uptime,level,tags foldmultilines=false
 #1: stderr all=off uptime,level,tags foldmultilines=false

Environment Variables:
PATH=C:/Program Files/Java/jdk-18.0.2.1/bin/server;C:/Program Files/Java/jdk-18.0.2.1/bin;C:\Program Files\Common Files\Oracle\Java\javapath;C:\Program Files (x86)\Common Files\Oracle\Java\javapath;C:\WINDOWS\system32;C:\WINDOWS;C:\WINDOWS\System32\Wbem;C:\WINDOWS\System32\WindowsPowerShell\v1.0\;C:\WINDOWS\System32\OpenSSH\;C:\Program Files\Git\cmd;C:\Program Files\NVIDIA Corporation\NVIDIA NvDLISR;C:\Program Files (x86)\NVIDIA Corporation\PhysX\Common;C:\WINDOWS\system32;C:\WINDOWS;C:\WINDOWS\System32\Wbem;C:\WINDOWS\System32\WindowsPowerShell\v1.0\;C:\WINDOWS\System32\OpenSSH\;C:\Program Files\nodejs\;C:\\MinGW\bin;C:\ProgramData\chocolatey\bin;C:\Users\Diniz\Pictures\cmake-3.23.1-windows-x86_64\cmake-3.23.1-windows-x86_64\bin;C:\Users\Diniz\Music\gp550-20220409-win64-mingw\gnuplot\bin;C:\Program Files (x86)\Vim\vim82;C:\Program Files\PowerShell\7\;C:\Users\Diniz\AppData\Local\Microsoft\WindowsApps;C:\Users\Diniz\AppData\Roaming\npm;C:\Users\Diniz\AppData\Local\Programs\Microsoft VS Code\bin;C:\Users\Diniz\Desktop;
USERNAME=Diniz
LANG=PT
OS=Windows_NT
PROCESSOR_IDENTIFIER=AMD64 Family 23 Model 8 Stepping 2, AuthenticAMD



---------------  S Y S T E M  ---------------

OS:
 Windows 11 , 64 bit Build 22000 (10.0.22000.2121)
OS uptime: 1 days 12:30 hours
Hyper-V role detected

CPU: total 12 (initial active 12) (12 cores per cpu, 2 threads per core) family 23 model 8 stepping 2 microcode 0x0, cx8, cmov, fxsr, ht, mmx, 3dnowpref, sse, sse2, sse3, ssse3, sse4a, sse4.1, sse4.2, popcnt, lzcnt, tsc, tscinvbit, avx, avx2, aes, clmul, bmi1, bmi2, adx, sha, fma, vzeroupper, clflush, clflushopt, hv

Memory: 4k page, system-wide physical 16333M (4438M free)
TotalPageFile size 35802M (AvailPageFile size 5M)
current process WorkingSet (physical memory assigned to process): 79M, peak: 79M
current process commit charge ("private bytes"): 383M, peak: 383M

vm_info: Java HotSpot(TM) 64-Bit Server VM (18.0.2.1+1-1) for windows-amd64 JRE (18.0.2.1+1-1), built on Aug 16 2022 01:46:33 by "mach5one" with MS VC++ 16.8 / 16.9 (VS2019)

END.
