#
# There is insufficient memory for the Java Runtime Environment to continue.
# Native memory allocation (malloc) failed to allocate 679728 bytes for Chunk::new
# Possible reasons:
#   The system is out of physical RAM or swap space
#   The process is running with CompressedOops enabled, and the Java Heap may be blocking the growth of the native heap
# Possible solutions:
#   Reduce memory load on the system
#   Increase physical memory or swap space
#   Check if swap backing store is full
#   Decrease Java heap size (-Xmx/-Xms)
#   Decrease number of Java threads
#   Decrease Java thread stack sizes (-Xss)
#   Set larger code cache with -XX:ReservedCodeCacheSize=
#   JVM is running with Zero Based Compressed Oops mode in which the Java heap is
#     placed in the first 32GB address space. The Java Heap base address is the
#     maximum limit for the native heap growth. Please use -XX:HeapBaseMinAddress
#     to set the Java Heap base and to place the Java Heap above 32GB virtual address.
# This output file may be truncated or incomplete.
#
#  Out of Memory Error (arena.cpp:184), pid=1948, tid=20076
#
# JRE version: Java(TM) SE Runtime Environment (18.0.2.1+1) (build 18.0.2.1+1-1)
# Java VM: Java HotSpot(TM) 64-Bit Server VM (18.0.2.1+1-1, mixed mode, sharing, tiered, compressed oops, compressed class ptrs, g1 gc, windows-amd64)
# No core dump will be written. Minidumps are not enabled by default on client versions of Windows
#

---------------  S U M M A R Y ------------

Command Line: -XX:+ShowCodeDetailsInExceptionMessages -agentlib:jdwp=transport=dt_socket,suspend=y,address=localhost:50563 -javaagent:C:\Users\Diniz\eclipse\java-2022-06\eclipse\configuration\org.eclipse.osgi\215\0\.cp\lib\javaagent-shaded.jar -Dfile.encoding=UTF-8 --module-path=C:\Users\Diniz\eclipse-workspace\TrabalhoFinalLP2\bin;C:\Program Files\Java\javafx-sdk-20.0.1\lib\javafx-swt.jar;C:\Program Files\Java\javafx-sdk-20.0.1\lib\javafx.base.jar;C:\Program Files\Java\javafx-sdk-20.0.1\lib\javafx.controls.jar;C:\Program Files\Java\javafx-sdk-20.0.1\lib\javafx.fxml.jar;C:\Program Files\Java\javafx-sdk-20.0.1\lib\javafx.graphics.jar;C:\Program Files\Java\javafx-sdk-20.0.1\lib\javafx.media.jar;C:\Program Files\Java\javafx-sdk-20.0.1\lib\javafx.swing.jar;C:\Program Files\Java\javafx-sdk-20.0.1\lib\javafx.web.jar;C:\Users\Diniz\.p2\pool\plugins\org.eclipse.fx.ide.css.jfx8_3.8.0.202204150904.jar -Djdk.module.main=TrabalhoFinalLP2 TrabalhoFinalLP2/application.Main

Host: AMD Ryzen 5 2600X Six-Core Processor           , 12 cores, 15G,  Windows 11 , 64 bit Build 22000 (10.0.22000.2121)
Time: Sun Jun 25 22:35:18 2023 Hora oficial do Brasil elapsed time: 1453.904175 seconds (0d 0h 24m 13s)

---------------  T H R E A D  ---------------

Current thread (0x00000139f1dc7e00):  JavaThread "C2 CompilerThread0" daemon [_thread_in_native, id=20076, stack(0x0000002e97300000,0x0000002e97400000)]


Current CompileTask:
C2:1453904 1635       4       org.eclipse.jdt.launching.internal.org.objectweb.asm.ClassReader::readField (671 bytes)

Stack: [0x0000002e97300000,0x0000002e97400000]
Native frames: (J=compiled Java code, j=interpreted, Vv=VM code, C=native code)
V  [jvm.dll+0x6993aa]
V  [jvm.dll+0x7f46dd]
V  [jvm.dll+0x7f5fee]
V  [jvm.dll+0x7f66a3]
V  [jvm.dll+0x25cf1f]
V  [jvm.dll+0xb8c2f]
V  [jvm.dll+0xb8fa5]
V  [jvm.dll+0x3860cb]
V  [jvm.dll+0x34fe71]
V  [jvm.dll+0x34f30a]
V  [jvm.dll+0x230101]
V  [jvm.dll+0x22f4d1]
V  [jvm.dll+0x1ba01c]
V  [jvm.dll+0x23ee0a]
V  [jvm.dll+0x23d0f5]
V  [jvm.dll+0x7a6dd1]
V  [jvm.dll+0x7a120a]
V  [jvm.dll+0x698255]
C  [ucrtbase.dll+0x26c0c]
C  [KERNEL32.DLL+0x155a0]
C  [ntdll.dll+0x485b]


---------------  P R O C E S S  ---------------

Threads class SMR info:
_java_thread_list=0x0000013981f4ebb0, length=20, elements={
0x00000139d15c0bb0, 0x00000139f1d98900, 0x00000139f1d9b2b0, 0x00000139f1db7710,
0x00000139f1db80c0, 0x00000139f1db8a60, 0x00000139f1dc1410, 0x00000139f1dc7e00,
0x00000139f1dc8df0, 0x00000139f1dd56f0, 0x00000139f1d83fe0, 0x00000139f8f5a950,
0x00000139f8f61610, 0x00000139f8f63c60, 0x00000139f90aaf00, 0x00000139f92179a0,
0x00000139f91b79f0, 0x00000139f934d730, 0x0000013980175640, 0x0000013980178660
}

Java Threads: ( => current thread )
  0x00000139d15c0bb0 JavaThread "main" [_thread_blocked, id=22888, stack(0x0000002e96600000,0x0000002e96700000)]
  0x00000139f1d98900 JavaThread "Reference Handler" daemon [_thread_blocked, id=5116, stack(0x0000002e96d00000,0x0000002e96e00000)]
  0x00000139f1d9b2b0 JavaThread "Finalizer" daemon [_thread_blocked, id=10140, stack(0x0000002e96e00000,0x0000002e96f00000)]
  0x00000139f1db7710 JavaThread "Signal Dispatcher" daemon [_thread_blocked, id=17160, stack(0x0000002e96f00000,0x0000002e97000000)]
  0x00000139f1db80c0 JavaThread "Attach Listener" daemon [_thread_blocked, id=22636, stack(0x0000002e97000000,0x0000002e97100000)]
  0x00000139f1db8a60 JavaThread "Service Thread" daemon [_thread_blocked, id=15688, stack(0x0000002e97100000,0x0000002e97200000)]
  0x00000139f1dc1410 JavaThread "Monitor Deflation Thread" daemon [_thread_blocked, id=21544, stack(0x0000002e97200000,0x0000002e97300000)]
=>0x00000139f1dc7e00 JavaThread "C2 CompilerThread0" daemon [_thread_in_native, id=20076, stack(0x0000002e97300000,0x0000002e97400000)]
  0x00000139f1dc8df0 JavaThread "C1 CompilerThread0" daemon [_thread_blocked, id=7504, stack(0x0000002e97400000,0x0000002e97500000)]
  0x00000139f1dd56f0 JavaThread "Sweeper thread" daemon [_thread_blocked, id=15528, stack(0x0000002e97500000,0x0000002e97600000)]
  0x00000139f1d83fe0 JavaThread "Common-Cleaner" daemon [_thread_blocked, id=18956, stack(0x0000002e97600000,0x0000002e97700000)]
  0x00000139f8f5a950 JavaThread "JDWP Transport Listener: dt_socket" daemon [_thread_blocked, id=5276, stack(0x0000002e97900000,0x0000002e97a00000)]
  0x00000139f8f61610 JavaThread "JDWP Event Helper Thread" daemon [_thread_blocked, id=14716, stack(0x0000002e97a00000,0x0000002e97b00000)]
  0x00000139f8f63c60 JavaThread "JDWP Command Reader" daemon [_thread_in_native, id=19696, stack(0x0000002e97b00000,0x0000002e97c00000)]
  0x00000139f90aaf00 JavaThread "Notification Thread" daemon [_thread_blocked, id=16848, stack(0x0000002e97800000,0x0000002e97900000)]
  0x00000139f92179a0 JavaThread "QuantumRenderer-0" daemon [_thread_blocked, id=22252, stack(0x0000002e97d00000,0x0000002e97e00000)]
  0x00000139f91b79f0 JavaThread "InvokeLaterDispatcher" daemon [_thread_blocked, id=23800, stack(0x0000002e98700000,0x0000002e98800000)]
  0x00000139f934d730 JavaThread "JavaFX Application Thread" [_thread_in_native, id=24048, stack(0x0000002e98800000,0x0000002e98900000)]
  0x0000013980175640 JavaThread "Thread-1" daemon [_thread_in_native, id=24068, stack(0x0000002e97700000,0x0000002e97800000)]
  0x0000013980178660 JavaThread "JavaFX-Launcher" [_thread_blocked, id=15252, stack(0x0000002e98b00000,0x0000002e98c00000)]

Other Threads:
  0x00000139f1d96080 VMThread "VM Thread" [stack: 0x0000002e96c00000,0x0000002e96d00000] [id=14288]
  0x00000139d15c2a20 WatcherThread "VM Periodic Task Thread" [stack: 0x0000002e97c00000,0x0000002e97d00000] [id=23924]
  0x00000139d1633950 WorkerThread "GC Thread#0" [stack: 0x0000002e96700000,0x0000002e96800000] [id=9120]
  0x00000139f925e530 WorkerThread "GC Thread#1" [stack: 0x0000002e97f00000,0x0000002e98000000] [id=23972]
  0x00000139f9344700 WorkerThread "GC Thread#2" [stack: 0x0000002e98000000,0x0000002e98100000] [id=20340]
  0x00000139f93449a0 WorkerThread "GC Thread#3" [stack: 0x0000002e98100000,0x0000002e98200000] [id=4960]
  0x00000139f9346830 WorkerThread "GC Thread#4" [stack: 0x0000002e98200000,0x0000002e98300000] [id=9312]
  0x00000139f9348650 WorkerThread "GC Thread#5" [stack: 0x0000002e98300000,0x0000002e98400000] [id=8480]
  0x00000139f9367e70 WorkerThread "GC Thread#6" [stack: 0x0000002e98400000,0x0000002e98500000] [id=23980]
  0x00000139f9368520 WorkerThread "GC Thread#7" [stack: 0x0000002e98500000,0x0000002e98600000] [id=23948]
  0x00000139f93697f0 WorkerThread "GC Thread#8" [stack: 0x0000002e98600000,0x0000002e98700000] [id=23960]
  0x00000139f97011c0 WorkerThread "GC Thread#9" [stack: 0x0000002e98d00000,0x0000002e98e00000] [id=22456]
  0x00000139d1641950 ConcurrentGCThread "G1 Main Marker" [stack: 0x0000002e96800000,0x0000002e96900000] [id=19848]
  0x00000139f1c330a0 WorkerThread "G1 Conc#0" [stack: 0x0000002e96900000,0x0000002e96a00000] [id=14640]
  0x00000139f1c524b0 ConcurrentGCThread "G1 Refine#0" [stack: 0x0000002e96a00000,0x0000002e96b00000] [id=16176]
  0x00000139f1c52f80 ConcurrentGCThread "G1 Service" [stack: 0x0000002e96b00000,0x0000002e96c00000] [id=14268]

Threads with active compile tasks:
C2 CompilerThread0  1453925 1635       4       org.eclipse.jdt.launching.internal.org.objectweb.asm.ClassReader::readField (671 bytes)

VM state: not at safepoint (normal execution)

VM Mutex/Monitor currently owned by a thread: None

Heap address: 0x0000000700c00000, size: 4084 MB, Compressed Oops mode: Zero based, Oop shift amount: 3

CDS archive(s) mapped at: [0x0000000800000000-0x0000000800ba0000-0x0000000800ba0000), size 12189696, SharedBaseAddress: 0x0000000800000000, ArchiveRelocationMode: 0.
Compressed class space mapped at: 0x0000000800c00000-0x0000000840c00000, reserved size: 1073741824
Narrow klass base: 0x0000000800000000, Narrow klass shift: 0, Narrow klass range: 0x100000000

GC Precious Log:
 CardTable entry size: 512
 Card Set container configuration: InlinePtr #cards 4 size 8 Array Of Cards #cards 16 size 48 Howl #buckets 8 coarsen threshold 3686 Howl Bitmap #cards 512 size 80 coarsen threshold 460 Card regions per heap region 1 cards per card region 4096
 CPUs: 12 total, 12 available
 Memory: 16333M
 Large Page Support: Disabled
 NUMA Support: Disabled
 Compressed Oops: Enabled (Zero based)
 Heap Region Size: 2M
 Heap Min Capacity: 8M
 Heap Initial Capacity: 256M
 Heap Max Capacity: 4084M
 Pre-touch: Disabled
 Parallel Workers: 10
 Concurrent Workers: 3
 Concurrent Refinement Workers: 10
 Periodic GC: Disabled

Heap:
 garbage-first heap   total 262144K, used 35373K [0x0000000700c00000, 0x0000000800000000)
  region size 2048K, 18 young (36864K), 3 survivors (6144K)
 Metaspace       used 12712K, committed 12992K, reserved 1114112K
  class space    used 1702K, committed 1856K, reserved 1048576K

Heap Regions: E=young(eden), S=young(survivor), O=old, HS=humongous(starts), HC=humongous(continues), CS=collection set, F=free, OA=open archive, CA=closed archive, TAMS=top-at-mark-start (previous, next)
|   0|0x0000000700c00000, 0x0000000700e00000, 0x0000000700e00000|100%|HS|  |TAMS 0x0000000700c00000, 0x0000000700c00000| Complete 
|   1|0x0000000700e00000, 0x0000000701000000, 0x0000000701000000|100%|HC|  |TAMS 0x0000000700e00000, 0x0000000700e00000| Complete 
|   2|0x0000000701000000, 0x0000000701000000, 0x0000000701200000|  0%| F|  |TAMS 0x0000000701000000, 0x0000000701000000| Untracked 
|   3|0x0000000701200000, 0x0000000701200000, 0x0000000701400000|  0%| F|  |TAMS 0x0000000701200000, 0x0000000701200000| Untracked 
|   4|0x0000000701400000, 0x0000000701400000, 0x0000000701600000|  0%| F|  |TAMS 0x0000000701400000, 0x0000000701400000| Untracked 
|   5|0x0000000701600000, 0x0000000701600000, 0x0000000701800000|  0%| F|  |TAMS 0x0000000701600000, 0x0000000701600000| Untracked 
|   6|0x0000000701800000, 0x0000000701800000, 0x0000000701a00000|  0%| F|  |TAMS 0x0000000701800000, 0x0000000701800000| Untracked 
|   7|0x0000000701a00000, 0x0000000701a00000, 0x0000000701c00000|  0%| F|  |TAMS 0x0000000701a00000, 0x0000000701a00000| Untracked 
|   8|0x0000000701c00000, 0x0000000701c00000, 0x0000000701e00000|  0%| F|  |TAMS 0x0000000701c00000, 0x0000000701c00000| Untracked 
|   9|0x0000000701e00000, 0x0000000701e00000, 0x0000000702000000|  0%| F|  |TAMS 0x0000000701e00000, 0x0000000701e00000| Untracked 
|  10|0x0000000702000000, 0x0000000702000000, 0x0000000702200000|  0%| F|  |TAMS 0x0000000702000000, 0x0000000702000000| Untracked 
|  11|0x0000000702200000, 0x0000000702200000, 0x0000000702400000|  0%| F|  |TAMS 0x0000000702200000, 0x0000000702200000| Untracked 
|  12|0x0000000702400000, 0x0000000702400000, 0x0000000702600000|  0%| F|  |TAMS 0x0000000702400000, 0x0000000702400000| Untracked 
|  13|0x0000000702600000, 0x0000000702600000, 0x0000000702800000|  0%| F|  |TAMS 0x0000000702600000, 0x0000000702600000| Untracked 
|  14|0x0000000702800000, 0x0000000702800000, 0x0000000702a00000|  0%| F|  |TAMS 0x0000000702800000, 0x0000000702800000| Untracked 
|  15|0x0000000702a00000, 0x0000000702a00000, 0x0000000702c00000|  0%| F|  |TAMS 0x0000000702a00000, 0x0000000702a00000| Untracked 
|  16|0x0000000702c00000, 0x0000000702c00000, 0x0000000702e00000|  0%| F|  |TAMS 0x0000000702c00000, 0x0000000702c00000| Untracked 
|  17|0x0000000702e00000, 0x0000000702e00000, 0x0000000703000000|  0%| F|  |TAMS 0x0000000702e00000, 0x0000000702e00000| Untracked 
|  18|0x0000000703000000, 0x0000000703000000, 0x0000000703200000|  0%| F|  |TAMS 0x0000000703000000, 0x0000000703000000| Untracked 
|  19|0x0000000703200000, 0x0000000703200000, 0x0000000703400000|  0%| F|  |TAMS 0x0000000703200000, 0x0000000703200000| Untracked 
|  20|0x0000000703400000, 0x0000000703400000, 0x0000000703600000|  0%| F|  |TAMS 0x0000000703400000, 0x0000000703400000| Untracked 
|  21|0x0000000703600000, 0x0000000703600000, 0x0000000703800000|  0%| F|  |TAMS 0x0000000703600000, 0x0000000703600000| Untracked 
|  22|0x0000000703800000, 0x0000000703800000, 0x0000000703a00000|  0%| F|  |TAMS 0x0000000703800000, 0x0000000703800000| Untracked 
|  23|0x0000000703a00000, 0x0000000703a00000, 0x0000000703c00000|  0%| F|  |TAMS 0x0000000703a00000, 0x0000000703a00000| Untracked 
|  24|0x0000000703c00000, 0x0000000703c00000, 0x0000000703e00000|  0%| F|  |TAMS 0x0000000703c00000, 0x0000000703c00000| Untracked 
|  25|0x0000000703e00000, 0x0000000703e00000, 0x0000000704000000|  0%| F|  |TAMS 0x0000000703e00000, 0x0000000703e00000| Untracked 
|  26|0x0000000704000000, 0x0000000704000000, 0x0000000704200000|  0%| F|  |TAMS 0x0000000704000000, 0x0000000704000000| Untracked 
|  27|0x0000000704200000, 0x0000000704200000, 0x0000000704400000|  0%| F|  |TAMS 0x0000000704200000, 0x0000000704200000| Untracked 
|  28|0x0000000704400000, 0x0000000704400000, 0x0000000704600000|  0%| F|  |TAMS 0x0000000704400000, 0x0000000704400000| Untracked 
|  29|0x0000000704600000, 0x0000000704600000, 0x0000000704800000|  0%| F|  |TAMS 0x0000000704600000, 0x0000000704600000| Untracked 
|  30|0x0000000704800000, 0x0000000704800000, 0x0000000704a00000|  0%| F|  |TAMS 0x0000000704800000, 0x0000000704800000| Untracked 
|  31|0x0000000704a00000, 0x0000000704a00000, 0x0000000704c00000|  0%| F|  |TAMS 0x0000000704a00000, 0x0000000704a00000| Untracked 
|  32|0x0000000704c00000, 0x0000000704c00000, 0x0000000704e00000|  0%| F|  |TAMS 0x0000000704c00000, 0x0000000704c00000| Untracked 
|  33|0x0000000704e00000, 0x0000000704e00000, 0x0000000705000000|  0%| F|  |TAMS 0x0000000704e00000, 0x0000000704e00000| Untracked 
|  34|0x0000000705000000, 0x0000000705000000, 0x0000000705200000|  0%| F|  |TAMS 0x0000000705000000, 0x0000000705000000| Untracked 
|  35|0x0000000705200000, 0x0000000705200000, 0x0000000705400000|  0%| F|  |TAMS 0x0000000705200000, 0x0000000705200000| Untracked 
|  36|0x0000000705400000, 0x0000000705400000, 0x0000000705600000|  0%| F|  |TAMS 0x0000000705400000, 0x0000000705400000| Untracked 
|  37|0x0000000705600000, 0x0000000705600000, 0x0000000705800000|  0%| F|  |TAMS 0x0000000705600000, 0x0000000705600000| Untracked 
|  38|0x0000000705800000, 0x0000000705800000, 0x0000000705a00000|  0%| F|  |TAMS 0x0000000705800000, 0x0000000705800000| Untracked 
|  39|0x0000000705a00000, 0x0000000705a00000, 0x0000000705c00000|  0%| F|  |TAMS 0x0000000705a00000, 0x0000000705a00000| Untracked 
|  40|0x0000000705c00000, 0x0000000705c00000, 0x0000000705e00000|  0%| F|  |TAMS 0x0000000705c00000, 0x0000000705c00000| Untracked 
|  41|0x0000000705e00000, 0x0000000705e00000, 0x0000000706000000|  0%| F|  |TAMS 0x0000000705e00000, 0x0000000705e00000| Untracked 
|  42|0x0000000706000000, 0x0000000706000000, 0x0000000706200000|  0%| F|  |TAMS 0x0000000706000000, 0x0000000706000000| Untracked 
|  43|0x0000000706200000, 0x0000000706200000, 0x0000000706400000|  0%| F|  |TAMS 0x0000000706200000, 0x0000000706200000| Untracked 
|  44|0x0000000706400000, 0x0000000706400000, 0x0000000706600000|  0%| F|  |TAMS 0x0000000706400000, 0x0000000706400000| Untracked 
|  45|0x0000000706600000, 0x0000000706600000, 0x0000000706800000|  0%| F|  |TAMS 0x0000000706600000, 0x0000000706600000| Untracked 
|  46|0x0000000706800000, 0x0000000706800000, 0x0000000706a00000|  0%| F|  |TAMS 0x0000000706800000, 0x0000000706800000| Untracked 
|  47|0x0000000706a00000, 0x0000000706a00000, 0x0000000706c00000|  0%| F|  |TAMS 0x0000000706a00000, 0x0000000706a00000| Untracked 
|  48|0x0000000706c00000, 0x0000000706c00000, 0x0000000706e00000|  0%| F|  |TAMS 0x0000000706c00000, 0x0000000706c00000| Untracked 
|  49|0x0000000706e00000, 0x0000000706e00000, 0x0000000707000000|  0%| F|  |TAMS 0x0000000706e00000, 0x0000000706e00000| Untracked 
|  50|0x0000000707000000, 0x0000000707000000, 0x0000000707200000|  0%| F|  |TAMS 0x0000000707000000, 0x0000000707000000| Untracked 
|  51|0x0000000707200000, 0x0000000707200000, 0x0000000707400000|  0%| F|  |TAMS 0x0000000707200000, 0x0000000707200000| Untracked 
|  52|0x0000000707400000, 0x0000000707400000, 0x0000000707600000|  0%| F|  |TAMS 0x0000000707400000, 0x0000000707400000| Untracked 
|  53|0x0000000707600000, 0x0000000707600000, 0x0000000707800000|  0%| F|  |TAMS 0x0000000707600000, 0x0000000707600000| Untracked 
|  54|0x0000000707800000, 0x0000000707800000, 0x0000000707a00000|  0%| F|  |TAMS 0x0000000707800000, 0x0000000707800000| Untracked 
|  55|0x0000000707a00000, 0x0000000707a00000, 0x0000000707c00000|  0%| F|  |TAMS 0x0000000707a00000, 0x0000000707a00000| Untracked 
|  56|0x0000000707c00000, 0x0000000707c00000, 0x0000000707e00000|  0%| F|  |TAMS 0x0000000707c00000, 0x0000000707c00000| Untracked 
|  57|0x0000000707e00000, 0x0000000707e00000, 0x0000000708000000|  0%| F|  |TAMS 0x0000000707e00000, 0x0000000707e00000| Untracked 
|  58|0x0000000708000000, 0x0000000708000000, 0x0000000708200000|  0%| F|  |TAMS 0x0000000708000000, 0x0000000708000000| Untracked 
|  59|0x0000000708200000, 0x0000000708200000, 0x0000000708400000|  0%| F|  |TAMS 0x0000000708200000, 0x0000000708200000| Untracked 
|  60|0x0000000708400000, 0x0000000708400000, 0x0000000708600000|  0%| F|  |TAMS 0x0000000708400000, 0x0000000708400000| Untracked 
|  61|0x0000000708600000, 0x0000000708600000, 0x0000000708800000|  0%| F|  |TAMS 0x0000000708600000, 0x0000000708600000| Untracked 
|  62|0x0000000708800000, 0x0000000708800000, 0x0000000708a00000|  0%| F|  |TAMS 0x0000000708800000, 0x0000000708800000| Untracked 
|  63|0x0000000708a00000, 0x0000000708a00000, 0x0000000708c00000|  0%| F|  |TAMS 0x0000000708a00000, 0x0000000708a00000| Untracked 
|  64|0x0000000708c00000, 0x0000000708c00000, 0x0000000708e00000|  0%| F|  |TAMS 0x0000000708c00000, 0x0000000708c00000| Untracked 
|  65|0x0000000708e00000, 0x0000000708e00000, 0x0000000709000000|  0%| F|  |TAMS 0x0000000708e00000, 0x0000000708e00000| Untracked 
|  66|0x0000000709000000, 0x0000000709000000, 0x0000000709200000|  0%| F|  |TAMS 0x0000000709000000, 0x0000000709000000| Untracked 
|  67|0x0000000709200000, 0x0000000709200000, 0x0000000709400000|  0%| F|  |TAMS 0x0000000709200000, 0x0000000709200000| Untracked 
|  68|0x0000000709400000, 0x0000000709400000, 0x0000000709600000|  0%| F|  |TAMS 0x0000000709400000, 0x0000000709400000| Untracked 
|  69|0x0000000709600000, 0x0000000709600000, 0x0000000709800000|  0%| F|  |TAMS 0x0000000709600000, 0x0000000709600000| Untracked 
|  70|0x0000000709800000, 0x0000000709800000, 0x0000000709a00000|  0%| F|  |TAMS 0x0000000709800000, 0x0000000709800000| Untracked 
|  71|0x0000000709a00000, 0x0000000709a00000, 0x0000000709c00000|  0%| F|  |TAMS 0x0000000709a00000, 0x0000000709a00000| Untracked 
|  72|0x0000000709c00000, 0x0000000709c00000, 0x0000000709e00000|  0%| F|  |TAMS 0x0000000709c00000, 0x0000000709c00000| Untracked 
|  73|0x0000000709e00000, 0x0000000709e00000, 0x000000070a000000|  0%| F|  |TAMS 0x0000000709e00000, 0x0000000709e00000| Untracked 
|  74|0x000000070a000000, 0x000000070a000000, 0x000000070a200000|  0%| F|  |TAMS 0x000000070a000000, 0x000000070a000000| Untracked 
|  75|0x000000070a200000, 0x000000070a200000, 0x000000070a400000|  0%| F|  |TAMS 0x000000070a200000, 0x000000070a200000| Untracked 
|  76|0x000000070a400000, 0x000000070a400000, 0x000000070a600000|  0%| F|  |TAMS 0x000000070a400000, 0x000000070a400000| Untracked 
|  77|0x000000070a600000, 0x000000070a600000, 0x000000070a800000|  0%| F|  |TAMS 0x000000070a600000, 0x000000070a600000| Untracked 
|  78|0x000000070a800000, 0x000000070a800000, 0x000000070aa00000|  0%| F|  |TAMS 0x000000070a800000, 0x000000070a800000| Untracked 
|  79|0x000000070aa00000, 0x000000070aa00000, 0x000000070ac00000|  0%| F|  |TAMS 0x000000070aa00000, 0x000000070aa00000| Untracked 
|  80|0x000000070ac00000, 0x000000070ac00000, 0x000000070ae00000|  0%| F|  |TAMS 0x000000070ac00000, 0x000000070ac00000| Untracked 
|  81|0x000000070ae00000, 0x000000070ae00000, 0x000000070b000000|  0%| F|  |TAMS 0x000000070ae00000, 0x000000070ae00000| Untracked 
|  82|0x000000070b000000, 0x000000070b000000, 0x000000070b200000|  0%| F|  |TAMS 0x000000070b000000, 0x000000070b000000| Untracked 
|  83|0x000000070b200000, 0x000000070b200000, 0x000000070b400000|  0%| F|  |TAMS 0x000000070b200000, 0x000000070b200000| Untracked 
|  84|0x000000070b400000, 0x000000070b400000, 0x000000070b600000|  0%| F|  |TAMS 0x000000070b400000, 0x000000070b400000| Untracked 
|  85|0x000000070b600000, 0x000000070b600000, 0x000000070b800000|  0%| F|  |TAMS 0x000000070b600000, 0x000000070b600000| Untracked 
|  86|0x000000070b800000, 0x000000070b800000, 0x000000070ba00000|  0%| F|  |TAMS 0x000000070b800000, 0x000000070b800000| Untracked 
|  87|0x000000070ba00000, 0x000000070ba00000, 0x000000070bc00000|  0%| F|  |TAMS 0x000000070ba00000, 0x000000070ba00000| Untracked 
|  88|0x000000070bc00000, 0x000000070bc00000, 0x000000070be00000|  0%| F|  |TAMS 0x000000070bc00000, 0x000000070bc00000| Untracked 
|  89|0x000000070be00000, 0x000000070be00000, 0x000000070c000000|  0%| F|  |TAMS 0x000000070be00000, 0x000000070be00000| Untracked 
|  90|0x000000070c000000, 0x000000070c000000, 0x000000070c200000|  0%| F|  |TAMS 0x000000070c000000, 0x000000070c000000| Untracked 
|  91|0x000000070c200000, 0x000000070c200000, 0x000000070c400000|  0%| F|  |TAMS 0x000000070c200000, 0x000000070c200000| Untracked 
|  92|0x000000070c400000, 0x000000070c400000, 0x000000070c600000|  0%| F|  |TAMS 0x000000070c400000, 0x000000070c400000| Untracked 
|  93|0x000000070c600000, 0x000000070c600000, 0x000000070c800000|  0%| F|  |TAMS 0x000000070c600000, 0x000000070c600000| Untracked 
|  94|0x000000070c800000, 0x000000070c800000, 0x000000070ca00000|  0%| F|  |TAMS 0x000000070c800000, 0x000000070c800000| Untracked 
|  95|0x000000070ca00000, 0x000000070ca00000, 0x000000070cc00000|  0%| F|  |TAMS 0x000000070ca00000, 0x000000070ca00000| Untracked 
|  96|0x000000070cc00000, 0x000000070cc00000, 0x000000070ce00000|  0%| F|  |TAMS 0x000000070cc00000, 0x000000070cc00000| Untracked 
|  97|0x000000070ce00000, 0x000000070ce00000, 0x000000070d000000|  0%| F|  |TAMS 0x000000070ce00000, 0x000000070ce00000| Untracked 
|  98|0x000000070d000000, 0x000000070d000000, 0x000000070d200000|  0%| F|  |TAMS 0x000000070d000000, 0x000000070d000000| Untracked 
|  99|0x000000070d200000, 0x000000070d200000, 0x000000070d400000|  0%| F|  |TAMS 0x000000070d200000, 0x000000070d200000| Untracked 
| 100|0x000000070d400000, 0x000000070d400000, 0x000000070d600000|  0%| F|  |TAMS 0x000000070d400000, 0x000000070d400000| Untracked 
| 101|0x000000070d600000, 0x000000070d600000, 0x000000070d800000|  0%| F|  |TAMS 0x000000070d600000, 0x000000070d600000| Untracked 
| 102|0x000000070d800000, 0x000000070d800000, 0x000000070da00000|  0%| F|  |TAMS 0x000000070d800000, 0x000000070d800000| Untracked 
| 103|0x000000070da00000, 0x000000070da00000, 0x000000070dc00000|  0%| F|  |TAMS 0x000000070da00000, 0x000000070da00000| Untracked 
| 104|0x000000070dc00000, 0x000000070dc00000, 0x000000070de00000|  0%| F|  |TAMS 0x000000070dc00000, 0x000000070dc00000| Untracked 
| 105|0x000000070de00000, 0x000000070de00000, 0x000000070e000000|  0%| F|  |TAMS 0x000000070de00000, 0x000000070de00000| Untracked 
| 106|0x000000070e000000, 0x000000070e08b7e8, 0x000000070e200000| 27%| S|CS|TAMS 0x000000070e000000, 0x000000070e000000| Complete 
| 107|0x000000070e200000, 0x000000070e400000, 0x000000070e400000|100%| S|CS|TAMS 0x000000070e200000, 0x000000070e200000| Complete 
| 108|0x000000070e400000, 0x000000070e600000, 0x000000070e600000|100%| S|CS|TAMS 0x000000070e400000, 0x000000070e400000| Complete 
| 109|0x000000070e600000, 0x000000070e600000, 0x000000070e800000|  0%| F|  |TAMS 0x000000070e600000, 0x000000070e600000| Untracked 
| 110|0x000000070e800000, 0x000000070e800000, 0x000000070ea00000|  0%| F|  |TAMS 0x000000070e800000, 0x000000070e800000| Untracked 
| 111|0x000000070ea00000, 0x000000070ea00000, 0x000000070ec00000|  0%| F|  |TAMS 0x000000070ea00000, 0x000000070ea00000| Untracked 
| 112|0x000000070ec00000, 0x000000070ec00000, 0x000000070ee00000|  0%| F|  |TAMS 0x000000070ec00000, 0x000000070ec00000| Untracked 
| 113|0x000000070ee00000, 0x000000070eea8140, 0x000000070f000000| 32%| E|  |TAMS 0x000000070ee00000, 0x000000070ee00000| Complete 
| 114|0x000000070f000000, 0x000000070f200000, 0x000000070f200000|100%| E|CS|TAMS 0x000000070f000000, 0x000000070f000000| Complete 
| 115|0x000000070f200000, 0x000000070f400000, 0x000000070f400000|100%| E|CS|TAMS 0x000000070f200000, 0x000000070f200000| Complete 
| 116|0x000000070f400000, 0x000000070f600000, 0x000000070f600000|100%| E|CS|TAMS 0x000000070f400000, 0x000000070f400000| Complete 
| 117|0x000000070f600000, 0x000000070f800000, 0x000000070f800000|100%| E|CS|TAMS 0x000000070f600000, 0x000000070f600000| Complete 
| 118|0x000000070f800000, 0x000000070fa00000, 0x000000070fa00000|100%| E|CS|TAMS 0x000000070f800000, 0x000000070f800000| Complete 
| 119|0x000000070fa00000, 0x000000070fc00000, 0x000000070fc00000|100%| E|CS|TAMS 0x000000070fa00000, 0x000000070fa00000| Complete 
| 120|0x000000070fc00000, 0x000000070fe00000, 0x000000070fe00000|100%| E|  |TAMS 0x000000070fc00000, 0x000000070fc00000| Complete 
| 121|0x000000070fe00000, 0x0000000710000000, 0x0000000710000000|100%| E|CS|TAMS 0x000000070fe00000, 0x000000070fe00000| Complete 
| 122|0x0000000710000000, 0x0000000710200000, 0x0000000710200000|100%| E|CS|TAMS 0x0000000710000000, 0x0000000710000000| Complete 
| 123|0x0000000710200000, 0x0000000710400000, 0x0000000710400000|100%| E|CS|TAMS 0x0000000710200000, 0x0000000710200000| Complete 
| 124|0x0000000710400000, 0x0000000710600000, 0x0000000710600000|100%| E|CS|TAMS 0x0000000710400000, 0x0000000710400000| Complete 
| 125|0x0000000710600000, 0x0000000710800000, 0x0000000710800000|100%| E|CS|TAMS 0x0000000710600000, 0x0000000710600000| Complete 
| 126|0x0000000710800000, 0x0000000710a00000, 0x0000000710a00000|100%| E|CS|TAMS 0x0000000710800000, 0x0000000710800000| Complete 
| 127|0x0000000710a00000, 0x0000000710c00000, 0x0000000710c00000|100%| E|CS|TAMS 0x0000000710a00000, 0x0000000710a00000| Complete 

Card table byte_map: [0x00000139e8c50000,0x00000139e9450000] _byte_map_base: 0x00000139e544a000

Marking Bits (Prev, Next): (CMBitMap*) 0x00000139d1634f60, (CMBitMap*) 0x00000139d1634fa0
 Prev Bits: [0x00000139e9c50000, 0x00000139edc20000)
 Next Bits: [0x00000139edc20000, 0x00000139f1bf0000)

Polling page: 0x00000139d0d80000

Metaspace:

Usage:
  Non-class:     10.75 MB used.
      Class:      1.66 MB used.
       Both:     12.41 MB used.

Virtual space:
  Non-class space:       64.00 MB reserved,      10.88 MB ( 17%) committed,  1 nodes.
      Class space:        1.00 GB reserved,       1.81 MB ( <1%) committed,  1 nodes.
             Both:        1.06 GB reserved,      12.69 MB (  1%) committed. 

Chunk freelists:
   Non-Class:  720.00 KB
       Class:  2.22 MB
        Both:  2.92 MB

MaxMetaspaceSize: unlimited
CompressedClassSpaceSize: 1.00 GB
Initial GC threshold: 21.00 MB
Current GC threshold: 21.00 MB
CDS: on
MetaspaceReclaimPolicy: balanced
 - commit_granule_bytes: 65536.
 - commit_granule_words: 8192.
 - virtual_space_node_default_size: 8388608.
 - enlarge_chunks_in_place: 1.
 - new_chunks_are_fully_committed: 0.
 - uncommit_free_chunks: 1.
 - use_allocation_guard: 0.


Internal statistics:

num_allocs_failed_limit: 0.
num_arena_births: 248.
num_arena_deaths: 0.
num_vsnodes_births: 2.
num_vsnodes_deaths: 0.
num_space_committed: 203.
num_space_uncommitted: 0.
num_chunks_returned_to_freelist: 0.
num_chunks_taken_from_freelist: 593.
num_chunk_merges: 0.
num_chunk_splits: 413.
num_chunks_enlarged: 308.
num_inconsistent_stats: 0.

CodeHeap 'non-profiled nmethods': size=120000Kb used=954Kb max_used=954Kb free=119045Kb
 bounds [0x00000139e09c0000, 0x00000139e0c30000, 0x00000139e7ef0000]
CodeHeap 'profiled nmethods': size=120000Kb used=3142Kb max_used=3142Kb free=116857Kb
 bounds [0x00000139d9490000, 0x00000139d97b0000, 0x00000139e09c0000]
CodeHeap 'non-nmethods': size=5760Kb used=1378Kb max_used=1468Kb free=4381Kb
 bounds [0x00000139d8ef0000, 0x00000139d9160000, 0x00000139d9490000]
 total_blobs=2263 nmethods=1633 adapters=543
 compilation: enabled
              stopped_count=0, restarted_count=0
 full_count=0

Compilation events (20 events):
Event: 1.484 Thread 0x000001398015e2b0 nmethod 1580 0x00000139e0a81190 code [0x00000139e0a81300, 0x00000139e0a813b8]
Event: 1.677 Thread 0x00000139806f6a60 nmethod 1603 0x00000139e0a81490 code [0x00000139e0a82060, 0x00000139e0a8be20]
Event: 1.944 Thread 0x00000139f1dc7e00 nmethod 1611 0x00000139e0a91790 code [0x00000139e0a91ee0, 0x00000139e0aa4eb0]
Event: 2.762 Thread 0x00000139f1dc8df0 1626       3       java.util.concurrent.atomic.AtomicBoolean::get (13 bytes)
Event: 2.762 Thread 0x00000139f1dc8df0 nmethod 1626 0x00000139d979cd10 code [0x00000139d979cea0, 0x00000139d979d018]
Event: 4.985 Thread 0x00000139f1dc8df0 1628       3       com.sun.javafx.tk.quantum.QuantumToolkit$$Lambda$102/0x0000000800c9f778::run (8 bytes)
Event: 4.985 Thread 0x00000139f1dc8df0 nmethod 1628 0x00000139d979d090 code [0x00000139d979d280, 0x00000139d979d7b8]
Event: 4.986 Thread 0x00000139f1dc8df0 1629   !   3       com.sun.javafx.tk.quantum.QuantumToolkit::lambda$runToolkit$12 (16 bytes)
Event: 4.986 Thread 0x00000139f1dc8df0 nmethod 1629 0x00000139d979da10 code [0x00000139d979dc00, 0x00000139d979e0b8]
Event: 4.986 Thread 0x00000139f1dc8df0 1630       3       com.sun.javafx.tk.quantum.QuantumToolkit::postPulse (133 bytes)
Event: 4.987 Thread 0x00000139f1dc8df0 nmethod 1630 0x00000139d979e290 code [0x00000139d979e640, 0x00000139d979fd28]
Event: 5.514 Thread 0x00000139f1dc8df0 1631  s    3       com.sun.glass.ui.Timer::pause (18 bytes)
Event: 5.514 Thread 0x00000139f1dc8df0 nmethod 1631 0x00000139d97a0610 code [0x00000139d97a07c0, 0x00000139d97a0a18]
Event: 5.514 Thread 0x00000139f1dc8df0 1632       3       com.sun.glass.ui.win.WinTimer::_pause (1 bytes)
Event: 5.514 Thread 0x00000139f1dc8df0 nmethod 1632 0x00000139d97a0b10 code [0x00000139d97a0ca0, 0x00000139d97a0db8]
Event: 7.034 Thread 0x00000139f1dc8df0 1633  s    3       com.sun.javafx.tk.quantum.QuantumToolkit::pauseTimer (93 bytes)
Event: 7.034 Thread 0x00000139f1dc8df0 nmethod 1633 0x00000139d97a0e90 code [0x00000139d97a10c0, 0x00000139d97a18d8]
Event: 86.905 Thread 0x00000139f1dc7e00 1634       4       com.sun.javafx.tk.quantum.QuantumToolkit$$Lambda$102/0x0000000800c9f778::run (8 bytes)
Event: 86.908 Thread 0x00000139f1dc7e00 nmethod 1634 0x00000139e0aadf10 code [0x00000139e0aae0c0, 0x00000139e0aae6f8]
Event: 1453.861 Thread 0x00000139f1dc7e00 1635       4       org.eclipse.jdt.launching.internal.org.objectweb.asm.ClassReader::readField (671 bytes)

GC Heap History (4 events):
Event: 0.714 GC heap before
{Heap before GC invocations=0 (full 0):
 garbage-first heap   total 262144K, used 20480K [0x0000000700c00000, 0x0000000800000000)
  region size 2048K, 11 young (22528K), 0 survivors (0K)
 Metaspace       used 4776K, committed 4992K, reserved 1114112K
  class space    used 464K, committed 576K, reserved 1048576K
}
Event: 0.718 GC heap after
{Heap after GC invocations=1 (full 0):
 garbage-first heap   total 262144K, used 3007K [0x0000000700c00000, 0x0000000800000000)
  region size 2048K, 2 young (4096K), 2 survivors (4096K)
 Metaspace       used 4776K, committed 4992K, reserved 1114112K
  class space    used 464K, committed 576K, reserved 1048576K
}
Event: 1.143 GC heap before
{Heap before GC invocations=1 (full 0):
 garbage-first heap   total 262144K, used 41919K [0x0000000700c00000, 0x0000000800000000)
  region size 2048K, 19 young (38912K), 2 survivors (4096K)
 Metaspace       used 9722K, committed 9920K, reserved 1114112K
  class space    used 1145K, committed 1216K, reserved 1048576K
}
Event: 1.147 GC heap after
{Heap after GC invocations=2 (full 0):
 garbage-first heap   total 262144K, used 8749K [0x0000000700c00000, 0x0000000800000000)
  region size 2048K, 3 young (6144K), 3 survivors (6144K)
 Metaspace       used 9722K, committed 9920K, reserved 1114112K
  class space    used 1145K, committed 1216K, reserved 1048576K
}

Deoptimization events (20 events):
Event: 1.333 Thread 0x00000139f934d730 DEOPT PACKING pc=0x00000139d9630419 sp=0x0000002e988f81c0
Event: 1.333 Thread 0x00000139f934d730 DEOPT UNPACKING pc=0x00000139d8f42b43 sp=0x0000002e988f7770 mode 0
Event: 1.362 Thread 0x00000139f934d730 DEOPT PACKING pc=0x00000139d9630419 sp=0x0000002e988fb690
Event: 1.362 Thread 0x00000139f934d730 DEOPT UNPACKING pc=0x00000139d8f42b43 sp=0x0000002e988fac40 mode 0
Event: 1.375 Thread 0x00000139f934d730 DEOPT PACKING pc=0x00000139d96ab2d6 sp=0x0000002e988f6320
Event: 1.375 Thread 0x00000139f934d730 DEOPT UNPACKING pc=0x00000139d8f42b43 sp=0x0000002e988f57a8 mode 0
Event: 1.388 Thread 0x00000139f934d730 DEOPT PACKING pc=0x00000139d9630419 sp=0x0000002e988f6b40
Event: 1.388 Thread 0x00000139f934d730 DEOPT UNPACKING pc=0x00000139d8f42b43 sp=0x0000002e988f60f0 mode 0
Event: 1.403 Thread 0x00000139f934d730 Uncommon trap: trap_request=0xffffff45 fr.pc=0x00000139e0a44cc0 relative=0x0000000000000380
Event: 1.404 Thread 0x00000139f934d730 Uncommon trap: reason=unstable_if action=reinterpret pc=0x00000139e0a44cc0 method=java.util.HashMap.hash(Ljava/lang/Object;)I @ 1 c2
Event: 1.404 Thread 0x00000139f934d730 DEOPT PACKING pc=0x00000139e0a44cc0 sp=0x0000002e988fd7a0
Event: 1.404 Thread 0x00000139f934d730 DEOPT UNPACKING pc=0x00000139d8f423a3 sp=0x0000002e988fd678 mode 2
Event: 1.408 Thread 0x00000139f934d730 DEOPT PACKING pc=0x00000139d974f0dc sp=0x0000002e988fe440
Event: 1.408 Thread 0x00000139f934d730 DEOPT UNPACKING pc=0x00000139d8f42b43 sp=0x0000002e988fd918 mode 1
Event: 1.409 Thread 0x00000139f934d730 Uncommon trap: trap_request=0xffffffe4 fr.pc=0x00000139e0a46c08 relative=0x0000000000000088
Event: 1.409 Thread 0x00000139f934d730 Uncommon trap: reason=range_check action=make_not_entrant pc=0x00000139e0a46c08 method=java.util.Objects.checkIndex(II)I @ 3 c2
Event: 1.409 Thread 0x00000139f934d730 DEOPT PACKING pc=0x00000139e0a46c08 sp=0x0000002e988fe5d0
Event: 1.409 Thread 0x00000139f934d730 DEOPT UNPACKING pc=0x00000139d8f423a3 sp=0x0000002e988fe508 mode 2
Event: 1.410 Thread 0x00000139f934d730 DEOPT PACKING pc=0x00000139d94be6b7 sp=0x0000002e988fe4e0
Event: 1.410 Thread 0x00000139f934d730 DEOPT UNPACKING pc=0x00000139d8f42b43 sp=0x0000002e988fd998 mode 1

Classes loaded (20 events):
Event: 1.373 Loading class sun/util/logging/internal/LoggingProviderImpl$JULWrapper
Event: 1.373 Loading class sun/util/logging/PlatformLogger$ConfigurableBridge$LoggerConfiguration
Event: 1.373 Loading class sun/util/logging/PlatformLogger$ConfigurableBridge$LoggerConfiguration done
Event: 1.373 Loading class sun/util/logging/internal/LoggingProviderImpl$JULWrapper done
Event: 1.407 Loading class com/sun/org/apache/xerces/internal/impl/io/MalformedByteSequenceException
Event: 1.407 Loading class java/io/CharConversionException
Event: 1.407 Loading class java/io/CharConversionException done
Event: 1.408 Loading class com/sun/org/apache/xerces/internal/impl/io/MalformedByteSequenceException done
Event: 1.410 Loading class java/util/Formatter$FixedString
Event: 1.410 Loading class java/util/Formatter$FixedString done
Event: 1.411 Loading class java/lang/Throwable$WrappedPrintStream
Event: 1.411 Loading class java/lang/Throwable$PrintStreamOrWriter
Event: 1.411 Loading class java/lang/Throwable$PrintStreamOrWriter done
Event: 1.411 Loading class java/lang/Throwable$WrappedPrintStream done
Event: 1.416 Loading class jdk/jfr/FlightRecorder
Event: 1.416 Loading class jdk/jfr/FlightRecorder done
Event: 1.417 Loading class java/util/WeakHashMap$EntrySet
Event: 1.417 Loading class java/util/WeakHashMap$EntrySet done
Event: 1.417 Loading class java/util/WeakHashMap$EntryIterator
Event: 1.417 Loading class java/util/WeakHashMap$EntryIterator done

Classes unloaded (0 events):
No events

Classes redefined (13 events):
Event: 16.391 Thread 0x00000139f1d96080 redefined class name=br.ufrn.imd.controle.ViewPrincipalController, count=1
Event: 47.712 Thread 0x00000139f1d96080 redefined class name=br.ufrn.imd.controle.ViewPrincipalController, count=2
Event: 70.457 Thread 0x00000139f1d96080 redefined class name=br.ufrn.imd.controle.ViewPrincipalController, count=3
Event: 93.861 Thread 0x00000139f1d96080 redefined class name=br.ufrn.imd.controle.ViewPrincipalController, count=4
Event: 108.790 Thread 0x00000139f1d96080 redefined class name=br.ufrn.imd.controle.ViewPrincipalController, count=5
Event: 671.033 Thread 0x00000139f1d96080 redefined class name=br.ufrn.imd.controle.ViewPrincipalController, count=6
Event: 679.322 Thread 0x00000139f1d96080 redefined class name=br.ufrn.imd.controle.ViewPrincipalController, count=7
Event: 687.501 Thread 0x00000139f1d96080 redefined class name=br.ufrn.imd.controle.ViewPrincipalController, count=8
Event: 696.780 Thread 0x00000139f1d96080 redefined class name=br.ufrn.imd.controle.ViewPrincipalController, count=9
Event: 706.590 Thread 0x00000139f1d96080 redefined class name=br.ufrn.imd.controle.ViewPrincipalController, count=10
Event: 1367.346 Thread 0x00000139f1d96080 redefined class name=br.ufrn.imd.controle.ViewPrincipalController, count=11
Event: 1412.766 Thread 0x00000139f1d96080 redefined class name=br.ufrn.imd.controle.ViewPrincipalController, count=12
Event: 1453.864 Thread 0x00000139f1d96080 redefined class name=br.ufrn.imd.controle.ViewPrincipalController, count=13

Internal exceptions (20 events):
Event: 0.888 Thread 0x00000139d15c0bb0 Exception <a 'java/lang/NoSuchMethodError'{0x00000007108166c0}: 'java.lang.Object java.lang.invoke.DirectMethodHandle$Holder.newInvokeSpecial(java.lang.Object, java.lang.Object, java.lang.Object, java.lang.Object, java.lang.Object, java.lang.Object)'> (0x00000007108166c0) 
thrown [s\open\src\hotspot\share\interpreter\linkResolver.cpp, line 759]
Event: 0.912 Thread 0x00000139d15c0bb0 Exception <a 'java/lang/NoSuchMethodError'{0x00000007100766e8}: 'java.lang.Object java.lang.invoke.DirectMethodHandle$Holder.newInvokeSpecial(java.lang.Object, java.lang.Object, java.lang.Object, java.lang.Object, java.lang.Object)'> (0x00000007100766e8) 
thrown [s\open\src\hotspot\share\interpreter\linkResolver.cpp, line 759]
Event: 0.956 Thread 0x00000139f934d730 Exception <a 'sun/nio/fs/WindowsException'{0x000000070fd8e140}> (0x000000070fd8e140) 
thrown [s\open\src\hotspot\share\prims\jni.cpp, line 516]
Event: 1.015 Thread 0x00000139f934d730 Exception <a 'java/lang/NoSuchMethodError'{0x000000070ee800f8}: 'java.lang.Object java.lang.invoke.DirectMethodHandle$Holder.invokeStaticInit(java.lang.Object, java.lang.Object, java.lang.Object, java.lang.Object)'> (0x000000070ee800f8) 
thrown [s\open\src\hotspot\share\interpreter\linkResolver.cpp, line 759]
Event: 1.017 Thread 0x00000139f934d730 Exception <a 'java/lang/NullPointerException'{0x000000070ee90c10}> (0x000000070ee90c10) 
thrown [s\open\src\hotspot\share\interpreter\linkResolver.cpp, line 1350]
Event: 1.101 Thread 0x00000139f934d730 Exception <a 'java/lang/NoSuchMethodError'{0x000000070e8f8b00}: 'void java.lang.invoke.DirectMethodHandle$Holder.invokeSpecial(java.lang.Object, java.lang.Object, double)'> (0x000000070e8f8b00) 
thrown [s\open\src\hotspot\share\interpreter\linkResolver.cpp, line 759]
Event: 1.102 Thread 0x00000139f934d730 Exception <a 'java/lang/NoSuchMethodError'{0x000000070e904960}: 'double java.lang.invoke.DelegatingMethodHandle$Holder.reinvoke_L(java.lang.Object, java.lang.Object, int)'> (0x000000070e904960) 
thrown [s\open\src\hotspot\share\interpreter\linkResolver.cpp, line 759]
Event: 1.104 Thread 0x00000139f934d730 Exception <a 'java/lang/NoSuchMethodError'{0x000000070e918ac0}: 'java.lang.Object java.lang.invoke.DirectMethodHandle$Holder.invokeStatic(java.lang.Object, java.lang.Object, java.lang.Object, java.lang.Object, int)'> (0x000000070e918ac0) 
thrown [s\open\src\hotspot\share\interpreter\linkResolver.cpp, line 759]
Event: 1.105 Thread 0x00000139f934d730 Exception <a 'java/lang/NoSuchMethodError'{0x000000070e924528}: 'void java.lang.invoke.DelegatingMethodHandle$Holder.reinvoke_L(java.lang.Object, java.lang.Object, double)'> (0x000000070e924528) 
thrown [s\open\src\hotspot\share\interpreter\linkResolver.cpp, line 759]
Event: 1.110 Thread 0x00000139f934d730 Exception <a 'java/lang/NoSuchMethodError'{0x000000070e938138}: 'void java.lang.invoke.DirectMethodHandle$Holder.invokeSpecial(java.lang.Object, java.lang.Object, int)'> (0x000000070e938138) 
thrown [s\open\src\hotspot\share\interpreter\linkResolver.cpp, line 759]
Event: 1.111 Thread 0x00000139f934d730 Exception <a 'java/lang/NoSuchMethodError'{0x000000070e93c208}: 'int java.lang.invoke.DirectMethodHandle$Holder.invokeSpecial(java.lang.Object, java.lang.Object, java.lang.Object, int)'> (0x000000070e93c208) 
thrown [s\open\src\hotspot\share\interpreter\linkResolver.cpp, line 759]
Event: 1.112 Thread 0x00000139f934d730 Exception <a 'java/lang/NoSuchMethodError'{0x000000070e9468f0}: 'void java.lang.invoke.DelegatingMethodHandle$Holder.reinvoke_L(java.lang.Object, java.lang.Object, int)'> (0x000000070e9468f0) 
thrown [s\open\src\hotspot\share\interpreter\linkResolver.cpp, line 759]
Event: 1.112 Thread 0x00000139f934d730 Exception <a 'java/lang/NoSuchMethodError'{0x000000070e94a600}: 'int java.lang.invoke.DirectMethodHandle$Holder.invokeSpecial(java.lang.Object, java.lang.Object, java.lang.Object)'> (0x000000070e94a600) 
thrown [s\open\src\hotspot\share\interpreter\linkResolver.cpp, line 759]
Event: 1.131 Thread 0x00000139f934d730 Exception <a 'java/lang/ClassNotFoundException'{0x000000070e698898}: com/sun/glass/ui/win/themes> (0x000000070e698898) 
thrown [s\open\src\hotspot\share\prims\jni.cpp, line 535]
Event: 1.133 Thread 0x00000139f934d730 Exception <a 'java/lang/ClassNotFoundException'{0x000000070e6ac9b8}: com/sun/glass/ui/win/themes_pt> (0x000000070e6ac9b8) 
thrown [s\open\src\hotspot\share\prims\jni.cpp, line 535]
Event: 1.133 Thread 0x00000139f934d730 Exception <a 'java/lang/ClassNotFoundException'{0x000000070e6ad7c8}: com/sun/glass/ui/win/themes_pt_BR> (0x000000070e6ad7c8) 
thrown [s\open\src\hotspot\share\prims\jni.cpp, line 535]
Event: 1.216 Thread 0x00000139f934d730 Exception <a 'java/lang/NoSuchMethodError'{0x0000000710254d58}: 'void java.lang.invoke.DirectMethodHandle$Holder.invokeStaticInit(java.lang.Object, java.lang.Object)'> (0x0000000710254d58) 
thrown [s\open\src\hotspot\share\interpreter\linkResolver.cpp, line 759]
Event: 1.271 Thread 0x00000139f934d730 Exception <a 'java/lang/NoSuchMethodError'{0x000000070fe07ee8}: 'void java.lang.invoke.Invokers$Holder.invokeExact_MT(java.lang.Object, java.lang.Object, java.lang.Object, java.lang.Object)'> (0x000000070fe07ee8) 
thrown [s\open\src\hotspot\share\interpreter\linkResolver.cpp, line 759]
Event: 1.368 Thread 0x00000139f934d730 Exception <a 'sun/nio/fs/WindowsException'{0x000000070f79b728}> (0x000000070f79b728) 
thrown [s\open\src\hotspot\share\prims\jni.cpp, line 516]
Event: 1.403 Thread 0x00000139f934d730 Implicit null exception at 0x00000139e0a44993 to 0x00000139e0a44c98

VM Operations (20 events):
Event: 93.859 Executing VM operation: RedefineClasses
Event: 93.866 Executing VM operation: RedefineClasses done
Event: 108.788 Executing VM operation: RedefineClasses
Event: 108.795 Executing VM operation: RedefineClasses done
Event: 671.031 Executing VM operation: RedefineClasses
Event: 671.037 Executing VM operation: RedefineClasses done
Event: 679.320 Executing VM operation: RedefineClasses
Event: 679.326 Executing VM operation: RedefineClasses done
Event: 687.499 Executing VM operation: RedefineClasses
Event: 687.505 Executing VM operation: RedefineClasses done
Event: 696.778 Executing VM operation: RedefineClasses
Event: 696.785 Executing VM operation: RedefineClasses done
Event: 706.588 Executing VM operation: RedefineClasses
Event: 706.594 Executing VM operation: RedefineClasses done
Event: 1367.344 Executing VM operation: RedefineClasses
Event: 1367.350 Executing VM operation: RedefineClasses done
Event: 1412.764 Executing VM operation: RedefineClasses
Event: 1412.770 Executing VM operation: RedefineClasses done
Event: 1453.861 Executing VM operation: RedefineClasses
Event: 1453.868 Executing VM operation: RedefineClasses done

Events (20 events):
Event: 0.612 Loaded shared library C:\Program Files\Java\javafx-sdk-20.0.1\bin\ucrtbase.dll
Event: 0.613 Loaded shared library C:\Program Files\Java\javafx-sdk-20.0.1\bin\vcruntime140.dll
Event: 0.613 Loaded shared library C:\Program Files\Java\javafx-sdk-20.0.1\bin\vcruntime140_1.dll
Event: 0.614 Loaded shared library C:\Program Files\Java\javafx-sdk-20.0.1\bin\msvcp140.dll
Event: 0.615 Loaded shared library C:\Program Files\Java\javafx-sdk-20.0.1\bin\msvcp140_1.dll
Event: 0.616 Loaded shared library C:\Program Files\Java\javafx-sdk-20.0.1\bin\msvcp140_2.dll
Event: 0.651 Thread 0x00000139f92179a0 Thread added: 0x00000139f92179a0
Event: 0.658 Loaded shared library C:\Program Files\Java\javafx-sdk-20.0.1\bin\prism_d3d.dll
Event: 0.730 Loaded shared library C:\Program Files\Java\javafx-sdk-20.0.1\bin\glass.dll
Event: 0.731 Thread 0x00000139f91b79f0 Thread added: 0x00000139f91b79f0
Event: 0.734 Thread 0x00000139f934d730 Thread added: 0x00000139f934d730
Event: 0.859 Thread 0x00000139f9059130 Thread exited: 0x00000139f9059130
Event: 0.895 Thread 0x000001398015e2b0 Thread added: 0x000001398015e2b0
Event: 0.905 Thread 0x0000013980175640 Thread added: 0x0000013980175640
Event: 0.912 Thread 0x0000013980178660 Thread added: 0x0000013980178660
Event: 1.037 Thread 0x00000139806f6a60 Thread added: 0x00000139806f6a60
Event: 1.078 Loaded shared library C:\Program Files\Java\javafx-sdk-20.0.1\bin\javafx_iio.dll
Event: 1.162 Loaded shared library C:\Program Files\Java\javafx-sdk-20.0.1\bin\javafx_font.dll
Event: 2.762 Thread 0x00000139806f6a60 Thread exited: 0x00000139806f6a60
Event: 4.985 Thread 0x000001398015e2b0 Thread exited: 0x000001398015e2b0


Dynamic libraries:
0x00007ff6baa30000 - 0x00007ff6baa40000 	C:\Program Files\Java\jdk-18.0.2.1\bin\javaw.exe
0x00007ff953ae0000 - 0x00007ff953ce9000 	C:\WINDOWS\SYSTEM32\ntdll.dll
0x00007ff952a90000 - 0x00007ff952b4e000 	C:\WINDOWS\System32\KERNEL32.DLL
0x00007ff9510e0000 - 0x00007ff951464000 	C:\WINDOWS\System32\KERNELBASE.dll
0x00007ff951470000 - 0x00007ff951581000 	C:\WINDOWS\System32\ucrtbase.dll
0x00007ff93f780000 - 0x00007ff93f798000 	C:\Program Files\Java\jdk-18.0.2.1\bin\jli.dll
0x00007ff93ef20000 - 0x00007ff93ef3a000 	C:\Program Files\Java\jdk-18.0.2.1\bin\VCRUNTIME140.dll
0x00007ff951b60000 - 0x00007ff951c0f000 	C:\WINDOWS\System32\ADVAPI32.dll
0x00007ff951f20000 - 0x00007ff951fc3000 	C:\WINDOWS\System32\msvcrt.dll
0x00007ff951fd0000 - 0x00007ff95206e000 	C:\WINDOWS\System32\sechost.dll
0x00007ff951df0000 - 0x00007ff951f11000 	C:\WINDOWS\System32\RPCRT4.dll
0x00007ff9519b0000 - 0x00007ff951b5d000 	C:\WINDOWS\System32\USER32.dll
0x00007ff939c30000 - 0x00007ff939ed5000 	C:\WINDOWS\WinSxS\amd64_microsoft.windows.common-controls_6595b64144ccf1df_6.0.22000.120_none_9d947278b86cc467\COMCTL32.dll
0x00007ff951770000 - 0x00007ff951796000 	C:\WINDOWS\System32\win32u.dll
0x00007ff9532e0000 - 0x00007ff95330a000 	C:\WINDOWS\System32\GDI32.dll
0x00007ff9517a0000 - 0x00007ff9518bf000 	C:\WINDOWS\System32\gdi32full.dll
0x00007ff951590000 - 0x00007ff95162d000 	C:\WINDOWS\System32\msvcp_win.dll
0x00007ff94c4d0000 - 0x00007ff94c4da000 	C:\WINDOWS\SYSTEM32\VERSION.dll
0x00007ff9520d0000 - 0x00007ff952101000 	C:\WINDOWS\System32\IMM32.DLL
0x00007ff93faf0000 - 0x00007ff93fafc000 	C:\Program Files\Java\jdk-18.0.2.1\bin\vcruntime140_1.dll
0x00007ff9323c0000 - 0x00007ff93244d000 	C:\Program Files\Java\jdk-18.0.2.1\bin\msvcp140.dll
0x00007ff913e70000 - 0x00007ff914a81000 	C:\Program Files\Java\jdk-18.0.2.1\bin\server\jvm.dll
0x00007ff951de0000 - 0x00007ff951de8000 	C:\WINDOWS\System32\PSAPI.DLL
0x00007ff93f6f0000 - 0x00007ff93f723000 	C:\WINDOWS\SYSTEM32\WINMM.dll
0x00007ff94e3f0000 - 0x00007ff94e3f9000 	C:\WINDOWS\SYSTEM32\WSOCK32.dll
0x00007ff952ef0000 - 0x00007ff952f5f000 	C:\WINDOWS\System32\WS2_32.dll
0x00007ff94ff90000 - 0x00007ff94ffa8000 	C:\WINDOWS\SYSTEM32\kernel.appcore.dll
0x00007ff94e360000 - 0x00007ff94e36a000 	C:\Program Files\Java\jdk-18.0.2.1\bin\jimage.dll
0x00007ff93a200000 - 0x00007ff93a421000 	C:\WINDOWS\SYSTEM32\DBGHELP.DLL
0x00007ff93a020000 - 0x00007ff93a051000 	C:\WINDOWS\SYSTEM32\dbgcore.DLL
0x00007ff9516f0000 - 0x00007ff95176f000 	C:\WINDOWS\System32\bcryptPrimitives.dll
0x00007ff932380000 - 0x00007ff9323bb000 	C:\Program Files\Java\jdk-18.0.2.1\bin\jdwp.dll
0x00007ff93f590000 - 0x00007ff93f59e000 	C:\Program Files\Java\jdk-18.0.2.1\bin\instrument.dll
0x00007ff944050000 - 0x00007ff944075000 	C:\Program Files\Java\jdk-18.0.2.1\bin\java.dll
0x00007ff93dff0000 - 0x00007ff93e0c6000 	C:\Program Files\Java\jdk-18.0.2.1\bin\jsvml.dll
0x00007ff9522b0000 - 0x00007ff952a75000 	C:\WINDOWS\System32\SHELL32.dll
0x00007ff94eff0000 - 0x00007ff94f854000 	C:\WINDOWS\SYSTEM32\windows.storage.dll
0x00007ff952f60000 - 0x00007ff9532d6000 	C:\WINDOWS\System32\combase.dll
0x00007ff94ee80000 - 0x00007ff94efe7000 	C:\WINDOWS\SYSTEM32\wintypes.dll
0x00007ff952110000 - 0x00007ff9521fa000 	C:\WINDOWS\System32\SHCORE.dll
0x00007ff952070000 - 0x00007ff9520cd000 	C:\WINDOWS\System32\shlwapi.dll
0x00007ff950ea0000 - 0x00007ff950ec5000 	C:\WINDOWS\SYSTEM32\profapi.dll
0x00007ff944770000 - 0x00007ff944783000 	C:\Program Files\Java\jdk-18.0.2.1\bin\net.dll
0x00007ff94ba30000 - 0x00007ff94bb43000 	C:\WINDOWS\SYSTEM32\WINHTTP.dll
0x00007ff950430000 - 0x00007ff950497000 	C:\WINDOWS\system32\mswsock.dll
0x00007ff93f850000 - 0x00007ff93f866000 	C:\Program Files\Java\jdk-18.0.2.1\bin\nio.dll
0x00007ff93f830000 - 0x00007ff93f848000 	C:\Program Files\Java\jdk-18.0.2.1\bin\zip.dll
0x00007ff93e160000 - 0x00007ff93e16c000 	C:\Program Files\Java\jdk-18.0.2.1\bin\dt_socket.dll
0x00007ff94fab0000 - 0x00007ff94fadd000 	C:\WINDOWS\SYSTEM32\IPHLPAPI.DLL
0x00007ff94fb20000 - 0x00007ff94fc07000 	C:\WINDOWS\SYSTEM32\DNSAPI.dll
0x00007ff952bd0000 - 0x00007ff952bd9000 	C:\WINDOWS\System32\NSI.dll
0x00007ff948be0000 - 0x00007ff948bea000 	C:\Windows\System32\rasadhlp.dll
0x00007ff94a040000 - 0x00007ff94a0c2000 	C:\WINDOWS\System32\fwpuclnt.dll
0x00007ff945670000 - 0x00007ff945680000 	C:\Program Files\Java\jdk-18.0.2.1\bin\verify.dll
0x00000139f49c0000 - 0x00000139f49c3000 	C:\Program Files\Java\javafx-sdk-20.0.1\bin\api-ms-win-core-console-l1-1-0.dll
0x00000139f49d0000 - 0x00000139f49d3000 	C:\Program Files\Java\javafx-sdk-20.0.1\bin\api-ms-win-core-console-l1-2-0.dll
0x00000139f49e0000 - 0x00000139f49e3000 	C:\Program Files\Java\javafx-sdk-20.0.1\bin\api-ms-win-core-datetime-l1-1-0.dll
0x00000139f49f0000 - 0x00000139f49f3000 	C:\Program Files\Java\javafx-sdk-20.0.1\bin\api-ms-win-core-debug-l1-1-0.dll
0x00000139f4a00000 - 0x00000139f4a03000 	C:\Program Files\Java\javafx-sdk-20.0.1\bin\api-ms-win-core-errorhandling-l1-1-0.dll
0x00000139f4a10000 - 0x00000139f4a14000 	C:\Program Files\Java\javafx-sdk-20.0.1\bin\api-ms-win-core-file-l1-1-0.dll
0x00000139f4a20000 - 0x00000139f4a23000 	C:\Program Files\Java\javafx-sdk-20.0.1\bin\api-ms-win-core-file-l1-2-0.dll
0x00000139f4a30000 - 0x00000139f4a33000 	C:\Program Files\Java\javafx-sdk-20.0.1\bin\api-ms-win-core-file-l2-1-0.dll
0x00000139f4a40000 - 0x00000139f4a43000 	C:\Program Files\Java\javafx-sdk-20.0.1\bin\api-ms-win-core-handle-l1-1-0.dll
0x00000139f4a50000 - 0x00000139f4a53000 	C:\Program Files\Java\javafx-sdk-20.0.1\bin\api-ms-win-core-heap-l1-1-0.dll
0x00000139f4a60000 - 0x00000139f4a63000 	C:\Program Files\Java\javafx-sdk-20.0.1\bin\api-ms-win-core-interlocked-l1-1-0.dll
0x00000139f4a70000 - 0x00000139f4a73000 	C:\Program Files\Java\javafx-sdk-20.0.1\bin\api-ms-win-core-libraryloader-l1-1-0.dll
0x00000139f4a80000 - 0x00000139f4a83000 	C:\Program Files\Java\javafx-sdk-20.0.1\bin\api-ms-win-core-localization-l1-2-0.dll
0x00000139f4a90000 - 0x00000139f4a93000 	C:\Program Files\Java\javafx-sdk-20.0.1\bin\api-ms-win-core-memory-l1-1-0.dll
0x00000139f4aa0000 - 0x00000139f4aa3000 	C:\Program Files\Java\javafx-sdk-20.0.1\bin\api-ms-win-core-namedpipe-l1-1-0.dll
0x00000139f4ab0000 - 0x00000139f4ab3000 	C:\Program Files\Java\javafx-sdk-20.0.1\bin\api-ms-win-core-processenvironment-l1-1-0.dll
0x00000139f4ac0000 - 0x00000139f4ac3000 	C:\Program Files\Java\javafx-sdk-20.0.1\bin\api-ms-win-core-processthreads-l1-1-0.dll
0x00000139f4ad0000 - 0x00000139f4ad3000 	C:\Program Files\Java\javafx-sdk-20.0.1\bin\api-ms-win-core-processthreads-l1-1-1.dll
0x00000139f4ae0000 - 0x00000139f4ae3000 	C:\Program Files\Java\javafx-sdk-20.0.1\bin\api-ms-win-core-profile-l1-1-0.dll
0x00000139f4af0000 - 0x00000139f4af3000 	C:\Program Files\Java\javafx-sdk-20.0.1\bin\api-ms-win-core-rtlsupport-l1-1-0.dll
0x00000139f4b00000 - 0x00000139f4b03000 	C:\Program Files\Java\javafx-sdk-20.0.1\bin\api-ms-win-core-string-l1-1-0.dll
0x00000139f4b10000 - 0x00000139f4b13000 	C:\Program Files\Java\javafx-sdk-20.0.1\bin\api-ms-win-core-synch-l1-1-0.dll
0x00000139f4b20000 - 0x00000139f4b23000 	C:\Program Files\Java\javafx-sdk-20.0.1\bin\api-ms-win-core-synch-l1-2-0.dll
0x00000139f4b30000 - 0x00000139f4b33000 	C:\Program Files\Java\javafx-sdk-20.0.1\bin\api-ms-win-core-sysinfo-l1-1-0.dll
0x00000139f4b40000 - 0x00000139f4b43000 	C:\Program Files\Java\javafx-sdk-20.0.1\bin\api-ms-win-core-timezone-l1-1-0.dll
0x00000139f4b50000 - 0x00000139f4b53000 	C:\Program Files\Java\javafx-sdk-20.0.1\bin\api-ms-win-core-util-l1-1-0.dll
0x00000139f4b60000 - 0x00000139f4b63000 	C:\Program Files\Java\javafx-sdk-20.0.1\bin\api-ms-win-crt-conio-l1-1-0.dll
0x00000139f4b70000 - 0x00000139f4b74000 	C:\Program Files\Java\javafx-sdk-20.0.1\bin\api-ms-win-crt-convert-l1-1-0.dll
0x00000139f4b80000 - 0x00000139f4b83000 	C:\Program Files\Java\javafx-sdk-20.0.1\bin\api-ms-win-crt-environment-l1-1-0.dll
0x00000139f4b90000 - 0x00000139f4b93000 	C:\Program Files\Java\javafx-sdk-20.0.1\bin\api-ms-win-crt-filesystem-l1-1-0.dll
0x00000139f4ba0000 - 0x00000139f4ba3000 	C:\Program Files\Java\javafx-sdk-20.0.1\bin\api-ms-win-crt-heap-l1-1-0.dll
0x00000139f4bb0000 - 0x00000139f4bb3000 	C:\Program Files\Java\javafx-sdk-20.0.1\bin\api-ms-win-crt-locale-l1-1-0.dll
0x00000139f4bc0000 - 0x00000139f4bc5000 	C:\Program Files\Java\javafx-sdk-20.0.1\bin\api-ms-win-crt-math-l1-1-0.dll
0x00000139f4bd0000 - 0x00000139f4bd5000 	C:\Program Files\Java\javafx-sdk-20.0.1\bin\api-ms-win-crt-multibyte-l1-1-0.dll
0x00000139f4be0000 - 0x00000139f4bf0000 	C:\Program Files\Java\javafx-sdk-20.0.1\bin\api-ms-win-crt-private-l1-1-0.dll
0x00000139f4bf0000 - 0x00000139f4bf3000 	C:\Program Files\Java\javafx-sdk-20.0.1\bin\api-ms-win-crt-process-l1-1-0.dll
0x00000139f9b40000 - 0x00000139f9b44000 	C:\Program Files\Java\javafx-sdk-20.0.1\bin\api-ms-win-crt-runtime-l1-1-0.dll
0x00000139f9b50000 - 0x00000139f9b54000 	C:\Program Files\Java\javafx-sdk-20.0.1\bin\api-ms-win-crt-stdio-l1-1-0.dll
0x00000139f9b60000 - 0x00000139f9b64000 	C:\Program Files\Java\javafx-sdk-20.0.1\bin\api-ms-win-crt-string-l1-1-0.dll
0x00000139f9b70000 - 0x00000139f9b73000 	C:\Program Files\Java\javafx-sdk-20.0.1\bin\api-ms-win-crt-time-l1-1-0.dll
0x00000139f9b80000 - 0x00000139f9b83000 	C:\Program Files\Java\javafx-sdk-20.0.1\bin\api-ms-win-crt-utility-l1-1-0.dll
0x00007ff922bf0000 - 0x00007ff922cec000 	C:\Program Files\Java\javafx-sdk-20.0.1\bin\ucrtbase.dll
0x00007ff93deb0000 - 0x00007ff93decb000 	C:\Program Files\Java\javafx-sdk-20.0.1\bin\vcruntime140.dll
0x00007ff93e150000 - 0x00007ff93e15c000 	C:\Program Files\Java\javafx-sdk-20.0.1\bin\vcruntime140_1.dll
0x00007ff922940000 - 0x00007ff9229ce000 	C:\Program Files\Java\javafx-sdk-20.0.1\bin\msvcp140.dll
0x00007ff93c420000 - 0x00007ff93c429000 	C:\Program Files\Java\javafx-sdk-20.0.1\bin\msvcp140_1.dll
0x00007ff932350000 - 0x00007ff932380000 	C:\Program Files\Java\javafx-sdk-20.0.1\bin\msvcp140_2.dll
0x00007ff932320000 - 0x00007ff93234f000 	C:\Program Files\Java\javafx-sdk-20.0.1\bin\prism_d3d.dll
0x00007ff926eb0000 - 0x00007ff927056000 	C:\WINDOWS\system32\d3d9.dll
0x00007ff94ea90000 - 0x00007ff94eabf000 	C:\WINDOWS\SYSTEM32\dwmapi.dll
0x00007ff94e710000 - 0x00007ff94e748000 	C:\WINDOWS\SYSTEM32\dxcore.dll
0x00007ff94e610000 - 0x00007ff94e6bc000 	C:\WINDOWS\system32\uxtheme.dll
0x00007ff945160000 - 0x00007ff94521c000 	C:\WINDOWS\System32\DriverStore\FileRepository\nv_dispig.inf_amd64_3df97ebff5865c42\nvldumdx.dll
0x00007ff950750000 - 0x00007ff950762000 	C:\WINDOWS\SYSTEM32\msasn1.dll
0x00007ff948690000 - 0x00007ff9486c1000 	C:\WINDOWS\SYSTEM32\cryptnet.dll
0x00007ff950f70000 - 0x00007ff9510da000 	C:\WINDOWS\System32\CRYPT32.dll
0x00007ff947a60000 - 0x00007ff947bb1000 	C:\WINDOWS\SYSTEM32\drvstore.dll
0x00007ff950b90000 - 0x00007ff950bc3000 	C:\WINDOWS\SYSTEM32\devobj.dll
0x00007ff950b40000 - 0x00007ff950b8c000 	C:\WINDOWS\SYSTEM32\cfgmgr32.dll
0x00007ff9506b0000 - 0x00007ff9506ef000 	C:\WINDOWS\SYSTEM32\wldp.dll
0x00007ff950620000 - 0x00007ff95062c000 	C:\WINDOWS\SYSTEM32\cryptbase.dll
0x00007ff9518c0000 - 0x00007ff951927000 	C:\WINDOWS\System32\wintrust.dll
0x00007ff952b50000 - 0x00007ff952b6f000 	C:\WINDOWS\System32\imagehlp.dll
0x00007ff950700000 - 0x00007ff950718000 	C:\WINDOWS\SYSTEM32\CRYPTSP.dll
0x00007ff94fef0000 - 0x00007ff94ff25000 	C:\WINDOWS\system32\rsaenh.dll
0x00007ff950850000 - 0x00007ff950877000 	C:\WINDOWS\SYSTEM32\bcrypt.dll
0x00007ff8e48d0000 - 0x00007ff8e71f2000 	C:\WINDOWS\System32\DriverStore\FileRepository\nv_dispig.inf_amd64_3df97ebff5865c42\nvd3dumx.dll
0x00007ff94b9e0000 - 0x00007ff94ba24000 	C:\WINDOWS\SYSTEM32\directxdatabasehelper.dll
0x00007ff94ffb0000 - 0x00007ff94ffe4000 	C:\WINDOWS\SYSTEM32\ntmarta.dll
0x00007ff922ba0000 - 0x00007ff922be2000 	C:\Program Files\Java\javafx-sdk-20.0.1\bin\glass.dll
0x00007ff9539b0000 - 0x00007ff953a9c000 	C:\WINDOWS\System32\COMDLG32.dll
0x00007ff951c40000 - 0x00007ff951dda000 	C:\WINDOWS\System32\ole32.dll
0x00007ff952da0000 - 0x00007ff952e76000 	C:\WINDOWS\System32\OLEAUT32.dll
0x00007ff9533a0000 - 0x00007ff9534bd000 	C:\WINDOWS\System32\MSCTF.dll

dbghelp: loaded successfully - version: 4.0.5 - missing functions: none
symbol engine: initialized successfully - sym options: 0x614 - pdb path: .;C:\Program Files\Java\jdk-18.0.2.1\bin;C:\WINDOWS\SYSTEM32;C:\WINDOWS\WinSxS\amd64_microsoft.windows.common-controls_6595b64144ccf1df_6.0.22000.120_none_9d947278b86cc467;C:\Program Files\Java\jdk-18.0.2.1\bin\server;C:\Program Files\Java\javafx-sdk-20.0.1\bin;C:\WINDOWS\System32\DriverStore\FileRepository\nv_dispig.inf_amd64_3df97ebff5865c42

VM Arguments:
jvm_args: -XX:+ShowCodeDetailsInExceptionMessages -agentlib:jdwp=transport=dt_socket,suspend=y,address=localhost:50563 -javaagent:C:\Users\Diniz\eclipse\java-2022-06\eclipse\configuration\org.eclipse.osgi\215\0\.cp\lib\javaagent-shaded.jar -Dfile.encoding=UTF-8 --module-path=C:\Users\Diniz\eclipse-workspace\TrabalhoFinalLP2\bin;C:\Program Files\Java\javafx-sdk-20.0.1\lib\javafx-swt.jar;C:\Program Files\Java\javafx-sdk-20.0.1\lib\javafx.base.jar;C:\Program Files\Java\javafx-sdk-20.0.1\lib\javafx.controls.jar;C:\Program Files\Java\javafx-sdk-20.0.1\lib\javafx.fxml.jar;C:\Program Files\Java\javafx-sdk-20.0.1\lib\javafx.graphics.jar;C:\Program Files\Java\javafx-sdk-20.0.1\lib\javafx.media.jar;C:\Program Files\Java\javafx-sdk-20.0.1\lib\javafx.swing.jar;C:\Program Files\Java\javafx-sdk-20.0.1\lib\javafx.web.jar;C:\Users\Diniz\.p2\pool\plugins\org.eclipse.fx.ide.css.jfx8_3.8.0.202204150904.jar -Djdk.module.main=TrabalhoFinalLP2 
java_command: TrabalhoFinalLP2/application.Main
java_class_path (initial): <not set>
Launcher Type: SUN_STANDARD

[Global flags]
     intx CICompilerCount                          = 4                                         {product} {ergonomic}
     uint ConcGCThreads                            = 3                                         {product} {ergonomic}
     uint G1ConcRefinementThreads                  = 10                                        {product} {ergonomic}
   size_t G1HeapRegionSize                         = 2097152                                   {product} {ergonomic}
    uintx GCDrainStackTargetSize                   = 64                                        {product} {ergonomic}
   size_t InitialHeapSize                          = 268435456                                 {product} {ergonomic}
   size_t MarkStackSize                            = 4194304                                   {product} {ergonomic}
   size_t MaxHeapSize                              = 4282384384                                {product} {ergonomic}
   size_t MaxNewSize                               = 2569011200                                {product} {ergonomic}
   size_t MinHeapDeltaBytes                        = 2097152                                   {product} {ergonomic}
   size_t MinHeapSize                              = 8388608                                   {product} {ergonomic}
    uintx NonNMethodCodeHeapSize                   = 5839372                                {pd product} {ergonomic}
    uintx NonProfiledCodeHeapSize                  = 122909434                              {pd product} {ergonomic}
    uintx ProfiledCodeHeapSize                     = 122909434                              {pd product} {ergonomic}
    uintx ReservedCodeCacheSize                    = 251658240                              {pd product} {ergonomic}
     bool SegmentedCodeCache                       = true                                      {product} {ergonomic}
     bool ShowCodeDetailsInExceptionMessages       = true                                   {manageable} {command line}
   size_t SoftMaxHeapSize                          = 4282384384                             {manageable} {ergonomic}
     bool UseCompressedClassPointers               = true                           {product lp64_product} {ergonomic}
     bool UseCompressedOops                        = true                           {product lp64_product} {ergonomic}
     bool UseG1GC                                  = true                                      {product} {ergonomic}
     bool UseLargePagesIndividualAllocation        = false                                  {pd product} {ergonomic}

Logging:
Log output configuration:
 #0: stdout all=warning uptime,level,tags foldmultilines=false
 #1: stderr all=off uptime,level,tags foldmultilines=false

Environment Variables:
PATH=C:/Program Files/Java/jdk-18.0.2.1/bin/server;C:/Program Files/Java/jdk-18.0.2.1/bin;C:\Program Files\Common Files\Oracle\Java\javapath;C:\Program Files (x86)\Common Files\Oracle\Java\javapath;C:\WINDOWS\system32;C:\WINDOWS;C:\WINDOWS\System32\Wbem;C:\WINDOWS\System32\WindowsPowerShell\v1.0\;C:\WINDOWS\System32\OpenSSH\;C:\Program Files\Git\cmd;C:\Program Files\NVIDIA Corporation\NVIDIA NvDLISR;C:\Program Files (x86)\NVIDIA Corporation\PhysX\Common;C:\WINDOWS\system32;C:\WINDOWS;C:\WINDOWS\System32\Wbem;C:\WINDOWS\System32\WindowsPowerShell\v1.0\;C:\WINDOWS\System32\OpenSSH\;C:\Program Files\nodejs\;C:\\MinGW\bin;C:\ProgramData\chocolatey\bin;C:\Users\Diniz\Pictures\cmake-3.23.1-windows-x86_64\cmake-3.23.1-windows-x86_64\bin;C:\Users\Diniz\Music\gp550-20220409-win64-mingw\gnuplot\bin;C:\Program Files (x86)\Vim\vim82;C:\Program Files\PowerShell\7\;C:\Users\Diniz\AppData\Local\Microsoft\WindowsApps;;C:\Users\Diniz\AppData\Roaming\npm;C:\Users\Diniz\AppData\Local\Programs\Microsoft VS Code\bin;C:\Users\Diniz\Desktop;
USERNAME=Diniz
OS=Windows_NT
PROCESSOR_IDENTIFIER=AMD64 Family 23 Model 8 Stepping 2, AuthenticAMD



---------------  S Y S T E M  ---------------

OS:
 Windows 11 , 64 bit Build 22000 (10.0.22000.2121)
OS uptime: 1 days 12:22 hours
Hyper-V role detected

CPU: total 12 (initial active 12) (12 cores per cpu, 2 threads per core) family 23 model 8 stepping 2 microcode 0x0, cx8, cmov, fxsr, ht, mmx, 3dnowpref, sse, sse2, sse3, ssse3, sse4a, sse4.1, sse4.2, popcnt, lzcnt, tsc, tscinvbit, avx, avx2, aes, clmul, bmi1, bmi2, adx, sha, fma, vzeroupper, clflush, clflushopt, hv

Memory: 4k page, system-wide physical 16333M (3842M free)
TotalPageFile size 35682M (AvailPageFile size 2M)
current process WorkingSet (physical memory assigned to process): 130M, peak: 179M
current process commit charge ("private bytes"): 402M, peak: 450M

vm_info: Java HotSpot(TM) 64-Bit Server VM (18.0.2.1+1-1) for windows-amd64 JRE (18.0.2.1+1-1), built on Aug 16 2022 01:46:33 by "mach5one" with MS VC++ 16.8 / 16.9 (VS2019)

END.
